[0.555s] Invoking command in '/home/luke/Projects/robots/ros-meal-prep/src/joy_stick_pkg': PYTHONPATH=/home/luke/Projects/robots/ros-meal-prep/build/joy_stick_pkg/prefix_override:/usr/lib/python3/dist-packages/colcon_core/task/python/colcon_distutils_commands:/home/luke/Projects/robots/ros-meal-prep/install/joy_stick_pkg/lib/python3.10/site-packages: /usr/bin/python3 -W ignore:setup.py install is deprecated -W ignore:easy_install command is deprecated setup.py egg_info --egg-base ../../build/joy_stick_pkg build --build-base /home/luke/Projects/robots/ros-meal-prep/build/joy_stick_pkg/build install --record /home/luke/Projects/robots/ros-meal-prep/build/joy_stick_pkg/install.log --single-version-externally-managed install_data
[0.676s] running egg_info
[0.676s] creating ../../build/joy_stick_pkg/joy_stick_pkg.egg-info
[0.676s] writing ../../build/joy_stick_pkg/joy_stick_pkg.egg-info/PKG-INFO
[0.676s] writing dependency_links to ../../build/joy_stick_pkg/joy_stick_pkg.egg-info/dependency_links.txt
[0.676s] writing entry points to ../../build/joy_stick_pkg/joy_stick_pkg.egg-info/entry_points.txt
[0.676s] writing requirements to ../../build/joy_stick_pkg/joy_stick_pkg.egg-info/requires.txt
[0.676s] writing top-level names to ../../build/joy_stick_pkg/joy_stick_pkg.egg-info/top_level.txt
[0.676s] writing manifest file '../../build/joy_stick_pkg/joy_stick_pkg.egg-info/SOURCES.txt'
[0.677s] reading manifest file '../../build/joy_stick_pkg/joy_stick_pkg.egg-info/SOURCES.txt'
[0.677s] adding license file 'LICENSE'
[0.678s] writing manifest file '../../build/joy_stick_pkg/joy_stick_pkg.egg-info/SOURCES.txt'
[0.678s] running build
[0.678s] running build_py
[0.678s] creating /home/luke/Projects/robots/ros-meal-prep/build/joy_stick_pkg/build
[0.678s] creating /home/luke/Projects/robots/ros-meal-prep/build/joy_stick_pkg/build/lib
[0.678s] creating /home/luke/Projects/robots/ros-meal-prep/build/joy_stick_pkg/build/lib/joy_stick_pkg
[0.678s] copying joy_stick_pkg/joyStick.py -> /home/luke/Projects/robots/ros-meal-prep/build/joy_stick_pkg/build/lib/joy_stick_pkg
[0.678s] copying joy_stick_pkg/__init__.py -> /home/luke/Projects/robots/ros-meal-prep/build/joy_stick_pkg/build/lib/joy_stick_pkg
[0.678s] running install
[0.678s] running install_lib
[0.679s] creating /home/luke/Projects/robots/ros-meal-prep/install/joy_stick_pkg/lib/python3.10/site-packages/joy_stick_pkg
[0.679s] copying /home/luke/Projects/robots/ros-meal-prep/build/joy_stick_pkg/build/lib/joy_stick_pkg/joyStick.py -> /home/luke/Projects/robots/ros-meal-prep/install/joy_stick_pkg/lib/python3.10/site-packages/joy_stick_pkg
[0.679s] copying /home/luke/Projects/robots/ros-meal-prep/build/joy_stick_pkg/build/lib/joy_stick_pkg/__init__.py -> /home/luke/Projects/robots/ros-meal-prep/install/joy_stick_pkg/lib/python3.10/site-packages/joy_stick_pkg
[0.679s] byte-compiling /home/luke/Projects/robots/ros-meal-prep/install/joy_stick_pkg/lib/python3.10/site-packages/joy_stick_pkg/joyStick.py to joyStick.cpython-310.pyc
[0.680s] byte-compiling /home/luke/Projects/robots/ros-meal-prep/install/joy_stick_pkg/lib/python3.10/site-packages/joy_stick_pkg/__init__.py to __init__.cpython-310.pyc
[0.680s] running install_data
[0.680s] creating /home/luke/Projects/robots/ros-meal-prep/install/joy_stick_pkg/share/ament_index
[0.680s] creating /home/luke/Projects/robots/ros-meal-prep/install/joy_stick_pkg/share/ament_index/resource_index
[0.680s] creating /home/luke/Projects/robots/ros-meal-prep/install/joy_stick_pkg/share/ament_index/resource_index/packages
[0.680s] copying resource/joy_stick_pkg -> /home/luke/Projects/robots/ros-meal-prep/install/joy_stick_pkg/share/ament_index/resource_index/packages
[0.680s] copying package.xml -> /home/luke/Projects/robots/ros-meal-prep/install/joy_stick_pkg/share/joy_stick_pkg
[0.680s] running install_egg_info
[0.681s] Copying ../../build/joy_stick_pkg/joy_stick_pkg.egg-info to /home/luke/Projects/robots/ros-meal-prep/install/joy_stick_pkg/lib/python3.10/site-packages/joy_stick_pkg-0.0.0-py3.10.egg-info
[0.682s] running install_scripts
[0.694s] Installing joyStick script to /home/luke/Projects/robots/ros-meal-prep/install/joy_stick_pkg/lib/joy_stick_pkg
[0.694s] Installing stepper script to /home/luke/Projects/robots/ros-meal-prep/install/joy_stick_pkg/lib/joy_stick_pkg
[0.694s] writing list of installed files to '/home/luke/Projects/robots/ros-meal-prep/build/joy_stick_pkg/install.log'
[0.716s] Invoked command in '/home/luke/Projects/robots/ros-meal-prep/src/joy_stick_pkg' returned '0': PYTHONPATH=/home/luke/Projects/robots/ros-meal-prep/build/joy_stick_pkg/prefix_override:/usr/lib/python3/dist-packages/colcon_core/task/python/colcon_distutils_commands:/home/luke/Projects/robots/ros-meal-prep/install/joy_stick_pkg/lib/python3.10/site-packages: /usr/bin/python3 -W ignore:setup.py install is deprecated -W ignore:easy_install command is deprecated setup.py egg_info --egg-base ../../build/joy_stick_pkg build --build-base /home/luke/Projects/robots/ros-meal-prep/build/joy_stick_pkg/build install --record /home/luke/Projects/robots/ros-meal-prep/build/joy_stick_pkg/install.log --single-version-externally-managed install_data
