[0.676s] Invoking command in '/home/luke/Projects/robots/ros-meal-prep/src/painting_pkg': PYTHONPATH=/home/luke/Projects/robots/ros-meal-prep/build/painting_pkg/prefix_override:/usr/lib/python3/dist-packages/colcon_core/task/python/colcon_distutils_commands:/home/luke/Projects/robots/ros-meal-prep/install/painting_pkg/lib/python3.10/site-packages: /usr/bin/python3 -W ignore:setup.py install is deprecated -W ignore:easy_install command is deprecated setup.py egg_info --egg-base ../../build/painting_pkg build --build-base /home/luke/Projects/robots/ros-meal-prep/build/painting_pkg/build install --record /home/luke/Projects/robots/ros-meal-prep/build/painting_pkg/install.log --single-version-externally-managed install_data
[0.782s] running egg_info
[0.782s] writing ../../build/painting_pkg/painting_pkg.egg-info/PKG-INFO
[0.782s] writing dependency_links to ../../build/painting_pkg/painting_pkg.egg-info/dependency_links.txt
[0.782s] writing entry points to ../../build/painting_pkg/painting_pkg.egg-info/entry_points.txt
[0.782s] writing requirements to ../../build/painting_pkg/painting_pkg.egg-info/requires.txt
[0.783s] writing top-level names to ../../build/painting_pkg/painting_pkg.egg-info/top_level.txt
[0.783s] reading manifest file '../../build/painting_pkg/painting_pkg.egg-info/SOURCES.txt'
[0.784s] adding license file 'LICENSE'
[0.784s] writing manifest file '../../build/painting_pkg/painting_pkg.egg-info/SOURCES.txt'
[0.784s] running build
[0.784s] running build_py
[0.784s] copying painting_pkg/painting_node.py -> /home/luke/Projects/robots/ros-meal-prep/build/painting_pkg/build/lib/painting_pkg
[0.785s] running install
[0.785s] running install_lib
[0.785s] copying /home/luke/Projects/robots/ros-meal-prep/build/painting_pkg/build/lib/painting_pkg/painting_node.py -> /home/luke/Projects/robots/ros-meal-prep/install/painting_pkg/lib/python3.10/site-packages/painting_pkg
[0.786s] byte-compiling /home/luke/Projects/robots/ros-meal-prep/install/painting_pkg/lib/python3.10/site-packages/painting_pkg/painting_node.py to painting_node.cpython-310.pyc
[0.786s] running install_data
[0.786s] running install_egg_info
[0.787s] removing '/home/luke/Projects/robots/ros-meal-prep/install/painting_pkg/lib/python3.10/site-packages/painting_pkg-0.0.0-py3.10.egg-info' (and everything under it)
[0.787s] Copying ../../build/painting_pkg/painting_pkg.egg-info to /home/luke/Projects/robots/ros-meal-prep/install/painting_pkg/lib/python3.10/site-packages/painting_pkg-0.0.0-py3.10.egg-info
[0.788s] running install_scripts
[0.801s] Installing painting_node script to /home/luke/Projects/robots/ros-meal-prep/install/painting_pkg/lib/painting_pkg
[0.802s] writing list of installed files to '/home/luke/Projects/robots/ros-meal-prep/build/painting_pkg/install.log'
[0.832s] Invoked command in '/home/luke/Projects/robots/ros-meal-prep/src/painting_pkg' returned '0': PYTHONPATH=/home/luke/Projects/robots/ros-meal-prep/build/painting_pkg/prefix_override:/usr/lib/python3/dist-packages/colcon_core/task/python/colcon_distutils_commands:/home/luke/Projects/robots/ros-meal-prep/install/painting_pkg/lib/python3.10/site-packages: /usr/bin/python3 -W ignore:setup.py install is deprecated -W ignore:easy_install command is deprecated setup.py egg_info --egg-base ../../build/painting_pkg build --build-base /home/luke/Projects/robots/ros-meal-prep/build/painting_pkg/build install --record /home/luke/Projects/robots/ros-meal-prep/build/painting_pkg/install.log --single-version-externally-managed install_data
