[1.003s] Invoking command in '/home/luke/Projects/robots/ros-meal-prep/src/image_processing_pkg': PYTHONPATH=/home/luke/Projects/robots/ros-meal-prep/build/image_processing_pkg/prefix_override:/usr/lib/python3/dist-packages/colcon_core/task/python/colcon_distutils_commands:/home/luke/Projects/robots/ros-meal-prep/install/image_processing_pkg/lib/python3.10/site-packages:${PYTHONPATH} /usr/bin/python3 -W ignore:setup.py install is deprecated -W ignore:easy_install command is deprecated setup.py egg_info --egg-base ../../build/image_processing_pkg build --build-base /home/luke/Projects/robots/ros-meal-prep/build/image_processing_pkg/build install --record /home/luke/Projects/robots/ros-meal-prep/build/image_processing_pkg/install.log --single-version-externally-managed install_data
[1.143s] running egg_info
[1.143s] creating ../../build/image_processing_pkg/image_processing_pkg.egg-info
[1.151s] writing ../../build/image_processing_pkg/image_processing_pkg.egg-info/PKG-INFO
[1.151s] writing dependency_links to ../../build/image_processing_pkg/image_processing_pkg.egg-info/dependency_links.txt
[1.151s] writing entry points to ../../build/image_processing_pkg/image_processing_pkg.egg-info/entry_points.txt
[1.151s] writing requirements to ../../build/image_processing_pkg/image_processing_pkg.egg-info/requires.txt
[1.151s] writing top-level names to ../../build/image_processing_pkg/image_processing_pkg.egg-info/top_level.txt
[1.151s] writing manifest file '../../build/image_processing_pkg/image_processing_pkg.egg-info/SOURCES.txt'
[1.168s] reading manifest file '../../build/image_processing_pkg/image_processing_pkg.egg-info/SOURCES.txt'
[1.168s] adding license file 'LICENSE'
[1.169s] writing manifest file '../../build/image_processing_pkg/image_processing_pkg.egg-info/SOURCES.txt'
[1.169s] running build
[1.169s] running build_py
[1.169s] creating /home/luke/Projects/robots/ros-meal-prep/build/image_processing_pkg/build
[1.169s] creating /home/luke/Projects/robots/ros-meal-prep/build/image_processing_pkg/build/lib
[1.169s] creating /home/luke/Projects/robots/ros-meal-prep/build/image_processing_pkg/build/lib/image_processing_pkg
[1.169s] copying image_processing_pkg/stroke_mapping.py -> /home/luke/Projects/robots/ros-meal-prep/build/image_processing_pkg/build/lib/image_processing_pkg
[1.170s] copying image_processing_pkg/image_processing_node.py -> /home/luke/Projects/robots/ros-meal-prep/build/image_processing_pkg/build/lib/image_processing_pkg
[1.170s] copying image_processing_pkg/scaling.py -> /home/luke/Projects/robots/ros-meal-prep/build/image_processing_pkg/build/lib/image_processing_pkg
[1.170s] copying image_processing_pkg/drawing.py -> /home/luke/Projects/robots/ros-meal-prep/build/image_processing_pkg/build/lib/image_processing_pkg
[1.170s] copying image_processing_pkg/image_processor.py -> /home/luke/Projects/robots/ros-meal-prep/build/image_processing_pkg/build/lib/image_processing_pkg
[1.170s] copying image_processing_pkg/config.py -> /home/luke/Projects/robots/ros-meal-prep/build/image_processing_pkg/build/lib/image_processing_pkg
[1.170s] copying image_processing_pkg/__init__.py -> /home/luke/Projects/robots/ros-meal-prep/build/image_processing_pkg/build/lib/image_processing_pkg
[1.170s] running install
[1.174s] running install_lib
[1.182s] creating /home/luke/Projects/robots/ros-meal-prep/install/image_processing_pkg/lib/python3.10/site-packages/image_processing_pkg
[1.182s] copying /home/luke/Projects/robots/ros-meal-prep/build/image_processing_pkg/build/lib/image_processing_pkg/stroke_mapping.py -> /home/luke/Projects/robots/ros-meal-prep/install/image_processing_pkg/lib/python3.10/site-packages/image_processing_pkg
[1.182s] copying /home/luke/Projects/robots/ros-meal-prep/build/image_processing_pkg/build/lib/image_processing_pkg/image_processing_node.py -> /home/luke/Projects/robots/ros-meal-prep/install/image_processing_pkg/lib/python3.10/site-packages/image_processing_pkg
[1.183s] copying /home/luke/Projects/robots/ros-meal-prep/build/image_processing_pkg/build/lib/image_processing_pkg/scaling.py -> /home/luke/Projects/robots/ros-meal-prep/install/image_processing_pkg/lib/python3.10/site-packages/image_processing_pkg
[1.183s] copying /home/luke/Projects/robots/ros-meal-prep/build/image_processing_pkg/build/lib/image_processing_pkg/drawing.py -> /home/luke/Projects/robots/ros-meal-prep/install/image_processing_pkg/lib/python3.10/site-packages/image_processing_pkg
[1.183s] copying /home/luke/Projects/robots/ros-meal-prep/build/image_processing_pkg/build/lib/image_processing_pkg/image_processor.py -> /home/luke/Projects/robots/ros-meal-prep/install/image_processing_pkg/lib/python3.10/site-packages/image_processing_pkg
[1.183s] copying /home/luke/Projects/robots/ros-meal-prep/build/image_processing_pkg/build/lib/image_processing_pkg/config.py -> /home/luke/Projects/robots/ros-meal-prep/install/image_processing_pkg/lib/python3.10/site-packages/image_processing_pkg
[1.183s] copying /home/luke/Projects/robots/ros-meal-prep/build/image_processing_pkg/build/lib/image_processing_pkg/__init__.py -> /home/luke/Projects/robots/ros-meal-prep/install/image_processing_pkg/lib/python3.10/site-packages/image_processing_pkg
[1.183s] byte-compiling /home/luke/Projects/robots/ros-meal-prep/install/image_processing_pkg/lib/python3.10/site-packages/image_processing_pkg/stroke_mapping.py to stroke_mapping.cpython-310.pyc
[1.184s] byte-compiling /home/luke/Projects/robots/ros-meal-prep/install/image_processing_pkg/lib/python3.10/site-packages/image_processing_pkg/image_processing_node.py to image_processing_node.cpython-310.pyc
[1.184s] byte-compiling /home/luke/Projects/robots/ros-meal-prep/install/image_processing_pkg/lib/python3.10/site-packages/image_processing_pkg/scaling.py to scaling.cpython-310.pyc
[1.185s] byte-compiling /home/luke/Projects/robots/ros-meal-prep/install/image_processing_pkg/lib/python3.10/site-packages/image_processing_pkg/drawing.py to drawing.cpython-310.pyc
[1.185s] byte-compiling /home/luke/Projects/robots/ros-meal-prep/install/image_processing_pkg/lib/python3.10/site-packages/image_processing_pkg/image_processor.py to image_processor.cpython-310.pyc
[1.186s] byte-compiling /home/luke/Projects/robots/ros-meal-prep/install/image_processing_pkg/lib/python3.10/site-packages/image_processing_pkg/config.py to config.cpython-310.pyc
[1.186s] byte-compiling /home/luke/Projects/robots/ros-meal-prep/install/image_processing_pkg/lib/python3.10/site-packages/image_processing_pkg/__init__.py to __init__.cpython-310.pyc
[1.186s] running install_data
[1.186s] creating /home/luke/Projects/robots/ros-meal-prep/install/image_processing_pkg/share/ament_index
[1.186s] creating /home/luke/Projects/robots/ros-meal-prep/install/image_processing_pkg/share/ament_index/resource_index
[1.187s] creating /home/luke/Projects/robots/ros-meal-prep/install/image_processing_pkg/share/ament_index/resource_index/packages
[1.187s] copying resource/image_processing_pkg -> /home/luke/Projects/robots/ros-meal-prep/install/image_processing_pkg/share/ament_index/resource_index/packages
[1.187s] copying package.xml -> /home/luke/Projects/robots/ros-meal-prep/install/image_processing_pkg/share/image_processing_pkg
[1.187s] running install_egg_info
[1.196s] removing '/home/luke/Projects/robots/ros-meal-prep/install/image_processing_pkg/lib/python3.10/site-packages/image_processing_pkg-0.0.0-py3.10.egg-info' (and everything under it)
[1.197s] Copying ../../build/image_processing_pkg/image_processing_pkg.egg-info to /home/luke/Projects/robots/ros-meal-prep/install/image_processing_pkg/lib/python3.10/site-packages/image_processing_pkg-0.0.0-py3.10.egg-info
[1.197s] running install_scripts
[1.281s] Installing image_processing_node script to /home/luke/Projects/robots/ros-meal-prep/install/image_processing_pkg/lib/image_processing_pkg
[1.281s] writing list of installed files to '/home/luke/Projects/robots/ros-meal-prep/build/image_processing_pkg/install.log'
[1.323s] Invoked command in '/home/luke/Projects/robots/ros-meal-prep/src/image_processing_pkg' returned '0': PYTHONPATH=/home/luke/Projects/robots/ros-meal-prep/build/image_processing_pkg/prefix_override:/usr/lib/python3/dist-packages/colcon_core/task/python/colcon_distutils_commands:/home/luke/Projects/robots/ros-meal-prep/install/image_processing_pkg/lib/python3.10/site-packages:${PYTHONPATH} /usr/bin/python3 -W ignore:setup.py install is deprecated -W ignore:easy_install command is deprecated setup.py egg_info --egg-base ../../build/image_processing_pkg build --build-base /home/luke/Projects/robots/ros-meal-prep/build/image_processing_pkg/build install --record /home/luke/Projects/robots/ros-meal-prep/build/image_processing_pkg/install.log --single-version-externally-managed install_data
