running egg_info
creating ../build/image_processing_pkg/image_processing_pkg.egg-info
writing ../build/image_processing_pkg/image_processing_pkg.egg-info/PKG-INFO
writing dependency_links to ../build/image_processing_pkg/image_processing_pkg.egg-info/dependency_links.txt
writing entry points to ../build/image_processing_pkg/image_processing_pkg.egg-info/entry_points.txt
writing requirements to ../build/image_processing_pkg/image_processing_pkg.egg-info/requires.txt
writing top-level names to ../build/image_processing_pkg/image_processing_pkg.egg-info/top_level.txt
writing manifest file '../build/image_processing_pkg/image_processing_pkg.egg-info/SOURCES.txt'
reading manifest file '../build/image_processing_pkg/image_processing_pkg.egg-info/SOURCES.txt'
adding license file 'LICENSE'
writing manifest file '../build/image_processing_pkg/image_processing_pkg.egg-info/SOURCES.txt'
running build
running build_py
creating /home/luke/Projects/robots/ros-meal-prep/src/build/image_processing_pkg/build
creating /home/luke/Projects/robots/ros-meal-prep/src/build/image_processing_pkg/build/lib
creating /home/luke/Projects/robots/ros-meal-prep/src/build/image_processing_pkg/build/lib/image_processing_pkg
copying image_processing_pkg/stroke_mapping.py -> /home/luke/Projects/robots/ros-meal-prep/src/build/image_processing_pkg/build/lib/image_processing_pkg
copying image_processing_pkg/image_processing_node.py -> /home/luke/Projects/robots/ros-meal-prep/src/build/image_processing_pkg/build/lib/image_processing_pkg
copying image_processing_pkg/scaling.py -> /home/luke/Projects/robots/ros-meal-prep/src/build/image_processing_pkg/build/lib/image_processing_pkg
copying image_processing_pkg/drawing.py -> /home/luke/Projects/robots/ros-meal-prep/src/build/image_processing_pkg/build/lib/image_processing_pkg
copying image_processing_pkg/image_processor.py -> /home/luke/Projects/robots/ros-meal-prep/src/build/image_processing_pkg/build/lib/image_processing_pkg
copying image_processing_pkg/config.py -> /home/luke/Projects/robots/ros-meal-prep/src/build/image_processing_pkg/build/lib/image_processing_pkg
copying image_processing_pkg/__init__.py -> /home/luke/Projects/robots/ros-meal-prep/src/build/image_processing_pkg/build/lib/image_processing_pkg
running install
running install_lib
creating /home/luke/Projects/robots/ros-meal-prep/src/install/image_processing_pkg/lib/python3.10/site-packages/image_processing_pkg
copying /home/luke/Projects/robots/ros-meal-prep/src/build/image_processing_pkg/build/lib/image_processing_pkg/stroke_mapping.py -> /home/luke/Projects/robots/ros-meal-prep/src/install/image_processing_pkg/lib/python3.10/site-packages/image_processing_pkg
copying /home/luke/Projects/robots/ros-meal-prep/src/build/image_processing_pkg/build/lib/image_processing_pkg/image_processing_node.py -> /home/luke/Projects/robots/ros-meal-prep/src/install/image_processing_pkg/lib/python3.10/site-packages/image_processing_pkg
copying /home/luke/Projects/robots/ros-meal-prep/src/build/image_processing_pkg/build/lib/image_processing_pkg/scaling.py -> /home/luke/Projects/robots/ros-meal-prep/src/install/image_processing_pkg/lib/python3.10/site-packages/image_processing_pkg
copying /home/luke/Projects/robots/ros-meal-prep/src/build/image_processing_pkg/build/lib/image_processing_pkg/drawing.py -> /home/luke/Projects/robots/ros-meal-prep/src/install/image_processing_pkg/lib/python3.10/site-packages/image_processing_pkg
copying /home/luke/Projects/robots/ros-meal-prep/src/build/image_processing_pkg/build/lib/image_processing_pkg/image_processor.py -> /home/luke/Projects/robots/ros-meal-prep/src/install/image_processing_pkg/lib/python3.10/site-packages/image_processing_pkg
copying /home/luke/Projects/robots/ros-meal-prep/src/build/image_processing_pkg/build/lib/image_processing_pkg/config.py -> /home/luke/Projects/robots/ros-meal-prep/src/install/image_processing_pkg/lib/python3.10/site-packages/image_processing_pkg
copying /home/luke/Projects/robots/ros-meal-prep/src/build/image_processing_pkg/build/lib/image_processing_pkg/__init__.py -> /home/luke/Projects/robots/ros-meal-prep/src/install/image_processing_pkg/lib/python3.10/site-packages/image_processing_pkg
byte-compiling /home/luke/Projects/robots/ros-meal-prep/src/install/image_processing_pkg/lib/python3.10/site-packages/image_processing_pkg/stroke_mapping.py to stroke_mapping.cpython-310.pyc
byte-compiling /home/luke/Projects/robots/ros-meal-prep/src/install/image_processing_pkg/lib/python3.10/site-packages/image_processing_pkg/image_processing_node.py to image_processing_node.cpython-310.pyc
byte-compiling /home/luke/Projects/robots/ros-meal-prep/src/install/image_processing_pkg/lib/python3.10/site-packages/image_processing_pkg/scaling.py to scaling.cpython-310.pyc
byte-compiling /home/luke/Projects/robots/ros-meal-prep/src/install/image_processing_pkg/lib/python3.10/site-packages/image_processing_pkg/drawing.py to drawing.cpython-310.pyc
byte-compiling /home/luke/Projects/robots/ros-meal-prep/src/install/image_processing_pkg/lib/python3.10/site-packages/image_processing_pkg/image_processor.py to image_processor.cpython-310.pyc
byte-compiling /home/luke/Projects/robots/ros-meal-prep/src/install/image_processing_pkg/lib/python3.10/site-packages/image_processing_pkg/config.py to config.cpython-310.pyc
byte-compiling /home/luke/Projects/robots/ros-meal-prep/src/install/image_processing_pkg/lib/python3.10/site-packages/image_processing_pkg/__init__.py to __init__.cpython-310.pyc
running install_data
creating /home/luke/Projects/robots/ros-meal-prep/src/install/image_processing_pkg/share/ament_index
creating /home/luke/Projects/robots/ros-meal-prep/src/install/image_processing_pkg/share/ament_index/resource_index
creating /home/luke/Projects/robots/ros-meal-prep/src/install/image_processing_pkg/share/ament_index/resource_index/packages
copying resource/image_processing_pkg -> /home/luke/Projects/robots/ros-meal-prep/src/install/image_processing_pkg/share/ament_index/resource_index/packages
copying package.xml -> /home/luke/Projects/robots/ros-meal-prep/src/install/image_processing_pkg/share/image_processing_pkg
running install_egg_info
Copying ../build/image_processing_pkg/image_processing_pkg.egg-info to /home/luke/Projects/robots/ros-meal-prep/src/install/image_processing_pkg/lib/python3.10/site-packages/image_processing_pkg-0.0.0-py3.10.egg-info
running install_scripts
Installing image_processing_node script to /home/luke/Projects/robots/ros-meal-prep/src/install/image_processing_pkg/lib/image_processing_pkg
writing list of installed files to '/home/luke/Projects/robots/ros-meal-prep/src/build/image_processing_pkg/install.log'
