[0.595s] Invoking command in '/home/luke/Projects/robots/ros-meal-prep/src/image_processing_pkg': PYTHONPATH=/home/luke/Projects/robots/ros-meal-prep/src/build/image_processing_pkg/prefix_override:/usr/lib/python3/dist-packages/colcon_core/task/python/colcon_distutils_commands:/home/luke/Projects/robots/ros-meal-prep/src/install/image_processing_pkg/lib/python3.10/site-packages: /usr/bin/python3 -W ignore:setup.py install is deprecated -W ignore:easy_install command is deprecated setup.py egg_info --egg-base ../build/image_processing_pkg build --build-base /home/luke/Projects/robots/ros-meal-prep/src/build/image_processing_pkg/build install --record /home/luke/Projects/robots/ros-meal-prep/src/build/image_processing_pkg/install.log --single-version-externally-managed install_data
[0.710s] running egg_info
[0.710s] creating ../build/image_processing_pkg/image_processing_pkg.egg-info
[0.710s] writing ../build/image_processing_pkg/image_processing_pkg.egg-info/PKG-INFO
[0.710s] writing dependency_links to ../build/image_processing_pkg/image_processing_pkg.egg-info/dependency_links.txt
[0.710s] writing entry points to ../build/image_processing_pkg/image_processing_pkg.egg-info/entry_points.txt
[0.710s] writing requirements to ../build/image_processing_pkg/image_processing_pkg.egg-info/requires.txt
[0.710s] writing top-level names to ../build/image_processing_pkg/image_processing_pkg.egg-info/top_level.txt
[0.711s] writing manifest file '../build/image_processing_pkg/image_processing_pkg.egg-info/SOURCES.txt'
[0.712s] reading manifest file '../build/image_processing_pkg/image_processing_pkg.egg-info/SOURCES.txt'
[0.712s] adding license file 'LICENSE'
[0.713s] writing manifest file '../build/image_processing_pkg/image_processing_pkg.egg-info/SOURCES.txt'
[0.713s] running build
[0.713s] running build_py
[0.713s] creating /home/luke/Projects/robots/ros-meal-prep/src/build/image_processing_pkg/build
[0.713s] creating /home/luke/Projects/robots/ros-meal-prep/src/build/image_processing_pkg/build/lib
[0.713s] creating /home/luke/Projects/robots/ros-meal-prep/src/build/image_processing_pkg/build/lib/image_processing_pkg
[0.713s] copying image_processing_pkg/stroke_mapping.py -> /home/luke/Projects/robots/ros-meal-prep/src/build/image_processing_pkg/build/lib/image_processing_pkg
[0.713s] copying image_processing_pkg/image_processing_node.py -> /home/luke/Projects/robots/ros-meal-prep/src/build/image_processing_pkg/build/lib/image_processing_pkg
[0.713s] copying image_processing_pkg/scaling.py -> /home/luke/Projects/robots/ros-meal-prep/src/build/image_processing_pkg/build/lib/image_processing_pkg
[0.713s] copying image_processing_pkg/drawing.py -> /home/luke/Projects/robots/ros-meal-prep/src/build/image_processing_pkg/build/lib/image_processing_pkg
[0.714s] copying image_processing_pkg/image_processor.py -> /home/luke/Projects/robots/ros-meal-prep/src/build/image_processing_pkg/build/lib/image_processing_pkg
[0.714s] copying image_processing_pkg/config.py -> /home/luke/Projects/robots/ros-meal-prep/src/build/image_processing_pkg/build/lib/image_processing_pkg
[0.714s] copying image_processing_pkg/__init__.py -> /home/luke/Projects/robots/ros-meal-prep/src/build/image_processing_pkg/build/lib/image_processing_pkg
[0.714s] running install
[0.714s] running install_lib
[0.715s] creating /home/luke/Projects/robots/ros-meal-prep/src/install/image_processing_pkg/lib/python3.10/site-packages/image_processing_pkg
[0.715s] copying /home/luke/Projects/robots/ros-meal-prep/src/build/image_processing_pkg/build/lib/image_processing_pkg/stroke_mapping.py -> /home/luke/Projects/robots/ros-meal-prep/src/install/image_processing_pkg/lib/python3.10/site-packages/image_processing_pkg
[0.715s] copying /home/luke/Projects/robots/ros-meal-prep/src/build/image_processing_pkg/build/lib/image_processing_pkg/image_processing_node.py -> /home/luke/Projects/robots/ros-meal-prep/src/install/image_processing_pkg/lib/python3.10/site-packages/image_processing_pkg
[0.715s] copying /home/luke/Projects/robots/ros-meal-prep/src/build/image_processing_pkg/build/lib/image_processing_pkg/scaling.py -> /home/luke/Projects/robots/ros-meal-prep/src/install/image_processing_pkg/lib/python3.10/site-packages/image_processing_pkg
[0.715s] copying /home/luke/Projects/robots/ros-meal-prep/src/build/image_processing_pkg/build/lib/image_processing_pkg/drawing.py -> /home/luke/Projects/robots/ros-meal-prep/src/install/image_processing_pkg/lib/python3.10/site-packages/image_processing_pkg
[0.715s] copying /home/luke/Projects/robots/ros-meal-prep/src/build/image_processing_pkg/build/lib/image_processing_pkg/image_processor.py -> /home/luke/Projects/robots/ros-meal-prep/src/install/image_processing_pkg/lib/python3.10/site-packages/image_processing_pkg
[0.715s] copying /home/luke/Projects/robots/ros-meal-prep/src/build/image_processing_pkg/build/lib/image_processing_pkg/config.py -> /home/luke/Projects/robots/ros-meal-prep/src/install/image_processing_pkg/lib/python3.10/site-packages/image_processing_pkg
[0.715s] copying /home/luke/Projects/robots/ros-meal-prep/src/build/image_processing_pkg/build/lib/image_processing_pkg/__init__.py -> /home/luke/Projects/robots/ros-meal-prep/src/install/image_processing_pkg/lib/python3.10/site-packages/image_processing_pkg
[0.716s] byte-compiling /home/luke/Projects/robots/ros-meal-prep/src/install/image_processing_pkg/lib/python3.10/site-packages/image_processing_pkg/stroke_mapping.py to stroke_mapping.cpython-310.pyc
[0.717s] byte-compiling /home/luke/Projects/robots/ros-meal-prep/src/install/image_processing_pkg/lib/python3.10/site-packages/image_processing_pkg/image_processing_node.py to image_processing_node.cpython-310.pyc
[0.717s] byte-compiling /home/luke/Projects/robots/ros-meal-prep/src/install/image_processing_pkg/lib/python3.10/site-packages/image_processing_pkg/scaling.py to scaling.cpython-310.pyc
[0.717s] byte-compiling /home/luke/Projects/robots/ros-meal-prep/src/install/image_processing_pkg/lib/python3.10/site-packages/image_processing_pkg/drawing.py to drawing.cpython-310.pyc
[0.718s] byte-compiling /home/luke/Projects/robots/ros-meal-prep/src/install/image_processing_pkg/lib/python3.10/site-packages/image_processing_pkg/image_processor.py to image_processor.cpython-310.pyc
[0.719s] byte-compiling /home/luke/Projects/robots/ros-meal-prep/src/install/image_processing_pkg/lib/python3.10/site-packages/image_processing_pkg/config.py to config.cpython-310.pyc
[0.719s] byte-compiling /home/luke/Projects/robots/ros-meal-prep/src/install/image_processing_pkg/lib/python3.10/site-packages/image_processing_pkg/__init__.py to __init__.cpython-310.pyc
[0.719s] running install_data
[0.719s] creating /home/luke/Projects/robots/ros-meal-prep/src/install/image_processing_pkg/share/ament_index
[0.719s] creating /home/luke/Projects/robots/ros-meal-prep/src/install/image_processing_pkg/share/ament_index/resource_index
[0.720s] creating /home/luke/Projects/robots/ros-meal-prep/src/install/image_processing_pkg/share/ament_index/resource_index/packages
[0.720s] copying resource/image_processing_pkg -> /home/luke/Projects/robots/ros-meal-prep/src/install/image_processing_pkg/share/ament_index/resource_index/packages
[0.720s] copying package.xml -> /home/luke/Projects/robots/ros-meal-prep/src/install/image_processing_pkg/share/image_processing_pkg
[0.720s] running install_egg_info
[0.721s] Copying ../build/image_processing_pkg/image_processing_pkg.egg-info to /home/luke/Projects/robots/ros-meal-prep/src/install/image_processing_pkg/lib/python3.10/site-packages/image_processing_pkg-0.0.0-py3.10.egg-info
[0.721s] running install_scripts
[0.734s] Installing image_processing_node script to /home/luke/Projects/robots/ros-meal-prep/src/install/image_processing_pkg/lib/image_processing_pkg
[0.734s] writing list of installed files to '/home/luke/Projects/robots/ros-meal-prep/src/build/image_processing_pkg/install.log'
[0.755s] Invoked command in '/home/luke/Projects/robots/ros-meal-prep/src/image_processing_pkg' returned '0': PYTHONPATH=/home/luke/Projects/robots/ros-meal-prep/src/build/image_processing_pkg/prefix_override:/usr/lib/python3/dist-packages/colcon_core/task/python/colcon_distutils_commands:/home/luke/Projects/robots/ros-meal-prep/src/install/image_processing_pkg/lib/python3.10/site-packages: /usr/bin/python3 -W ignore:setup.py install is deprecated -W ignore:easy_install command is deprecated setup.py egg_info --egg-base ../build/image_processing_pkg build --build-base /home/luke/Projects/robots/ros-meal-prep/src/build/image_processing_pkg/build install --record /home/luke/Projects/robots/ros-meal-prep/src/build/image_processing_pkg/install.log --single-version-externally-managed install_data
