[0.649s] Invoking command in '/home/luke/Projects/robots/ros-meal-prep/src/stepper_pkg': PYTHONPATH=/home/luke/Projects/robots/ros-meal-prep/src/build/stepper_pkg/prefix_override:/usr/lib/python3/dist-packages/colcon_core/task/python/colcon_distutils_commands:/home/luke/Projects/robots/ros-meal-prep/src/install/stepper_pkg/lib/python3.10/site-packages: /usr/bin/python3 -W ignore:setup.py install is deprecated -W ignore:easy_install command is deprecated setup.py egg_info --egg-base ../build/stepper_pkg build --build-base /home/luke/Projects/robots/ros-meal-prep/src/build/stepper_pkg/build install --record /home/luke/Projects/robots/ros-meal-prep/src/build/stepper_pkg/install.log --single-version-externally-managed install_data
[0.772s] running egg_info
[0.772s] creating ../build/stepper_pkg/stepper_pkg.egg-info
[0.773s] writing ../build/stepper_pkg/stepper_pkg.egg-info/PKG-INFO
[0.773s] writing dependency_links to ../build/stepper_pkg/stepper_pkg.egg-info/dependency_links.txt
[0.773s] writing entry points to ../build/stepper_pkg/stepper_pkg.egg-info/entry_points.txt
[0.773s] writing requirements to ../build/stepper_pkg/stepper_pkg.egg-info/requires.txt
[0.773s] writing top-level names to ../build/stepper_pkg/stepper_pkg.egg-info/top_level.txt
[0.773s] writing manifest file '../build/stepper_pkg/stepper_pkg.egg-info/SOURCES.txt'
[0.774s] reading manifest file '../build/stepper_pkg/stepper_pkg.egg-info/SOURCES.txt'
[0.775s] writing manifest file '../build/stepper_pkg/stepper_pkg.egg-info/SOURCES.txt'
[0.775s] running build
[0.775s] running build_py
[0.775s] creating /home/luke/Projects/robots/ros-meal-prep/src/build/stepper_pkg/build
[0.775s] creating /home/luke/Projects/robots/ros-meal-prep/src/build/stepper_pkg/build/lib
[0.775s] creating /home/luke/Projects/robots/ros-meal-prep/src/build/stepper_pkg/build/lib/stepper_pkg
[0.775s] copying stepper_pkg/faceTrack.py -> /home/luke/Projects/robots/ros-meal-prep/src/build/stepper_pkg/build/lib/stepper_pkg
[0.775s] copying stepper_pkg/stepper.py -> /home/luke/Projects/robots/ros-meal-prep/src/build/stepper_pkg/build/lib/stepper_pkg
[0.775s] copying stepper_pkg/__init__.py -> /home/luke/Projects/robots/ros-meal-prep/src/build/stepper_pkg/build/lib/stepper_pkg
[0.776s] running install
[0.776s] running install_lib
[0.776s] creating /home/luke/Projects/robots/ros-meal-prep/src/install/stepper_pkg/lib/python3.10/site-packages/stepper_pkg
[0.776s] copying /home/luke/Projects/robots/ros-meal-prep/src/build/stepper_pkg/build/lib/stepper_pkg/faceTrack.py -> /home/luke/Projects/robots/ros-meal-prep/src/install/stepper_pkg/lib/python3.10/site-packages/stepper_pkg
[0.776s] copying /home/luke/Projects/robots/ros-meal-prep/src/build/stepper_pkg/build/lib/stepper_pkg/stepper.py -> /home/luke/Projects/robots/ros-meal-prep/src/install/stepper_pkg/lib/python3.10/site-packages/stepper_pkg
[0.776s] copying /home/luke/Projects/robots/ros-meal-prep/src/build/stepper_pkg/build/lib/stepper_pkg/__init__.py -> /home/luke/Projects/robots/ros-meal-prep/src/install/stepper_pkg/lib/python3.10/site-packages/stepper_pkg
[0.777s] byte-compiling /home/luke/Projects/robots/ros-meal-prep/src/install/stepper_pkg/lib/python3.10/site-packages/stepper_pkg/faceTrack.py to faceTrack.cpython-310.pyc
[0.777s] byte-compiling /home/luke/Projects/robots/ros-meal-prep/src/install/stepper_pkg/lib/python3.10/site-packages/stepper_pkg/stepper.py to stepper.cpython-310.pyc
[0.778s] byte-compiling /home/luke/Projects/robots/ros-meal-prep/src/install/stepper_pkg/lib/python3.10/site-packages/stepper_pkg/__init__.py to __init__.cpython-310.pyc
[0.778s] running install_data
[0.778s] creating /home/luke/Projects/robots/ros-meal-prep/src/install/stepper_pkg/share/ament_index
[0.778s] creating /home/luke/Projects/robots/ros-meal-prep/src/install/stepper_pkg/share/ament_index/resource_index
[0.778s] creating /home/luke/Projects/robots/ros-meal-prep/src/install/stepper_pkg/share/ament_index/resource_index/packages
[0.778s] copying resource/stepper_pkg -> /home/luke/Projects/robots/ros-meal-prep/src/install/stepper_pkg/share/ament_index/resource_index/packages
[0.778s] copying package.xml -> /home/luke/Projects/robots/ros-meal-prep/src/install/stepper_pkg/share/stepper_pkg
[0.778s] running install_egg_info
[0.779s] Copying ../build/stepper_pkg/stepper_pkg.egg-info to /home/luke/Projects/robots/ros-meal-prep/src/install/stepper_pkg/lib/python3.10/site-packages/stepper_pkg-0.0.0-py3.10.egg-info
[0.780s] running install_scripts
[0.795s] Installing faceTrack script to /home/luke/Projects/robots/ros-meal-prep/src/install/stepper_pkg/lib/stepper_pkg
[0.795s] Installing stepper script to /home/luke/Projects/robots/ros-meal-prep/src/install/stepper_pkg/lib/stepper_pkg
[0.796s] writing list of installed files to '/home/luke/Projects/robots/ros-meal-prep/src/build/stepper_pkg/install.log'
[0.848s] Invoked command in '/home/luke/Projects/robots/ros-meal-prep/src/stepper_pkg' returned '0': PYTHONPATH=/home/luke/Projects/robots/ros-meal-prep/src/build/stepper_pkg/prefix_override:/usr/lib/python3/dist-packages/colcon_core/task/python/colcon_distutils_commands:/home/luke/Projects/robots/ros-meal-prep/src/install/stepper_pkg/lib/python3.10/site-packages: /usr/bin/python3 -W ignore:setup.py install is deprecated -W ignore:easy_install command is deprecated setup.py egg_info --egg-base ../build/stepper_pkg build --build-base /home/luke/Projects/robots/ros-meal-prep/src/build/stepper_pkg/build install --record /home/luke/Projects/robots/ros-meal-prep/src/build/stepper_pkg/install.log --single-version-externally-managed install_data
