running egg_info
writing ../../build/stepper_pkg/stepper_pkg.egg-info/PKG-INFO
writing dependency_links to ../../build/stepper_pkg/stepper_pkg.egg-info/dependency_links.txt
writing entry points to ../../build/stepper_pkg/stepper_pkg.egg-info/entry_points.txt
writing requirements to ../../build/stepper_pkg/stepper_pkg.egg-info/requires.txt
writing top-level names to ../../build/stepper_pkg/stepper_pkg.egg-info/top_level.txt
reading manifest file '../../build/stepper_pkg/stepper_pkg.egg-info/SOURCES.txt'
writing manifest file '../../build/stepper_pkg/stepper_pkg.egg-info/SOURCES.txt'
running build
running build_py
copying stepper_pkg/faceTrack.py -> /home/luke/Projects/robots/ros-meal-prep/build/stepper_pkg/build/lib/stepper_pkg
running install
running install_lib
copying /home/luke/Projects/robots/ros-meal-prep/build/stepper_pkg/build/lib/stepper_pkg/faceTrack.py -> /home/luke/Projects/robots/ros-meal-prep/install/stepper_pkg/lib/python3.10/site-packages/stepper_pkg
byte-compiling /home/luke/Projects/robots/ros-meal-prep/install/stepper_pkg/lib/python3.10/site-packages/stepper_pkg/faceTrack.py to faceTrack.cpython-310.pyc
running install_data
running install_egg_info
removing '/home/luke/Projects/robots/ros-meal-prep/install/stepper_pkg/lib/python3.10/site-packages/stepper_pkg-0.0.0-py3.10.egg-info' (and everything under it)
Copying ../../build/stepper_pkg/stepper_pkg.egg-info to /home/luke/Projects/robots/ros-meal-prep/install/stepper_pkg/lib/python3.10/site-packages/stepper_pkg-0.0.0-py3.10.egg-info
running install_scripts
Installing faceTrack script to /home/luke/Projects/robots/ros-meal-prep/install/stepper_pkg/lib/stepper_pkg
Installing stepper script to /home/luke/Projects/robots/ros-meal-prep/install/stepper_pkg/lib/stepper_pkg
writing list of installed files to '/home/luke/Projects/robots/ros-meal-prep/build/stepper_pkg/install.log'
