[0.977s] Invoking command in '/home/luke/Projects/robots/ros-meal-prep/test/ros_testing/joy_stick_pkg': PYTHONPATH=/home/luke/Projects/robots/ros-meal-prep/build/joy_stick_pkg/prefix_override:/usr/lib/python3/dist-packages/colcon_core/task/python/colcon_distutils_commands:/home/luke/Projects/robots/ros-meal-prep/install/joy_stick_pkg/lib/python3.10/site-packages:${PYTHONPATH} /usr/bin/python3 -W ignore:setup.py install is deprecated -W ignore:easy_install command is deprecated setup.py egg_info --egg-base ../../../build/joy_stick_pkg build --build-base /home/luke/Projects/robots/ros-meal-prep/build/joy_stick_pkg/build install --record /home/luke/Projects/robots/ros-meal-prep/build/joy_stick_pkg/install.log --single-version-externally-managed install_data
[1.114s] running egg_info
[1.124s] writing ../../../build/joy_stick_pkg/joy_stick_pkg.egg-info/PKG-INFO
[1.124s] writing dependency_links to ../../../build/joy_stick_pkg/joy_stick_pkg.egg-info/dependency_links.txt
[1.124s] writing entry points to ../../../build/joy_stick_pkg/joy_stick_pkg.egg-info/entry_points.txt
[1.124s] writing requirements to ../../../build/joy_stick_pkg/joy_stick_pkg.egg-info/requires.txt
[1.124s] writing top-level names to ../../../build/joy_stick_pkg/joy_stick_pkg.egg-info/top_level.txt
[1.141s] reading manifest file '../../../build/joy_stick_pkg/joy_stick_pkg.egg-info/SOURCES.txt'
[1.141s] adding license file 'LICENSE'
[1.142s] writing manifest file '../../../build/joy_stick_pkg/joy_stick_pkg.egg-info/SOURCES.txt'
[1.142s] running build
[1.142s] running build_py
[1.142s] copying joy_stick_pkg/joyStick.py -> /home/luke/Projects/robots/ros-meal-prep/build/joy_stick_pkg/build/lib/joy_stick_pkg
[1.142s] copying joy_stick_pkg/__init__.py -> /home/luke/Projects/robots/ros-meal-prep/build/joy_stick_pkg/build/lib/joy_stick_pkg
[1.142s] running install
[1.145s] running install_lib
[1.154s] running install_data
[1.154s] copying resource/joy_stick_pkg -> /home/luke/Projects/robots/ros-meal-prep/install/joy_stick_pkg/share/ament_index/resource_index/packages
[1.154s] copying package.xml -> /home/luke/Projects/robots/ros-meal-prep/install/joy_stick_pkg/share/joy_stick_pkg
[1.154s] running install_egg_info
[1.163s] removing '/home/luke/Projects/robots/ros-meal-prep/install/joy_stick_pkg/lib/python3.10/site-packages/joy_stick_pkg-0.0.0-py3.10.egg-info' (and everything under it)
[1.163s] Copying ../../../build/joy_stick_pkg/joy_stick_pkg.egg-info to /home/luke/Projects/robots/ros-meal-prep/install/joy_stick_pkg/lib/python3.10/site-packages/joy_stick_pkg-0.0.0-py3.10.egg-info
[1.164s] running install_scripts
[1.249s] Installing joyStick script to /home/luke/Projects/robots/ros-meal-prep/install/joy_stick_pkg/lib/joy_stick_pkg
[1.250s] Installing stepper script to /home/luke/Projects/robots/ros-meal-prep/install/joy_stick_pkg/lib/joy_stick_pkg
[1.250s] writing list of installed files to '/home/luke/Projects/robots/ros-meal-prep/build/joy_stick_pkg/install.log'
[1.303s] Invoked command in '/home/luke/Projects/robots/ros-meal-prep/test/ros_testing/joy_stick_pkg' returned '0': PYTHONPATH=/home/luke/Projects/robots/ros-meal-prep/build/joy_stick_pkg/prefix_override:/usr/lib/python3/dist-packages/colcon_core/task/python/colcon_distutils_commands:/home/luke/Projects/robots/ros-meal-prep/install/joy_stick_pkg/lib/python3.10/site-packages:${PYTHONPATH} /usr/bin/python3 -W ignore:setup.py install is deprecated -W ignore:easy_install command is deprecated setup.py egg_info --egg-base ../../../build/joy_stick_pkg build --build-base /home/luke/Projects/robots/ros-meal-prep/build/joy_stick_pkg/build install --record /home/luke/Projects/robots/ros-meal-prep/build/joy_stick_pkg/install.log --single-version-externally-managed install_data
