[0.061s] DEBUG:colcon:Command line arguments: ['/usr/bin/colcon', 'build']
[0.061s] DEBUG:colcon:Parsed command line arguments: Namespace(log_base=None, log_level=None, verb_name='build', build_base='build', install_base='install', merge_install=False, symlink_install=False, test_result_base=None, continue_on_error=False, executor='parallel', parallel_workers=16, event_handlers=None, ignore_user_meta=False, metas=['./colcon.meta'], base_paths=['.'], packages_ignore=None, packages_ignore_regex=None, paths=None, packages_up_to=None, packages_up_to_regex=None, packages_above=None, packages_above_and_dependencies=None, packages_above_depth=None, packages_select_by_dep=None, packages_skip_by_dep=None, packages_skip_up_to=None, packages_select_build_failed=False, packages_skip_build_finished=False, packages_select_test_failures=False, packages_skip_test_passed=False, packages_select=None, packages_skip=None, packages_select_regex=None, packages_skip_regex=None, packages_start=None, packages_end=None, allow_overriding=[], cmake_args=None, cmake_target=None, cmake_target_skip_unavailable=False, cmake_clean_cache=False, cmake_clean_first=False, cmake_force_configure=False, ament_cmake_args=None, catkin_cmake_args=None, catkin_skip_building_tests=False, mixin_files=None, mixin=None, verb_parser=<colcon_mixin.mixin.mixin_argument.MixinArgumentDecorator object at 0x7d3e2eadd210>, verb_extension=<colcon_core.verb.build.BuildVerb object at 0x7d3e2ebce170>, main=<bound method BuildVerb.main of <colcon_core.verb.build.BuildVerb object at 0x7d3e2ebce170>>, mixin_verb=('build',))
[0.126s] Level 1:colcon.colcon_core.package_discovery:discover_packages(colcon_meta) check parameters
[0.126s] Level 1:colcon.colcon_core.package_discovery:discover_packages(recursive) check parameters
[0.126s] Level 1:colcon.colcon_core.package_discovery:discover_packages(ignore) check parameters
[0.126s] Level 1:colcon.colcon_core.package_discovery:discover_packages(path) check parameters
[0.126s] Level 1:colcon.colcon_core.package_discovery:discover_packages(colcon_meta) discover
[0.126s] Level 1:colcon.colcon_core.package_discovery:discover_packages(recursive) discover
[0.126s] INFO:colcon.colcon_core.package_discovery:Crawling recursively for packages in '/home/luke/Projects/robots/ros-meal-prep'
[0.126s] Level 1:colcon.colcon_core.package_identification:_identify(.) by extensions ['ignore', 'ignore_ament_install']
[0.126s] Level 1:colcon.colcon_core.package_identification:_identify(.) by extension 'ignore'
[0.126s] Level 1:colcon.colcon_core.package_identification:_identify(.) by extension 'ignore_ament_install'
[0.126s] Level 1:colcon.colcon_core.package_identification:_identify(.) by extensions ['colcon_pkg']
[0.126s] Level 1:colcon.colcon_core.package_identification:_identify(.) by extension 'colcon_pkg'
[0.126s] Level 1:colcon.colcon_core.package_identification:_identify(.) by extensions ['colcon_meta']
[0.126s] Level 1:colcon.colcon_core.package_identification:_identify(.) by extension 'colcon_meta'
[0.126s] Level 1:colcon.colcon_core.package_identification:_identify(.) by extensions ['ros']
[0.126s] Level 1:colcon.colcon_core.package_identification:_identify(.) by extension 'ros'
[0.132s] Level 1:colcon.colcon_core.package_identification:_identify(.) by extensions ['cmake', 'python']
[0.132s] Level 1:colcon.colcon_core.package_identification:_identify(.) by extension 'cmake'
[0.132s] Level 1:colcon.colcon_core.package_identification:_identify(.) by extension 'python'
[0.132s] Level 1:colcon.colcon_core.package_identification:_identify(.) by extensions ['python_setup_py']
[0.132s] Level 1:colcon.colcon_core.package_identification:_identify(.) by extension 'python_setup_py'
[0.132s] Level 1:colcon.colcon_core.package_identification:_identify(build) by extensions ['ignore', 'ignore_ament_install']
[0.133s] Level 1:colcon.colcon_core.package_identification:_identify(build) by extension 'ignore'
[0.133s] Level 1:colcon.colcon_core.package_identification:_identify(build) ignored
[0.133s] Level 1:colcon.colcon_core.package_identification:_identify(controller) by extensions ['ignore', 'ignore_ament_install']
[0.133s] Level 1:colcon.colcon_core.package_identification:_identify(controller) by extension 'ignore'
[0.133s] Level 1:colcon.colcon_core.package_identification:_identify(controller) by extension 'ignore_ament_install'
[0.133s] Level 1:colcon.colcon_core.package_identification:_identify(controller) by extensions ['colcon_pkg']
[0.133s] Level 1:colcon.colcon_core.package_identification:_identify(controller) by extension 'colcon_pkg'
[0.133s] Level 1:colcon.colcon_core.package_identification:_identify(controller) by extensions ['colcon_meta']
[0.133s] Level 1:colcon.colcon_core.package_identification:_identify(controller) by extension 'colcon_meta'
[0.133s] Level 1:colcon.colcon_core.package_identification:_identify(controller) by extensions ['ros']
[0.133s] Level 1:colcon.colcon_core.package_identification:_identify(controller) by extension 'ros'
[0.133s] Level 1:colcon.colcon_core.package_identification:_identify(controller) by extensions ['cmake', 'python']
[0.133s] Level 1:colcon.colcon_core.package_identification:_identify(controller) by extension 'cmake'
[0.133s] Level 1:colcon.colcon_core.package_identification:_identify(controller) by extension 'python'
[0.133s] Level 1:colcon.colcon_core.package_identification:_identify(controller) by extensions ['python_setup_py']
[0.133s] Level 1:colcon.colcon_core.package_identification:_identify(controller) by extension 'python_setup_py'
[0.133s] Level 1:colcon.colcon_core.package_identification:_identify(controller/main) by extensions ['ignore', 'ignore_ament_install']
[0.133s] Level 1:colcon.colcon_core.package_identification:_identify(controller/main) by extension 'ignore'
[0.133s] Level 1:colcon.colcon_core.package_identification:_identify(controller/main) by extension 'ignore_ament_install'
[0.133s] Level 1:colcon.colcon_core.package_identification:_identify(controller/main) by extensions ['colcon_pkg']
[0.133s] Level 1:colcon.colcon_core.package_identification:_identify(controller/main) by extension 'colcon_pkg'
[0.133s] Level 1:colcon.colcon_core.package_identification:_identify(controller/main) by extensions ['colcon_meta']
[0.133s] Level 1:colcon.colcon_core.package_identification:_identify(controller/main) by extension 'colcon_meta'
[0.133s] Level 1:colcon.colcon_core.package_identification:_identify(controller/main) by extensions ['ros']
[0.133s] Level 1:colcon.colcon_core.package_identification:_identify(controller/main) by extension 'ros'
[0.133s] Level 1:colcon.colcon_core.package_identification:_identify(controller/main) by extensions ['cmake', 'python']
[0.133s] Level 1:colcon.colcon_core.package_identification:_identify(controller/main) by extension 'cmake'
[0.133s] Level 1:colcon.colcon_core.package_identification:_identify(controller/main) by extension 'python'
[0.133s] Level 1:colcon.colcon_core.package_identification:_identify(controller/main) by extensions ['python_setup_py']
[0.133s] Level 1:colcon.colcon_core.package_identification:_identify(controller/main) by extension 'python_setup_py'
[0.133s] Level 1:colcon.colcon_core.package_identification:_identify(install) by extensions ['ignore', 'ignore_ament_install']
[0.133s] Level 1:colcon.colcon_core.package_identification:_identify(install) by extension 'ignore'
[0.133s] Level 1:colcon.colcon_core.package_identification:_identify(install) ignored
[0.133s] Level 1:colcon.colcon_core.package_identification:_identify(log) by extensions ['ignore', 'ignore_ament_install']
[0.133s] Level 1:colcon.colcon_core.package_identification:_identify(log) by extension 'ignore'
[0.133s] Level 1:colcon.colcon_core.package_identification:_identify(log) ignored
[0.133s] Level 1:colcon.colcon_core.package_identification:_identify(scripts) by extensions ['ignore', 'ignore_ament_install']
[0.133s] Level 1:colcon.colcon_core.package_identification:_identify(scripts) by extension 'ignore'
[0.133s] Level 1:colcon.colcon_core.package_identification:_identify(scripts) by extension 'ignore_ament_install'
[0.133s] Level 1:colcon.colcon_core.package_identification:_identify(scripts) by extensions ['colcon_pkg']
[0.133s] Level 1:colcon.colcon_core.package_identification:_identify(scripts) by extension 'colcon_pkg'
[0.133s] Level 1:colcon.colcon_core.package_identification:_identify(scripts) by extensions ['colcon_meta']
[0.133s] Level 1:colcon.colcon_core.package_identification:_identify(scripts) by extension 'colcon_meta'
[0.133s] Level 1:colcon.colcon_core.package_identification:_identify(scripts) by extensions ['ros']
[0.133s] Level 1:colcon.colcon_core.package_identification:_identify(scripts) by extension 'ros'
[0.134s] Level 1:colcon.colcon_core.package_identification:_identify(scripts) by extensions ['cmake', 'python']
[0.134s] Level 1:colcon.colcon_core.package_identification:_identify(scripts) by extension 'cmake'
[0.134s] Level 1:colcon.colcon_core.package_identification:_identify(scripts) by extension 'python'
[0.134s] Level 1:colcon.colcon_core.package_identification:_identify(scripts) by extensions ['python_setup_py']
[0.134s] Level 1:colcon.colcon_core.package_identification:_identify(scripts) by extension 'python_setup_py'
[0.134s] Level 1:colcon.colcon_core.package_identification:_identify(src) by extensions ['ignore', 'ignore_ament_install']
[0.134s] Level 1:colcon.colcon_core.package_identification:_identify(src) by extension 'ignore'
[0.134s] Level 1:colcon.colcon_core.package_identification:_identify(src) by extension 'ignore_ament_install'
[0.134s] Level 1:colcon.colcon_core.package_identification:_identify(src) by extensions ['colcon_pkg']
[0.134s] Level 1:colcon.colcon_core.package_identification:_identify(src) by extension 'colcon_pkg'
[0.134s] Level 1:colcon.colcon_core.package_identification:_identify(src) by extensions ['colcon_meta']
[0.134s] Level 1:colcon.colcon_core.package_identification:_identify(src) by extension 'colcon_meta'
[0.134s] Level 1:colcon.colcon_core.package_identification:_identify(src) by extensions ['ros']
[0.134s] Level 1:colcon.colcon_core.package_identification:_identify(src) by extension 'ros'
[0.134s] Level 1:colcon.colcon_core.package_identification:_identify(src) by extensions ['cmake', 'python']
[0.134s] Level 1:colcon.colcon_core.package_identification:_identify(src) by extension 'cmake'
[0.134s] Level 1:colcon.colcon_core.package_identification:_identify(src) by extension 'python'
[0.134s] Level 1:colcon.colcon_core.package_identification:_identify(src) by extensions ['python_setup_py']
[0.134s] Level 1:colcon.colcon_core.package_identification:_identify(src) by extension 'python_setup_py'
[0.134s] Level 1:colcon.colcon_core.package_identification:_identify(src/build) by extensions ['ignore', 'ignore_ament_install']
[0.134s] Level 1:colcon.colcon_core.package_identification:_identify(src/build) by extension 'ignore'
[0.134s] Level 1:colcon.colcon_core.package_identification:_identify(src/build) ignored
[0.134s] Level 1:colcon.colcon_core.package_identification:_identify(src/install) by extensions ['ignore', 'ignore_ament_install']
[0.134s] Level 1:colcon.colcon_core.package_identification:_identify(src/install) by extension 'ignore'
[0.134s] Level 1:colcon.colcon_core.package_identification:_identify(src/install) ignored
[0.134s] Level 1:colcon.colcon_core.package_identification:_identify(src/log) by extensions ['ignore', 'ignore_ament_install']
[0.134s] Level 1:colcon.colcon_core.package_identification:_identify(src/log) by extension 'ignore'
[0.134s] Level 1:colcon.colcon_core.package_identification:_identify(src/log) ignored
[0.134s] Level 1:colcon.colcon_core.package_identification:_identify(src/painting_pkg) by extensions ['ignore', 'ignore_ament_install']
[0.134s] Level 1:colcon.colcon_core.package_identification:_identify(src/painting_pkg) by extension 'ignore'
[0.134s] Level 1:colcon.colcon_core.package_identification:_identify(src/painting_pkg) by extension 'ignore_ament_install'
[0.134s] Level 1:colcon.colcon_core.package_identification:_identify(src/painting_pkg) by extensions ['colcon_pkg']
[0.134s] Level 1:colcon.colcon_core.package_identification:_identify(src/painting_pkg) by extension 'colcon_pkg'
[0.134s] Level 1:colcon.colcon_core.package_identification:_identify(src/painting_pkg) by extensions ['colcon_meta']
[0.134s] Level 1:colcon.colcon_core.package_identification:_identify(src/painting_pkg) by extension 'colcon_meta'
[0.134s] Level 1:colcon.colcon_core.package_identification:_identify(src/painting_pkg) by extensions ['ros']
[0.134s] Level 1:colcon.colcon_core.package_identification:_identify(src/painting_pkg) by extension 'ros'
[0.135s] DEBUG:colcon.colcon_core.package_identification:Package 'src/painting_pkg' with type 'ros.ament_python' and name 'painting_pkg'
[0.136s] Level 1:colcon.colcon_core.package_identification:_identify(src/serial_comm_pkg) by extensions ['ignore', 'ignore_ament_install']
[0.136s] Level 1:colcon.colcon_core.package_identification:_identify(src/serial_comm_pkg) by extension 'ignore'
[0.136s] Level 1:colcon.colcon_core.package_identification:_identify(src/serial_comm_pkg) by extension 'ignore_ament_install'
[0.136s] Level 1:colcon.colcon_core.package_identification:_identify(src/serial_comm_pkg) by extensions ['colcon_pkg']
[0.136s] Level 1:colcon.colcon_core.package_identification:_identify(src/serial_comm_pkg) by extension 'colcon_pkg'
[0.136s] Level 1:colcon.colcon_core.package_identification:_identify(src/serial_comm_pkg) by extensions ['colcon_meta']
[0.136s] Level 1:colcon.colcon_core.package_identification:_identify(src/serial_comm_pkg) by extension 'colcon_meta'
[0.136s] Level 1:colcon.colcon_core.package_identification:_identify(src/serial_comm_pkg) by extensions ['ros']
[0.136s] Level 1:colcon.colcon_core.package_identification:_identify(src/serial_comm_pkg) by extension 'ros'
[0.136s] DEBUG:colcon.colcon_core.package_identification:Package 'src/serial_comm_pkg' with type 'ros.ament_python' and name 'serial_comm_pkg'
[0.136s] Level 1:colcon.colcon_core.package_identification:_identify(test) by extensions ['ignore', 'ignore_ament_install']
[0.136s] Level 1:colcon.colcon_core.package_identification:_identify(test) by extension 'ignore'
[0.136s] Level 1:colcon.colcon_core.package_identification:_identify(test) by extension 'ignore_ament_install'
[0.136s] Level 1:colcon.colcon_core.package_identification:_identify(test) by extensions ['colcon_pkg']
[0.136s] Level 1:colcon.colcon_core.package_identification:_identify(test) by extension 'colcon_pkg'
[0.136s] Level 1:colcon.colcon_core.package_identification:_identify(test) by extensions ['colcon_meta']
[0.136s] Level 1:colcon.colcon_core.package_identification:_identify(test) by extension 'colcon_meta'
[0.136s] Level 1:colcon.colcon_core.package_identification:_identify(test) by extensions ['ros']
[0.136s] Level 1:colcon.colcon_core.package_identification:_identify(test) by extension 'ros'
[0.136s] Level 1:colcon.colcon_core.package_identification:_identify(test) by extensions ['cmake', 'python']
[0.136s] Level 1:colcon.colcon_core.package_identification:_identify(test) by extension 'cmake'
[0.136s] Level 1:colcon.colcon_core.package_identification:_identify(test) by extension 'python'
[0.136s] Level 1:colcon.colcon_core.package_identification:_identify(test) by extensions ['python_setup_py']
[0.136s] Level 1:colcon.colcon_core.package_identification:_identify(test) by extension 'python_setup_py'
[0.136s] Level 1:colcon.colcon_core.package_identification:_identify(test/comms) by extensions ['ignore', 'ignore_ament_install']
[0.136s] Level 1:colcon.colcon_core.package_identification:_identify(test/comms) by extension 'ignore'
[0.136s] Level 1:colcon.colcon_core.package_identification:_identify(test/comms) by extension 'ignore_ament_install'
[0.136s] Level 1:colcon.colcon_core.package_identification:_identify(test/comms) by extensions ['colcon_pkg']
[0.136s] Level 1:colcon.colcon_core.package_identification:_identify(test/comms) by extension 'colcon_pkg'
[0.136s] Level 1:colcon.colcon_core.package_identification:_identify(test/comms) by extensions ['colcon_meta']
[0.136s] Level 1:colcon.colcon_core.package_identification:_identify(test/comms) by extension 'colcon_meta'
[0.136s] Level 1:colcon.colcon_core.package_identification:_identify(test/comms) by extensions ['ros']
[0.136s] Level 1:colcon.colcon_core.package_identification:_identify(test/comms) by extension 'ros'
[0.136s] Level 1:colcon.colcon_core.package_identification:_identify(test/comms) by extensions ['cmake', 'python']
[0.137s] Level 1:colcon.colcon_core.package_identification:_identify(test/comms) by extension 'cmake'
[0.137s] Level 1:colcon.colcon_core.package_identification:_identify(test/comms) by extension 'python'
[0.137s] Level 1:colcon.colcon_core.package_identification:_identify(test/comms) by extensions ['python_setup_py']
[0.137s] Level 1:colcon.colcon_core.package_identification:_identify(test/comms) by extension 'python_setup_py'
[0.137s] Level 1:colcon.colcon_core.package_identification:_identify(test/comms/build) by extensions ['ignore', 'ignore_ament_install']
[0.137s] Level 1:colcon.colcon_core.package_identification:_identify(test/comms/build) by extension 'ignore'
[0.137s] Level 1:colcon.colcon_core.package_identification:_identify(test/comms/build) ignored
[0.137s] Level 1:colcon.colcon_core.package_identification:_identify(test/comms/install) by extensions ['ignore', 'ignore_ament_install']
[0.137s] Level 1:colcon.colcon_core.package_identification:_identify(test/comms/install) by extension 'ignore'
[0.137s] Level 1:colcon.colcon_core.package_identification:_identify(test/comms/install) ignored
[0.137s] Level 1:colcon.colcon_core.package_identification:_identify(test/comms/log) by extensions ['ignore', 'ignore_ament_install']
[0.137s] Level 1:colcon.colcon_core.package_identification:_identify(test/comms/log) by extension 'ignore'
[0.137s] Level 1:colcon.colcon_core.package_identification:_identify(test/comms/log) ignored
[0.137s] Level 1:colcon.colcon_core.package_identification:_identify(test/comms/serial) by extensions ['ignore', 'ignore_ament_install']
[0.137s] Level 1:colcon.colcon_core.package_identification:_identify(test/comms/serial) by extension 'ignore'
[0.137s] Level 1:colcon.colcon_core.package_identification:_identify(test/comms/serial) by extension 'ignore_ament_install'
[0.137s] Level 1:colcon.colcon_core.package_identification:_identify(test/comms/serial) by extensions ['colcon_pkg']
[0.137s] Level 1:colcon.colcon_core.package_identification:_identify(test/comms/serial) by extension 'colcon_pkg'
[0.137s] Level 1:colcon.colcon_core.package_identification:_identify(test/comms/serial) by extensions ['colcon_meta']
[0.137s] Level 1:colcon.colcon_core.package_identification:_identify(test/comms/serial) by extension 'colcon_meta'
[0.137s] Level 1:colcon.colcon_core.package_identification:_identify(test/comms/serial) by extensions ['ros']
[0.137s] Level 1:colcon.colcon_core.package_identification:_identify(test/comms/serial) by extension 'ros'
[0.137s] Level 1:colcon.colcon_core.package_identification:_identify(test/comms/serial) by extensions ['cmake', 'python']
[0.137s] Level 1:colcon.colcon_core.package_identification:_identify(test/comms/serial) by extension 'cmake'
[0.137s] Level 1:colcon.colcon_core.package_identification:_identify(test/comms/serial) by extension 'python'
[0.137s] Level 1:colcon.colcon_core.package_identification:_identify(test/comms/serial) by extensions ['python_setup_py']
[0.137s] Level 1:colcon.colcon_core.package_identification:_identify(test/comms/serial) by extension 'python_setup_py'
[0.137s] Level 1:colcon.colcon_core.package_identification:_identify(test/firmware_testing) by extensions ['ignore', 'ignore_ament_install']
[0.137s] Level 1:colcon.colcon_core.package_identification:_identify(test/firmware_testing) by extension 'ignore'
[0.137s] Level 1:colcon.colcon_core.package_identification:_identify(test/firmware_testing) by extension 'ignore_ament_install'
[0.137s] Level 1:colcon.colcon_core.package_identification:_identify(test/firmware_testing) by extensions ['colcon_pkg']
[0.137s] Level 1:colcon.colcon_core.package_identification:_identify(test/firmware_testing) by extension 'colcon_pkg'
[0.137s] Level 1:colcon.colcon_core.package_identification:_identify(test/firmware_testing) by extensions ['colcon_meta']
[0.137s] Level 1:colcon.colcon_core.package_identification:_identify(test/firmware_testing) by extension 'colcon_meta'
[0.137s] Level 1:colcon.colcon_core.package_identification:_identify(test/firmware_testing) by extensions ['ros']
[0.137s] Level 1:colcon.colcon_core.package_identification:_identify(test/firmware_testing) by extension 'ros'
[0.137s] Level 1:colcon.colcon_core.package_identification:_identify(test/firmware_testing) by extensions ['cmake', 'python']
[0.137s] Level 1:colcon.colcon_core.package_identification:_identify(test/firmware_testing) by extension 'cmake'
[0.137s] Level 1:colcon.colcon_core.package_identification:_identify(test/firmware_testing) by extension 'python'
[0.137s] Level 1:colcon.colcon_core.package_identification:_identify(test/firmware_testing) by extensions ['python_setup_py']
[0.137s] Level 1:colcon.colcon_core.package_identification:_identify(test/firmware_testing) by extension 'python_setup_py'
[0.137s] Level 1:colcon.colcon_core.package_identification:_identify(test/firmware_testing/cncStepper) by extensions ['ignore', 'ignore_ament_install']
[0.138s] Level 1:colcon.colcon_core.package_identification:_identify(test/firmware_testing/cncStepper) by extension 'ignore'
[0.138s] Level 1:colcon.colcon_core.package_identification:_identify(test/firmware_testing/cncStepper) by extension 'ignore_ament_install'
[0.138s] Level 1:colcon.colcon_core.package_identification:_identify(test/firmware_testing/cncStepper) by extensions ['colcon_pkg']
[0.138s] Level 1:colcon.colcon_core.package_identification:_identify(test/firmware_testing/cncStepper) by extension 'colcon_pkg'
[0.138s] Level 1:colcon.colcon_core.package_identification:_identify(test/firmware_testing/cncStepper) by extensions ['colcon_meta']
[0.138s] Level 1:colcon.colcon_core.package_identification:_identify(test/firmware_testing/cncStepper) by extension 'colcon_meta'
[0.138s] Level 1:colcon.colcon_core.package_identification:_identify(test/firmware_testing/cncStepper) by extensions ['ros']
[0.138s] Level 1:colcon.colcon_core.package_identification:_identify(test/firmware_testing/cncStepper) by extension 'ros'
[0.138s] Level 1:colcon.colcon_core.package_identification:_identify(test/firmware_testing/cncStepper) by extensions ['cmake', 'python']
[0.138s] Level 1:colcon.colcon_core.package_identification:_identify(test/firmware_testing/cncStepper) by extension 'cmake'
[0.138s] Level 1:colcon.colcon_core.package_identification:_identify(test/firmware_testing/cncStepper) by extension 'python'
[0.138s] Level 1:colcon.colcon_core.package_identification:_identify(test/firmware_testing/cncStepper) by extensions ['python_setup_py']
[0.138s] Level 1:colcon.colcon_core.package_identification:_identify(test/firmware_testing/cncStepper) by extension 'python_setup_py'
[0.138s] Level 1:colcon.colcon_core.package_identification:_identify(test/firmware_testing/joyStickC) by extensions ['ignore', 'ignore_ament_install']
[0.138s] Level 1:colcon.colcon_core.package_identification:_identify(test/firmware_testing/joyStickC) by extension 'ignore'
[0.138s] Level 1:colcon.colcon_core.package_identification:_identify(test/firmware_testing/joyStickC) by extension 'ignore_ament_install'
[0.138s] Level 1:colcon.colcon_core.package_identification:_identify(test/firmware_testing/joyStickC) by extensions ['colcon_pkg']
[0.138s] Level 1:colcon.colcon_core.package_identification:_identify(test/firmware_testing/joyStickC) by extension 'colcon_pkg'
[0.138s] Level 1:colcon.colcon_core.package_identification:_identify(test/firmware_testing/joyStickC) by extensions ['colcon_meta']
[0.138s] Level 1:colcon.colcon_core.package_identification:_identify(test/firmware_testing/joyStickC) by extension 'colcon_meta'
[0.138s] Level 1:colcon.colcon_core.package_identification:_identify(test/firmware_testing/joyStickC) by extensions ['ros']
[0.138s] Level 1:colcon.colcon_core.package_identification:_identify(test/firmware_testing/joyStickC) by extension 'ros'
[0.138s] Level 1:colcon.colcon_core.package_identification:_identify(test/firmware_testing/joyStickC) by extensions ['cmake', 'python']
[0.138s] Level 1:colcon.colcon_core.package_identification:_identify(test/firmware_testing/joyStickC) by extension 'cmake'
[0.138s] Level 1:colcon.colcon_core.package_identification:_identify(test/firmware_testing/joyStickC) by extension 'python'
[0.138s] Level 1:colcon.colcon_core.package_identification:_identify(test/firmware_testing/joyStickC) by extensions ['python_setup_py']
[0.138s] Level 1:colcon.colcon_core.package_identification:_identify(test/firmware_testing/joyStickC) by extension 'python_setup_py'
[0.138s] Level 1:colcon.colcon_core.package_identification:_identify(test/python_testing) by extensions ['ignore', 'ignore_ament_install']
[0.138s] Level 1:colcon.colcon_core.package_identification:_identify(test/python_testing) by extension 'ignore'
[0.138s] Level 1:colcon.colcon_core.package_identification:_identify(test/python_testing) by extension 'ignore_ament_install'
[0.138s] Level 1:colcon.colcon_core.package_identification:_identify(test/python_testing) by extensions ['colcon_pkg']
[0.138s] Level 1:colcon.colcon_core.package_identification:_identify(test/python_testing) by extension 'colcon_pkg'
[0.138s] Level 1:colcon.colcon_core.package_identification:_identify(test/python_testing) by extensions ['colcon_meta']
[0.138s] Level 1:colcon.colcon_core.package_identification:_identify(test/python_testing) by extension 'colcon_meta'
[0.138s] Level 1:colcon.colcon_core.package_identification:_identify(test/python_testing) by extensions ['ros']
[0.138s] Level 1:colcon.colcon_core.package_identification:_identify(test/python_testing) by extension 'ros'
[0.138s] Level 1:colcon.colcon_core.package_identification:_identify(test/python_testing) by extensions ['cmake', 'python']
[0.138s] Level 1:colcon.colcon_core.package_identification:_identify(test/python_testing) by extension 'cmake'
[0.138s] Level 1:colcon.colcon_core.package_identification:_identify(test/python_testing) by extension 'python'
[0.138s] Level 1:colcon.colcon_core.package_identification:_identify(test/python_testing) by extensions ['python_setup_py']
[0.138s] Level 1:colcon.colcon_core.package_identification:_identify(test/python_testing) by extension 'python_setup_py'
[0.138s] Level 1:colcon.colcon_core.package_identification:_identify(test/ros_testing) by extensions ['ignore', 'ignore_ament_install']
[0.138s] Level 1:colcon.colcon_core.package_identification:_identify(test/ros_testing) by extension 'ignore'
[0.138s] Level 1:colcon.colcon_core.package_identification:_identify(test/ros_testing) by extension 'ignore_ament_install'
[0.138s] Level 1:colcon.colcon_core.package_identification:_identify(test/ros_testing) by extensions ['colcon_pkg']
[0.138s] Level 1:colcon.colcon_core.package_identification:_identify(test/ros_testing) by extension 'colcon_pkg'
[0.138s] Level 1:colcon.colcon_core.package_identification:_identify(test/ros_testing) by extensions ['colcon_meta']
[0.138s] Level 1:colcon.colcon_core.package_identification:_identify(test/ros_testing) by extension 'colcon_meta'
[0.138s] Level 1:colcon.colcon_core.package_identification:_identify(test/ros_testing) by extensions ['ros']
[0.138s] Level 1:colcon.colcon_core.package_identification:_identify(test/ros_testing) by extension 'ros'
[0.138s] Level 1:colcon.colcon_core.package_identification:_identify(test/ros_testing) by extensions ['cmake', 'python']
[0.138s] Level 1:colcon.colcon_core.package_identification:_identify(test/ros_testing) by extension 'cmake'
[0.138s] Level 1:colcon.colcon_core.package_identification:_identify(test/ros_testing) by extension 'python'
[0.139s] Level 1:colcon.colcon_core.package_identification:_identify(test/ros_testing) by extensions ['python_setup_py']
[0.139s] Level 1:colcon.colcon_core.package_identification:_identify(test/ros_testing) by extension 'python_setup_py'
[0.139s] Level 1:colcon.colcon_core.package_identification:_identify(test/ros_testing/joy_stick_pkg) by extensions ['ignore', 'ignore_ament_install']
[0.139s] Level 1:colcon.colcon_core.package_identification:_identify(test/ros_testing/joy_stick_pkg) by extension 'ignore'
[0.139s] Level 1:colcon.colcon_core.package_identification:_identify(test/ros_testing/joy_stick_pkg) by extension 'ignore_ament_install'
[0.139s] Level 1:colcon.colcon_core.package_identification:_identify(test/ros_testing/joy_stick_pkg) by extensions ['colcon_pkg']
[0.139s] Level 1:colcon.colcon_core.package_identification:_identify(test/ros_testing/joy_stick_pkg) by extension 'colcon_pkg'
[0.139s] Level 1:colcon.colcon_core.package_identification:_identify(test/ros_testing/joy_stick_pkg) by extensions ['colcon_meta']
[0.139s] Level 1:colcon.colcon_core.package_identification:_identify(test/ros_testing/joy_stick_pkg) by extension 'colcon_meta'
[0.139s] Level 1:colcon.colcon_core.package_identification:_identify(test/ros_testing/joy_stick_pkg) by extensions ['ros']
[0.139s] Level 1:colcon.colcon_core.package_identification:_identify(test/ros_testing/joy_stick_pkg) by extension 'ros'
[0.139s] DEBUG:colcon.colcon_core.package_identification:Package 'test/ros_testing/joy_stick_pkg' with type 'ros.ament_python' and name 'joy_stick_pkg'
[0.139s] Level 1:colcon.colcon_core.package_identification:_identify(test/ros_testing/stepper_pkg) by extensions ['ignore', 'ignore_ament_install']
[0.139s] Level 1:colcon.colcon_core.package_identification:_identify(test/ros_testing/stepper_pkg) by extension 'ignore'
[0.139s] Level 1:colcon.colcon_core.package_identification:_identify(test/ros_testing/stepper_pkg) by extension 'ignore_ament_install'
[0.139s] Level 1:colcon.colcon_core.package_identification:_identify(test/ros_testing/stepper_pkg) by extensions ['colcon_pkg']
[0.139s] Level 1:colcon.colcon_core.package_identification:_identify(test/ros_testing/stepper_pkg) by extension 'colcon_pkg'
[0.139s] Level 1:colcon.colcon_core.package_identification:_identify(test/ros_testing/stepper_pkg) by extensions ['colcon_meta']
[0.139s] Level 1:colcon.colcon_core.package_identification:_identify(test/ros_testing/stepper_pkg) by extension 'colcon_meta'
[0.139s] Level 1:colcon.colcon_core.package_identification:_identify(test/ros_testing/stepper_pkg) by extensions ['ros']
[0.139s] Level 1:colcon.colcon_core.package_identification:_identify(test/ros_testing/stepper_pkg) by extension 'ros'
[0.139s] DEBUG:colcon.colcon_core.package_identification:Package 'test/ros_testing/stepper_pkg' with type 'ros.ament_python' and name 'stepper_pkg'
[0.139s] Level 1:colcon.colcon_core.package_discovery:discover_packages(recursive) using defaults
[0.139s] Level 1:colcon.colcon_core.package_discovery:discover_packages(ignore) discover
[0.140s] Level 1:colcon.colcon_core.package_discovery:discover_packages(ignore) using defaults
[0.140s] Level 1:colcon.colcon_core.package_discovery:discover_packages(path) discover
[0.140s] Level 1:colcon.colcon_core.package_discovery:discover_packages(path) using defaults
[0.151s] Level 1:colcon.colcon_core.package_discovery:discover_packages(prefix_path) check parameters
[0.151s] Level 1:colcon.colcon_core.package_discovery:discover_packages(prefix_path) discover
[0.152s] Level 1:colcon.colcon_core.package_discovery:discover_packages(prefix_path) using defaults
[0.152s] Level 5:colcon.colcon_core.verb:set package 'joy_stick_pkg' build argument 'cmake_args' from command line to 'None'
[0.152s] Level 5:colcon.colcon_core.verb:set package 'joy_stick_pkg' build argument 'cmake_target' from command line to 'None'
[0.152s] Level 5:colcon.colcon_core.verb:set package 'joy_stick_pkg' build argument 'cmake_target_skip_unavailable' from command line to 'False'
[0.152s] Level 5:colcon.colcon_core.verb:set package 'joy_stick_pkg' build argument 'cmake_clean_cache' from command line to 'False'
[0.152s] Level 5:colcon.colcon_core.verb:set package 'joy_stick_pkg' build argument 'cmake_clean_first' from command line to 'False'
[0.152s] Level 5:colcon.colcon_core.verb:set package 'joy_stick_pkg' build argument 'cmake_force_configure' from command line to 'False'
[0.152s] Level 5:colcon.colcon_core.verb:set package 'joy_stick_pkg' build argument 'ament_cmake_args' from command line to 'None'
[0.152s] Level 5:colcon.colcon_core.verb:set package 'joy_stick_pkg' build argument 'catkin_cmake_args' from command line to 'None'
[0.152s] Level 5:colcon.colcon_core.verb:set package 'joy_stick_pkg' build argument 'catkin_skip_building_tests' from command line to 'False'
[0.152s] DEBUG:colcon.colcon_core.verb:Building package 'joy_stick_pkg' with the following arguments: {'ament_cmake_args': None, 'build_base': '/home/luke/Projects/robots/ros-meal-prep/build/joy_stick_pkg', 'catkin_cmake_args': None, 'catkin_skip_building_tests': False, 'cmake_args': None, 'cmake_clean_cache': False, 'cmake_clean_first': False, 'cmake_force_configure': False, 'cmake_target': None, 'cmake_target_skip_unavailable': False, 'install_base': '/home/luke/Projects/robots/ros-meal-prep/install/joy_stick_pkg', 'merge_install': False, 'path': '/home/luke/Projects/robots/ros-meal-prep/test/ros_testing/joy_stick_pkg', 'symlink_install': False, 'test_result_base': None}
[0.153s] Level 5:colcon.colcon_core.verb:set package 'painting_pkg' build argument 'cmake_args' from command line to 'None'
[0.153s] Level 5:colcon.colcon_core.verb:set package 'painting_pkg' build argument 'cmake_target' from command line to 'None'
[0.153s] Level 5:colcon.colcon_core.verb:set package 'painting_pkg' build argument 'cmake_target_skip_unavailable' from command line to 'False'
[0.153s] Level 5:colcon.colcon_core.verb:set package 'painting_pkg' build argument 'cmake_clean_cache' from command line to 'False'
[0.153s] Level 5:colcon.colcon_core.verb:set package 'painting_pkg' build argument 'cmake_clean_first' from command line to 'False'
[0.153s] Level 5:colcon.colcon_core.verb:set package 'painting_pkg' build argument 'cmake_force_configure' from command line to 'False'
[0.153s] Level 5:colcon.colcon_core.verb:set package 'painting_pkg' build argument 'ament_cmake_args' from command line to 'None'
[0.153s] Level 5:colcon.colcon_core.verb:set package 'painting_pkg' build argument 'catkin_cmake_args' from command line to 'None'
[0.153s] Level 5:colcon.colcon_core.verb:set package 'painting_pkg' build argument 'catkin_skip_building_tests' from command line to 'False'
[0.153s] DEBUG:colcon.colcon_core.verb:Building package 'painting_pkg' with the following arguments: {'ament_cmake_args': None, 'build_base': '/home/luke/Projects/robots/ros-meal-prep/build/painting_pkg', 'catkin_cmake_args': None, 'catkin_skip_building_tests': False, 'cmake_args': None, 'cmake_clean_cache': False, 'cmake_clean_first': False, 'cmake_force_configure': False, 'cmake_target': None, 'cmake_target_skip_unavailable': False, 'install_base': '/home/luke/Projects/robots/ros-meal-prep/install/painting_pkg', 'merge_install': False, 'path': '/home/luke/Projects/robots/ros-meal-prep/src/painting_pkg', 'symlink_install': False, 'test_result_base': None}
[0.153s] Level 5:colcon.colcon_core.verb:set package 'serial_comm_pkg' build argument 'cmake_args' from command line to 'None'
[0.153s] Level 5:colcon.colcon_core.verb:set package 'serial_comm_pkg' build argument 'cmake_target' from command line to 'None'
[0.153s] Level 5:colcon.colcon_core.verb:set package 'serial_comm_pkg' build argument 'cmake_target_skip_unavailable' from command line to 'False'
[0.153s] Level 5:colcon.colcon_core.verb:set package 'serial_comm_pkg' build argument 'cmake_clean_cache' from command line to 'False'
[0.153s] Level 5:colcon.colcon_core.verb:set package 'serial_comm_pkg' build argument 'cmake_clean_first' from command line to 'False'
[0.153s] Level 5:colcon.colcon_core.verb:set package 'serial_comm_pkg' build argument 'cmake_force_configure' from command line to 'False'
[0.153s] Level 5:colcon.colcon_core.verb:set package 'serial_comm_pkg' build argument 'ament_cmake_args' from command line to 'None'
[0.153s] Level 5:colcon.colcon_core.verb:set package 'serial_comm_pkg' build argument 'catkin_cmake_args' from command line to 'None'
[0.153s] Level 5:colcon.colcon_core.verb:set package 'serial_comm_pkg' build argument 'catkin_skip_building_tests' from command line to 'False'
[0.153s] DEBUG:colcon.colcon_core.verb:Building package 'serial_comm_pkg' with the following arguments: {'ament_cmake_args': None, 'build_base': '/home/luke/Projects/robots/ros-meal-prep/build/serial_comm_pkg', 'catkin_cmake_args': None, 'catkin_skip_building_tests': False, 'cmake_args': None, 'cmake_clean_cache': False, 'cmake_clean_first': False, 'cmake_force_configure': False, 'cmake_target': None, 'cmake_target_skip_unavailable': False, 'install_base': '/home/luke/Projects/robots/ros-meal-prep/install/serial_comm_pkg', 'merge_install': False, 'path': '/home/luke/Projects/robots/ros-meal-prep/src/serial_comm_pkg', 'symlink_install': False, 'test_result_base': None}
[0.153s] Level 5:colcon.colcon_core.verb:set package 'stepper_pkg' build argument 'cmake_args' from command line to 'None'
[0.153s] Level 5:colcon.colcon_core.verb:set package 'stepper_pkg' build argument 'cmake_target' from command line to 'None'
[0.153s] Level 5:colcon.colcon_core.verb:set package 'stepper_pkg' build argument 'cmake_target_skip_unavailable' from command line to 'False'
[0.153s] Level 5:colcon.colcon_core.verb:set package 'stepper_pkg' build argument 'cmake_clean_cache' from command line to 'False'
[0.153s] Level 5:colcon.colcon_core.verb:set package 'stepper_pkg' build argument 'cmake_clean_first' from command line to 'False'
[0.153s] Level 5:colcon.colcon_core.verb:set package 'stepper_pkg' build argument 'cmake_force_configure' from command line to 'False'
[0.153s] Level 5:colcon.colcon_core.verb:set package 'stepper_pkg' build argument 'ament_cmake_args' from command line to 'None'
[0.153s] Level 5:colcon.colcon_core.verb:set package 'stepper_pkg' build argument 'catkin_cmake_args' from command line to 'None'
[0.153s] Level 5:colcon.colcon_core.verb:set package 'stepper_pkg' build argument 'catkin_skip_building_tests' from command line to 'False'
[0.153s] DEBUG:colcon.colcon_core.verb:Building package 'stepper_pkg' with the following arguments: {'ament_cmake_args': None, 'build_base': '/home/luke/Projects/robots/ros-meal-prep/build/stepper_pkg', 'catkin_cmake_args': None, 'catkin_skip_building_tests': False, 'cmake_args': None, 'cmake_clean_cache': False, 'cmake_clean_first': False, 'cmake_force_configure': False, 'cmake_target': None, 'cmake_target_skip_unavailable': False, 'install_base': '/home/luke/Projects/robots/ros-meal-prep/install/stepper_pkg', 'merge_install': False, 'path': '/home/luke/Projects/robots/ros-meal-prep/test/ros_testing/stepper_pkg', 'symlink_install': False, 'test_result_base': None}
[0.153s] INFO:colcon.colcon_core.executor:Executing jobs using 'parallel' executor
[0.154s] DEBUG:colcon.colcon_parallel_executor.executor.parallel:run_until_complete
[0.154s] INFO:colcon.colcon_ros.task.ament_python.build:Building ROS package in '/home/luke/Projects/robots/ros-meal-prep/test/ros_testing/joy_stick_pkg' with build type 'ament_python'
[0.154s] Level 1:colcon.colcon_core.shell:create_environment_hook('joy_stick_pkg', 'ament_prefix_path')
[0.155s] INFO:colcon.colcon_core.plugin_system:Skipping extension 'colcon_core.shell.bat': Not used on non-Windows systems
[0.156s] INFO:colcon.colcon_core.shell:Creating environment hook '/home/luke/Projects/robots/ros-meal-prep/install/joy_stick_pkg/share/joy_stick_pkg/hook/ament_prefix_path.ps1'
[0.156s] INFO:colcon.colcon_core.shell:Creating environment descriptor '/home/luke/Projects/robots/ros-meal-prep/install/joy_stick_pkg/share/joy_stick_pkg/hook/ament_prefix_path.dsv'
[0.156s] INFO:colcon.colcon_core.shell:Creating environment hook '/home/luke/Projects/robots/ros-meal-prep/install/joy_stick_pkg/share/joy_stick_pkg/hook/ament_prefix_path.sh'
[0.157s] INFO:colcon.colcon_core.shell:Skip shell extension 'powershell' for command environment: Not usable outside of PowerShell
[0.157s] DEBUG:colcon.colcon_core.shell:Skip shell extension 'dsv' for command environment
[0.158s] INFO:colcon.colcon_ros.task.ament_python.build:Building ROS package in '/home/luke/Projects/robots/ros-meal-prep/src/painting_pkg' with build type 'ament_python'
[0.158s] Level 1:colcon.colcon_core.shell:create_environment_hook('painting_pkg', 'ament_prefix_path')
[0.158s] INFO:colcon.colcon_core.shell:Creating environment hook '/home/luke/Projects/robots/ros-meal-prep/install/painting_pkg/share/painting_pkg/hook/ament_prefix_path.ps1'
[0.158s] INFO:colcon.colcon_core.shell:Creating environment descriptor '/home/luke/Projects/robots/ros-meal-prep/install/painting_pkg/share/painting_pkg/hook/ament_prefix_path.dsv'
[0.159s] INFO:colcon.colcon_core.shell:Creating environment hook '/home/luke/Projects/robots/ros-meal-prep/install/painting_pkg/share/painting_pkg/hook/ament_prefix_path.sh'
[0.159s] INFO:colcon.colcon_core.shell:Skip shell extension 'powershell' for command environment: Not usable outside of PowerShell
[0.159s] DEBUG:colcon.colcon_core.shell:Skip shell extension 'dsv' for command environment
[0.160s] INFO:colcon.colcon_ros.task.ament_python.build:Building ROS package in '/home/luke/Projects/robots/ros-meal-prep/src/serial_comm_pkg' with build type 'ament_python'
[0.160s] Level 1:colcon.colcon_core.shell:create_environment_hook('serial_comm_pkg', 'ament_prefix_path')
[0.160s] INFO:colcon.colcon_core.shell:Creating environment hook '/home/luke/Projects/robots/ros-meal-prep/install/serial_comm_pkg/share/serial_comm_pkg/hook/ament_prefix_path.ps1'
[0.160s] INFO:colcon.colcon_core.shell:Creating environment descriptor '/home/luke/Projects/robots/ros-meal-prep/install/serial_comm_pkg/share/serial_comm_pkg/hook/ament_prefix_path.dsv'
[0.160s] INFO:colcon.colcon_core.shell:Creating environment hook '/home/luke/Projects/robots/ros-meal-prep/install/serial_comm_pkg/share/serial_comm_pkg/hook/ament_prefix_path.sh'
[0.161s] INFO:colcon.colcon_core.shell:Skip shell extension 'powershell' for command environment: Not usable outside of PowerShell
[0.161s] DEBUG:colcon.colcon_core.shell:Skip shell extension 'dsv' for command environment
[0.161s] INFO:colcon.colcon_ros.task.ament_python.build:Building ROS package in '/home/luke/Projects/robots/ros-meal-prep/test/ros_testing/stepper_pkg' with build type 'ament_python'
[0.162s] Level 1:colcon.colcon_core.shell:create_environment_hook('stepper_pkg', 'ament_prefix_path')
[0.162s] INFO:colcon.colcon_core.shell:Creating environment hook '/home/luke/Projects/robots/ros-meal-prep/install/stepper_pkg/share/stepper_pkg/hook/ament_prefix_path.ps1'
[0.162s] INFO:colcon.colcon_core.shell:Creating environment descriptor '/home/luke/Projects/robots/ros-meal-prep/install/stepper_pkg/share/stepper_pkg/hook/ament_prefix_path.dsv'
[0.162s] INFO:colcon.colcon_core.shell:Creating environment hook '/home/luke/Projects/robots/ros-meal-prep/install/stepper_pkg/share/stepper_pkg/hook/ament_prefix_path.sh'
[0.162s] INFO:colcon.colcon_core.shell:Skip shell extension 'powershell' for command environment: Not usable outside of PowerShell
[0.163s] DEBUG:colcon.colcon_core.shell:Skip shell extension 'dsv' for command environment
[0.304s] INFO:colcon.colcon_core.task.python.build:Building Python package in '/home/luke/Projects/robots/ros-meal-prep/test/ros_testing/joy_stick_pkg'
[0.304s] INFO:colcon.colcon_core.shell:Skip shell extension 'powershell' for command environment: Not usable outside of PowerShell
[0.304s] DEBUG:colcon.colcon_core.shell:Skip shell extension 'dsv' for command environment
[0.427s] INFO:colcon.colcon_core.task.python.build:Building Python package in '/home/luke/Projects/robots/ros-meal-prep/src/painting_pkg'
[0.427s] INFO:colcon.colcon_core.shell:Skip shell extension 'powershell' for command environment: Not usable outside of PowerShell
[0.427s] DEBUG:colcon.colcon_core.shell:Skip shell extension 'dsv' for command environment
[0.555s] INFO:colcon.colcon_core.task.python.build:Building Python package in '/home/luke/Projects/robots/ros-meal-prep/src/serial_comm_pkg'
[0.555s] INFO:colcon.colcon_core.shell:Skip shell extension 'powershell' for command environment: Not usable outside of PowerShell
[0.555s] DEBUG:colcon.colcon_core.shell:Skip shell extension 'dsv' for command environment
[0.713s] INFO:colcon.colcon_core.task.python.build:Building Python package in '/home/luke/Projects/robots/ros-meal-prep/test/ros_testing/stepper_pkg'
[0.714s] INFO:colcon.colcon_core.shell:Skip shell extension 'powershell' for command environment: Not usable outside of PowerShell
[0.714s] DEBUG:colcon.colcon_core.shell:Skip shell extension 'dsv' for command environment
[0.940s] DEBUG:colcon.colcon_core.event_handler.log_command:Invoking command in '/home/luke/Projects/robots/ros-meal-prep/test/ros_testing/joy_stick_pkg': PYTHONPATH=/home/luke/Projects/robots/ros-meal-prep/build/joy_stick_pkg/prefix_override:/usr/lib/python3/dist-packages/colcon_core/task/python/colcon_distutils_commands:/home/luke/Projects/robots/ros-meal-prep/install/joy_stick_pkg/lib/python3.10/site-packages: /usr/bin/python3 -W ignore:setup.py install is deprecated -W ignore:easy_install command is deprecated setup.py egg_info --egg-base ../../../build/joy_stick_pkg build --build-base /home/luke/Projects/robots/ros-meal-prep/build/joy_stick_pkg/build install --record /home/luke/Projects/robots/ros-meal-prep/build/joy_stick_pkg/install.log --single-version-externally-managed install_data
[0.944s] DEBUG:colcon.colcon_core.event_handler.log_command:Invoking command in '/home/luke/Projects/robots/ros-meal-prep/src/painting_pkg': PYTHONPATH=/home/luke/Projects/robots/ros-meal-prep/build/painting_pkg/prefix_override:/usr/lib/python3/dist-packages/colcon_core/task/python/colcon_distutils_commands:/home/luke/Projects/robots/ros-meal-prep/install/painting_pkg/lib/python3.10/site-packages: /usr/bin/python3 -W ignore:setup.py install is deprecated -W ignore:easy_install command is deprecated setup.py egg_info --egg-base ../../build/painting_pkg build --build-base /home/luke/Projects/robots/ros-meal-prep/build/painting_pkg/build install --record /home/luke/Projects/robots/ros-meal-prep/build/painting_pkg/install.log --single-version-externally-managed install_data
[0.946s] DEBUG:colcon.colcon_core.event_handler.log_command:Invoking command in '/home/luke/Projects/robots/ros-meal-prep/src/serial_comm_pkg': PYTHONPATH=/home/luke/Projects/robots/ros-meal-prep/build/serial_comm_pkg/prefix_override:/usr/lib/python3/dist-packages/colcon_core/task/python/colcon_distutils_commands:/home/luke/Projects/robots/ros-meal-prep/install/serial_comm_pkg/lib/python3.10/site-packages: /usr/bin/python3 -W ignore:setup.py install is deprecated -W ignore:easy_install command is deprecated setup.py egg_info --egg-base ../../build/serial_comm_pkg build --build-base /home/luke/Projects/robots/ros-meal-prep/build/serial_comm_pkg/build install --record /home/luke/Projects/robots/ros-meal-prep/build/serial_comm_pkg/install.log --single-version-externally-managed install_data
[0.965s] DEBUG:colcon.colcon_core.event_handler.log_command:Invoking command in '/home/luke/Projects/robots/ros-meal-prep/test/ros_testing/stepper_pkg': PYTHONPATH=/home/luke/Projects/robots/ros-meal-prep/build/stepper_pkg/prefix_override:/usr/lib/python3/dist-packages/colcon_core/task/python/colcon_distutils_commands:/home/luke/Projects/robots/ros-meal-prep/install/stepper_pkg/lib/python3.10/site-packages: /usr/bin/python3 -W ignore:setup.py install is deprecated -W ignore:easy_install command is deprecated setup.py egg_info --egg-base ../../../build/stepper_pkg build --build-base /home/luke/Projects/robots/ros-meal-prep/build/stepper_pkg/build install --record /home/luke/Projects/robots/ros-meal-prep/build/stepper_pkg/install.log --single-version-externally-managed install_data
[1.119s] DEBUG:colcon.colcon_core.event_handler.log_command:Invoked command in '/home/luke/Projects/robots/ros-meal-prep/src/serial_comm_pkg' returned '0': PYTHONPATH=/home/luke/Projects/robots/ros-meal-prep/build/serial_comm_pkg/prefix_override:/usr/lib/python3/dist-packages/colcon_core/task/python/colcon_distutils_commands:/home/luke/Projects/robots/ros-meal-prep/install/serial_comm_pkg/lib/python3.10/site-packages: /usr/bin/python3 -W ignore:setup.py install is deprecated -W ignore:easy_install command is deprecated setup.py egg_info --egg-base ../../build/serial_comm_pkg build --build-base /home/luke/Projects/robots/ros-meal-prep/build/serial_comm_pkg/build install --record /home/luke/Projects/robots/ros-meal-prep/build/serial_comm_pkg/install.log --single-version-externally-managed install_data
[1.120s] Level 1:colcon.colcon_core.environment:checking '/home/luke/Projects/robots/ros-meal-prep/install/serial_comm_pkg' for CMake module files
[1.121s] Level 1:colcon.colcon_core.environment:checking '/home/luke/Projects/robots/ros-meal-prep/install/serial_comm_pkg' for CMake config files
[1.121s] Level 1:colcon.colcon_core.environment:checking '/home/luke/Projects/robots/ros-meal-prep/install/serial_comm_pkg/lib'
[1.121s] Level 1:colcon.colcon_core.environment:checking '/home/luke/Projects/robots/ros-meal-prep/install/serial_comm_pkg/bin'
[1.121s] Level 1:colcon.colcon_core.environment:checking '/home/luke/Projects/robots/ros-meal-prep/install/serial_comm_pkg/lib/pkgconfig/serial_comm_pkg.pc'
[1.122s] Level 1:colcon.colcon_core.environment:checking '/home/luke/Projects/robots/ros-meal-prep/install/serial_comm_pkg/lib/python3.10/site-packages'
[1.122s] Level 1:colcon.colcon_core.shell:create_environment_hook('serial_comm_pkg', 'pythonpath')
[1.122s] INFO:colcon.colcon_core.shell:Creating environment hook '/home/luke/Projects/robots/ros-meal-prep/install/serial_comm_pkg/share/serial_comm_pkg/hook/pythonpath.ps1'
[1.122s] INFO:colcon.colcon_core.shell:Creating environment descriptor '/home/luke/Projects/robots/ros-meal-prep/install/serial_comm_pkg/share/serial_comm_pkg/hook/pythonpath.dsv'
[1.122s] INFO:colcon.colcon_core.shell:Creating environment hook '/home/luke/Projects/robots/ros-meal-prep/install/serial_comm_pkg/share/serial_comm_pkg/hook/pythonpath.sh'
[1.123s] Level 1:colcon.colcon_core.environment:checking '/home/luke/Projects/robots/ros-meal-prep/install/serial_comm_pkg/bin'
[1.123s] Level 1:colcon.colcon_core.environment:create_environment_scripts_only(serial_comm_pkg)
[1.123s] INFO:colcon.colcon_core.shell:Creating package script '/home/luke/Projects/robots/ros-meal-prep/install/serial_comm_pkg/share/serial_comm_pkg/package.ps1'
[1.123s] INFO:colcon.colcon_core.shell:Creating package descriptor '/home/luke/Projects/robots/ros-meal-prep/install/serial_comm_pkg/share/serial_comm_pkg/package.dsv'
[1.124s] INFO:colcon.colcon_core.shell:Creating package script '/home/luke/Projects/robots/ros-meal-prep/install/serial_comm_pkg/share/serial_comm_pkg/package.sh'
[1.124s] INFO:colcon.colcon_core.shell:Creating package script '/home/luke/Projects/robots/ros-meal-prep/install/serial_comm_pkg/share/serial_comm_pkg/package.bash'
[1.125s] INFO:colcon.colcon_core.shell:Creating package script '/home/luke/Projects/robots/ros-meal-prep/install/serial_comm_pkg/share/serial_comm_pkg/package.zsh'
[1.125s] Level 1:colcon.colcon_core.environment:create_file_with_runtime_dependencies(/home/luke/Projects/robots/ros-meal-prep/install/serial_comm_pkg/share/colcon-core/packages/serial_comm_pkg)
[1.133s] Level 1:colcon.colcon_core.environment:checking '/home/luke/Projects/robots/ros-meal-prep/install/joy_stick_pkg' for CMake module files
[1.133s] DEBUG:colcon.colcon_core.event_handler.log_command:Invoked command in '/home/luke/Projects/robots/ros-meal-prep/test/ros_testing/joy_stick_pkg' returned '0': PYTHONPATH=/home/luke/Projects/robots/ros-meal-prep/build/joy_stick_pkg/prefix_override:/usr/lib/python3/dist-packages/colcon_core/task/python/colcon_distutils_commands:/home/luke/Projects/robots/ros-meal-prep/install/joy_stick_pkg/lib/python3.10/site-packages: /usr/bin/python3 -W ignore:setup.py install is deprecated -W ignore:easy_install command is deprecated setup.py egg_info --egg-base ../../../build/joy_stick_pkg build --build-base /home/luke/Projects/robots/ros-meal-prep/build/joy_stick_pkg/build install --record /home/luke/Projects/robots/ros-meal-prep/build/joy_stick_pkg/install.log --single-version-externally-managed install_data
[1.133s] Level 1:colcon.colcon_core.environment:checking '/home/luke/Projects/robots/ros-meal-prep/install/joy_stick_pkg' for CMake config files
[1.134s] Level 1:colcon.colcon_core.environment:checking '/home/luke/Projects/robots/ros-meal-prep/install/joy_stick_pkg/lib'
[1.134s] Level 1:colcon.colcon_core.environment:checking '/home/luke/Projects/robots/ros-meal-prep/install/joy_stick_pkg/bin'
[1.134s] Level 1:colcon.colcon_core.environment:checking '/home/luke/Projects/robots/ros-meal-prep/install/joy_stick_pkg/lib/pkgconfig/joy_stick_pkg.pc'
[1.134s] Level 1:colcon.colcon_core.environment:checking '/home/luke/Projects/robots/ros-meal-prep/install/joy_stick_pkg/lib/python3.10/site-packages'
[1.134s] Level 1:colcon.colcon_core.shell:create_environment_hook('joy_stick_pkg', 'pythonpath')
[1.134s] INFO:colcon.colcon_core.shell:Creating environment hook '/home/luke/Projects/robots/ros-meal-prep/install/joy_stick_pkg/share/joy_stick_pkg/hook/pythonpath.ps1'
[1.135s] INFO:colcon.colcon_core.shell:Creating environment descriptor '/home/luke/Projects/robots/ros-meal-prep/install/joy_stick_pkg/share/joy_stick_pkg/hook/pythonpath.dsv'
[1.135s] INFO:colcon.colcon_core.shell:Creating environment hook '/home/luke/Projects/robots/ros-meal-prep/install/joy_stick_pkg/share/joy_stick_pkg/hook/pythonpath.sh'
[1.136s] Level 1:colcon.colcon_core.environment:checking '/home/luke/Projects/robots/ros-meal-prep/install/joy_stick_pkg/bin'
[1.136s] Level 1:colcon.colcon_core.environment:create_environment_scripts_only(joy_stick_pkg)
[1.136s] INFO:colcon.colcon_core.shell:Creating package script '/home/luke/Projects/robots/ros-meal-prep/install/joy_stick_pkg/share/joy_stick_pkg/package.ps1'
[1.136s] INFO:colcon.colcon_core.shell:Creating package descriptor '/home/luke/Projects/robots/ros-meal-prep/install/joy_stick_pkg/share/joy_stick_pkg/package.dsv'
[1.137s] INFO:colcon.colcon_core.shell:Creating package script '/home/luke/Projects/robots/ros-meal-prep/install/joy_stick_pkg/share/joy_stick_pkg/package.sh'
[1.137s] INFO:colcon.colcon_core.shell:Creating package script '/home/luke/Projects/robots/ros-meal-prep/install/joy_stick_pkg/share/joy_stick_pkg/package.bash'
[1.137s] INFO:colcon.colcon_core.shell:Creating package script '/home/luke/Projects/robots/ros-meal-prep/install/joy_stick_pkg/share/joy_stick_pkg/package.zsh'
[1.137s] Level 1:colcon.colcon_core.environment:create_file_with_runtime_dependencies(/home/luke/Projects/robots/ros-meal-prep/install/joy_stick_pkg/share/colcon-core/packages/joy_stick_pkg)
[1.142s] Level 1:colcon.colcon_core.environment:checking '/home/luke/Projects/robots/ros-meal-prep/install/painting_pkg' for CMake module files
[1.142s] DEBUG:colcon.colcon_core.event_handler.log_command:Invoked command in '/home/luke/Projects/robots/ros-meal-prep/src/painting_pkg' returned '0': PYTHONPATH=/home/luke/Projects/robots/ros-meal-prep/build/painting_pkg/prefix_override:/usr/lib/python3/dist-packages/colcon_core/task/python/colcon_distutils_commands:/home/luke/Projects/robots/ros-meal-prep/install/painting_pkg/lib/python3.10/site-packages: /usr/bin/python3 -W ignore:setup.py install is deprecated -W ignore:easy_install command is deprecated setup.py egg_info --egg-base ../../build/painting_pkg build --build-base /home/luke/Projects/robots/ros-meal-prep/build/painting_pkg/build install --record /home/luke/Projects/robots/ros-meal-prep/build/painting_pkg/install.log --single-version-externally-managed install_data
[1.143s] Level 1:colcon.colcon_core.environment:checking '/home/luke/Projects/robots/ros-meal-prep/install/painting_pkg' for CMake config files
[1.144s] Level 1:colcon.colcon_core.environment:checking '/home/luke/Projects/robots/ros-meal-prep/install/painting_pkg/lib'
[1.145s] Level 1:colcon.colcon_core.environment:checking '/home/luke/Projects/robots/ros-meal-prep/install/painting_pkg/bin'
[1.145s] Level 1:colcon.colcon_core.environment:checking '/home/luke/Projects/robots/ros-meal-prep/install/painting_pkg/lib/pkgconfig/painting_pkg.pc'
[1.146s] Level 1:colcon.colcon_core.environment:checking '/home/luke/Projects/robots/ros-meal-prep/install/painting_pkg/lib/python3.10/site-packages'
[1.146s] Level 1:colcon.colcon_core.shell:create_environment_hook('painting_pkg', 'pythonpath')
[1.146s] INFO:colcon.colcon_core.shell:Creating environment hook '/home/luke/Projects/robots/ros-meal-prep/install/painting_pkg/share/painting_pkg/hook/pythonpath.ps1'
[1.147s] INFO:colcon.colcon_core.shell:Creating environment descriptor '/home/luke/Projects/robots/ros-meal-prep/install/painting_pkg/share/painting_pkg/hook/pythonpath.dsv'
[1.147s] INFO:colcon.colcon_core.shell:Creating environment hook '/home/luke/Projects/robots/ros-meal-prep/install/painting_pkg/share/painting_pkg/hook/pythonpath.sh'
[1.147s] Level 1:colcon.colcon_core.environment:checking '/home/luke/Projects/robots/ros-meal-prep/install/painting_pkg/bin'
[1.147s] Level 1:colcon.colcon_core.environment:create_environment_scripts_only(painting_pkg)
[1.147s] INFO:colcon.colcon_core.shell:Creating package script '/home/luke/Projects/robots/ros-meal-prep/install/painting_pkg/share/painting_pkg/package.ps1'
[1.148s] INFO:colcon.colcon_core.shell:Creating package descriptor '/home/luke/Projects/robots/ros-meal-prep/install/painting_pkg/share/painting_pkg/package.dsv'
[1.148s] INFO:colcon.colcon_core.shell:Creating package script '/home/luke/Projects/robots/ros-meal-prep/install/painting_pkg/share/painting_pkg/package.sh'
[1.148s] INFO:colcon.colcon_core.shell:Creating package script '/home/luke/Projects/robots/ros-meal-prep/install/painting_pkg/share/painting_pkg/package.bash'
[1.149s] INFO:colcon.colcon_core.shell:Creating package script '/home/luke/Projects/robots/ros-meal-prep/install/painting_pkg/share/painting_pkg/package.zsh'
[1.149s] Level 1:colcon.colcon_core.environment:create_file_with_runtime_dependencies(/home/luke/Projects/robots/ros-meal-prep/install/painting_pkg/share/colcon-core/packages/painting_pkg)
[1.163s] Level 1:colcon.colcon_core.environment:checking '/home/luke/Projects/robots/ros-meal-prep/install/stepper_pkg' for CMake module files
[1.164s] DEBUG:colcon.colcon_core.event_handler.log_command:Invoked command in '/home/luke/Projects/robots/ros-meal-prep/test/ros_testing/stepper_pkg' returned '0': PYTHONPATH=/home/luke/Projects/robots/ros-meal-prep/build/stepper_pkg/prefix_override:/usr/lib/python3/dist-packages/colcon_core/task/python/colcon_distutils_commands:/home/luke/Projects/robots/ros-meal-prep/install/stepper_pkg/lib/python3.10/site-packages: /usr/bin/python3 -W ignore:setup.py install is deprecated -W ignore:easy_install command is deprecated setup.py egg_info --egg-base ../../../build/stepper_pkg build --build-base /home/luke/Projects/robots/ros-meal-prep/build/stepper_pkg/build install --record /home/luke/Projects/robots/ros-meal-prep/build/stepper_pkg/install.log --single-version-externally-managed install_data
[1.164s] Level 1:colcon.colcon_core.environment:checking '/home/luke/Projects/robots/ros-meal-prep/install/stepper_pkg' for CMake config files
[1.165s] Level 1:colcon.colcon_core.environment:checking '/home/luke/Projects/robots/ros-meal-prep/install/stepper_pkg/lib'
[1.165s] Level 1:colcon.colcon_core.environment:checking '/home/luke/Projects/robots/ros-meal-prep/install/stepper_pkg/bin'
[1.165s] Level 1:colcon.colcon_core.environment:checking '/home/luke/Projects/robots/ros-meal-prep/install/stepper_pkg/lib/pkgconfig/stepper_pkg.pc'
[1.165s] Level 1:colcon.colcon_core.environment:checking '/home/luke/Projects/robots/ros-meal-prep/install/stepper_pkg/lib/python3.10/site-packages'
[1.165s] Level 1:colcon.colcon_core.shell:create_environment_hook('stepper_pkg', 'pythonpath')
[1.165s] INFO:colcon.colcon_core.shell:Creating environment hook '/home/luke/Projects/robots/ros-meal-prep/install/stepper_pkg/share/stepper_pkg/hook/pythonpath.ps1'
[1.165s] INFO:colcon.colcon_core.shell:Creating environment descriptor '/home/luke/Projects/robots/ros-meal-prep/install/stepper_pkg/share/stepper_pkg/hook/pythonpath.dsv'
[1.166s] INFO:colcon.colcon_core.shell:Creating environment hook '/home/luke/Projects/robots/ros-meal-prep/install/stepper_pkg/share/stepper_pkg/hook/pythonpath.sh'
[1.166s] Level 1:colcon.colcon_core.environment:checking '/home/luke/Projects/robots/ros-meal-prep/install/stepper_pkg/bin'
[1.166s] Level 1:colcon.colcon_core.environment:create_environment_scripts_only(stepper_pkg)
[1.167s] INFO:colcon.colcon_core.shell:Creating package script '/home/luke/Projects/robots/ros-meal-prep/install/stepper_pkg/share/stepper_pkg/package.ps1'
[1.167s] INFO:colcon.colcon_core.shell:Creating package descriptor '/home/luke/Projects/robots/ros-meal-prep/install/stepper_pkg/share/stepper_pkg/package.dsv'
[1.167s] INFO:colcon.colcon_core.shell:Creating package script '/home/luke/Projects/robots/ros-meal-prep/install/stepper_pkg/share/stepper_pkg/package.sh'
[1.168s] INFO:colcon.colcon_core.shell:Creating package script '/home/luke/Projects/robots/ros-meal-prep/install/stepper_pkg/share/stepper_pkg/package.bash'
[1.168s] INFO:colcon.colcon_core.shell:Creating package script '/home/luke/Projects/robots/ros-meal-prep/install/stepper_pkg/share/stepper_pkg/package.zsh'
[1.168s] Level 1:colcon.colcon_core.environment:create_file_with_runtime_dependencies(/home/luke/Projects/robots/ros-meal-prep/install/stepper_pkg/share/colcon-core/packages/stepper_pkg)
[1.168s] DEBUG:colcon.colcon_parallel_executor.executor.parallel:closing loop
[1.169s] DEBUG:colcon.colcon_parallel_executor.executor.parallel:loop closed
[1.169s] DEBUG:colcon.colcon_parallel_executor.executor.parallel:run_until_complete finished with '0'
[1.169s] DEBUG:colcon.colcon_core.event_reactor:joining thread
[1.176s] INFO:colcon.colcon_core.plugin_system:Skipping extension 'colcon_notification.desktop_notification.terminal_notifier': Not used on non-Darwin systems
[1.176s] INFO:colcon.colcon_core.plugin_system:Skipping extension 'colcon_notification.desktop_notification.win32': Not used on non-Windows systems
[1.176s] INFO:colcon.colcon_notification.desktop_notification:Sending desktop notification using 'notify2'
[1.180s] DEBUG:colcon.colcon_notification.desktop_notification.notify2:Failed to initialize notify2: org.freedesktop.DBus.Error.Spawn.ExecFailed: /usr/bin/dbus-launch terminated abnormally without any error message
[1.180s] DEBUG:colcon.colcon_core.event_reactor:joined thread
[1.181s] INFO:colcon.colcon_core.shell:Creating prefix script '/home/luke/Projects/robots/ros-meal-prep/install/local_setup.ps1'
[1.182s] INFO:colcon.colcon_core.shell:Creating prefix util module '/home/luke/Projects/robots/ros-meal-prep/install/_local_setup_util_ps1.py'
[1.183s] INFO:colcon.colcon_core.shell:Creating prefix chain script '/home/luke/Projects/robots/ros-meal-prep/install/setup.ps1'
[1.183s] INFO:colcon.colcon_core.shell:Creating prefix script '/home/luke/Projects/robots/ros-meal-prep/install/local_setup.sh'
[1.184s] INFO:colcon.colcon_core.shell:Creating prefix util module '/home/luke/Projects/robots/ros-meal-prep/install/_local_setup_util_sh.py'
[1.184s] INFO:colcon.colcon_core.shell:Creating prefix chain script '/home/luke/Projects/robots/ros-meal-prep/install/setup.sh'
[1.184s] INFO:colcon.colcon_core.shell:Creating prefix script '/home/luke/Projects/robots/ros-meal-prep/install/local_setup.bash'
[1.208s] INFO:colcon.colcon_core.shell:Creating prefix chain script '/home/luke/Projects/robots/ros-meal-prep/install/setup.bash'
[1.209s] INFO:colcon.colcon_core.shell:Creating prefix script '/home/luke/Projects/robots/ros-meal-prep/install/local_setup.zsh'
[1.209s] INFO:colcon.colcon_core.shell:Creating prefix chain script '/home/luke/Projects/robots/ros-meal-prep/install/setup.zsh'
