[0.337s] Invoking command in '/home/luke/Projects/robots/ros-meal-prep/src/stepper_pkg': PYTHONPATH=/home/luke/Projects/robots/ros-meal-prep/build/stepper_pkg/prefix_override:/usr/lib/python3/dist-packages/colcon_core/task/python/colcon_distutils_commands:/home/luke/Projects/robots/ros-meal-prep/install/stepper_pkg/lib/python3.10/site-packages: /usr/bin/python3 -W ignore:setup.py install is deprecated setup.py egg_info --egg-base ../../build/stepper_pkg build --build-base /home/luke/Projects/robots/ros-meal-prep/build/stepper_pkg/build install --record /home/luke/Projects/robots/ros-meal-prep/build/stepper_pkg/install.log --single-version-externally-managed install_data
[0.449s] running egg_info
[0.449s] writing ../../build/stepper_pkg/stepper_pkg.egg-info/PKG-INFO
[0.449s] writing dependency_links to ../../build/stepper_pkg/stepper_pkg.egg-info/dependency_links.txt
[0.450s] writing entry points to ../../build/stepper_pkg/stepper_pkg.egg-info/entry_points.txt
[0.450s] writing requirements to ../../build/stepper_pkg/stepper_pkg.egg-info/requires.txt
[0.450s] writing top-level names to ../../build/stepper_pkg/stepper_pkg.egg-info/top_level.txt
[0.451s] reading manifest file '../../build/stepper_pkg/stepper_pkg.egg-info/SOURCES.txt'
[0.451s] writing manifest file '../../build/stepper_pkg/stepper_pkg.egg-info/SOURCES.txt'
[0.451s] running build
[0.451s] running build_py
[0.452s] copying stepper_pkg/faceTrack.py -> /home/luke/Projects/robots/ros-meal-prep/build/stepper_pkg/build/lib/stepper_pkg
[0.452s] copying stepper_pkg/stepper.py -> /home/luke/Projects/robots/ros-meal-prep/build/stepper_pkg/build/lib/stepper_pkg
[0.452s] running install
[0.452s] running install_lib
[0.453s] copying /home/luke/Projects/robots/ros-meal-prep/build/stepper_pkg/build/lib/stepper_pkg/faceTrack.py -> /home/luke/Projects/robots/ros-meal-prep/install/stepper_pkg/lib/python3.10/site-packages/stepper_pkg
[0.453s] copying /home/luke/Projects/robots/ros-meal-prep/build/stepper_pkg/build/lib/stepper_pkg/stepper.py -> /home/luke/Projects/robots/ros-meal-prep/install/stepper_pkg/lib/python3.10/site-packages/stepper_pkg
[0.453s] byte-compiling /home/luke/Projects/robots/ros-meal-prep/install/stepper_pkg/lib/python3.10/site-packages/stepper_pkg/faceTrack.py to faceTrack.cpython-310.pyc
[0.454s] byte-compiling /home/luke/Projects/robots/ros-meal-prep/install/stepper_pkg/lib/python3.10/site-packages/stepper_pkg/stepper.py to stepper.cpython-310.pyc
[0.454s] running install_data
[0.454s] running install_egg_info
[0.455s] removing '/home/luke/Projects/robots/ros-meal-prep/install/stepper_pkg/lib/python3.10/site-packages/stepper_pkg-0.0.0-py3.10.egg-info' (and everything under it)
[0.455s] Copying ../../build/stepper_pkg/stepper_pkg.egg-info to /home/luke/Projects/robots/ros-meal-prep/install/stepper_pkg/lib/python3.10/site-packages/stepper_pkg-0.0.0-py3.10.egg-info
[0.456s] running install_scripts
[0.469s] Installing stepper = stepper_pkg.stepper:mainfaceTrack script to /home/luke/Projects/robots/ros-meal-prep/install/stepper_pkg/lib/stepper_pkg
[0.469s] writing list of installed files to '/home/luke/Projects/robots/ros-meal-prep/build/stepper_pkg/install.log'
[0.490s] Invoked command in '/home/luke/Projects/robots/ros-meal-prep/src/stepper_pkg' returned '0': PYTHONPATH=/home/luke/Projects/robots/ros-meal-prep/build/stepper_pkg/prefix_override:/usr/lib/python3/dist-packages/colcon_core/task/python/colcon_distutils_commands:/home/luke/Projects/robots/ros-meal-prep/install/stepper_pkg/lib/python3.10/site-packages: /usr/bin/python3 -W ignore:setup.py install is deprecated setup.py egg_info --egg-base ../../build/stepper_pkg build --build-base /home/luke/Projects/robots/ros-meal-prep/build/stepper_pkg/build install --record /home/luke/Projects/robots/ros-meal-prep/build/stepper_pkg/install.log --single-version-externally-managed install_data
