[0.647s] Invoking command in '/home/luke/Projects/robots/ros-meal-prep/src/serial_comm_pkg': PYTHONPATH=/home/luke/Projects/robots/ros-meal-prep/src/build/serial_comm_pkg/prefix_override:/usr/lib/python3/dist-packages/colcon_core/task/python/colcon_distutils_commands:/home/luke/Projects/robots/ros-meal-prep/src/install/serial_comm_pkg/lib/python3.10/site-packages: /usr/bin/python3 -W ignore:setup.py install is deprecated -W ignore:easy_install command is deprecated setup.py egg_info --egg-base ../build/serial_comm_pkg build --build-base /home/luke/Projects/robots/ros-meal-prep/src/build/serial_comm_pkg/build install --record /home/luke/Projects/robots/ros-meal-prep/src/build/serial_comm_pkg/install.log --single-version-externally-managed install_data
[0.771s] running egg_info
[0.771s] creating ../build/serial_comm_pkg/serial_comm_pkg.egg-info
[0.771s] writing ../build/serial_comm_pkg/serial_comm_pkg.egg-info/PKG-INFO
[0.771s] writing dependency_links to ../build/serial_comm_pkg/serial_comm_pkg.egg-info/dependency_links.txt
[0.771s] writing entry points to ../build/serial_comm_pkg/serial_comm_pkg.egg-info/entry_points.txt
[0.771s] writing requirements to ../build/serial_comm_pkg/serial_comm_pkg.egg-info/requires.txt
[0.771s] writing top-level names to ../build/serial_comm_pkg/serial_comm_pkg.egg-info/top_level.txt
[0.771s] writing manifest file '../build/serial_comm_pkg/serial_comm_pkg.egg-info/SOURCES.txt'
[0.772s] reading manifest file '../build/serial_comm_pkg/serial_comm_pkg.egg-info/SOURCES.txt'
[0.772s] adding license file 'LICENSE'
[0.773s] writing manifest file '../build/serial_comm_pkg/serial_comm_pkg.egg-info/SOURCES.txt'
[0.773s] running build
[0.773s] running build_py
[0.773s] creating /home/luke/Projects/robots/ros-meal-prep/src/build/serial_comm_pkg/build
[0.773s] creating /home/luke/Projects/robots/ros-meal-prep/src/build/serial_comm_pkg/build/lib
[0.773s] creating /home/luke/Projects/robots/ros-meal-prep/src/build/serial_comm_pkg/build/lib/serial_comm_pkg
[0.773s] copying serial_comm_pkg/waypoint_publisher.py -> /home/luke/Projects/robots/ros-meal-prep/src/build/serial_comm_pkg/build/lib/serial_comm_pkg
[0.773s] copying serial_comm_pkg/utils.py -> /home/luke/Projects/robots/ros-meal-prep/src/build/serial_comm_pkg/build/lib/serial_comm_pkg
[0.773s] copying serial_comm_pkg/__init__.py -> /home/luke/Projects/robots/ros-meal-prep/src/build/serial_comm_pkg/build/lib/serial_comm_pkg
[0.773s] copying serial_comm_pkg/serial_comm.py -> /home/luke/Projects/robots/ros-meal-prep/src/build/serial_comm_pkg/build/lib/serial_comm_pkg
[0.773s] copying serial_comm_pkg/serial_interface.py -> /home/luke/Projects/robots/ros-meal-prep/src/build/serial_comm_pkg/build/lib/serial_comm_pkg
[0.774s] running install
[0.774s] running install_lib
[0.774s] creating /home/luke/Projects/robots/ros-meal-prep/src/install/serial_comm_pkg/lib/python3.10/site-packages/serial_comm_pkg
[0.775s] copying /home/luke/Projects/robots/ros-meal-prep/src/build/serial_comm_pkg/build/lib/serial_comm_pkg/waypoint_publisher.py -> /home/luke/Projects/robots/ros-meal-prep/src/install/serial_comm_pkg/lib/python3.10/site-packages/serial_comm_pkg
[0.775s] copying /home/luke/Projects/robots/ros-meal-prep/src/build/serial_comm_pkg/build/lib/serial_comm_pkg/utils.py -> /home/luke/Projects/robots/ros-meal-prep/src/install/serial_comm_pkg/lib/python3.10/site-packages/serial_comm_pkg
[0.775s] copying /home/luke/Projects/robots/ros-meal-prep/src/build/serial_comm_pkg/build/lib/serial_comm_pkg/__init__.py -> /home/luke/Projects/robots/ros-meal-prep/src/install/serial_comm_pkg/lib/python3.10/site-packages/serial_comm_pkg
[0.775s] copying /home/luke/Projects/robots/ros-meal-prep/src/build/serial_comm_pkg/build/lib/serial_comm_pkg/serial_comm.py -> /home/luke/Projects/robots/ros-meal-prep/src/install/serial_comm_pkg/lib/python3.10/site-packages/serial_comm_pkg
[0.775s] copying /home/luke/Projects/robots/ros-meal-prep/src/build/serial_comm_pkg/build/lib/serial_comm_pkg/serial_interface.py -> /home/luke/Projects/robots/ros-meal-prep/src/install/serial_comm_pkg/lib/python3.10/site-packages/serial_comm_pkg
[0.775s] byte-compiling /home/luke/Projects/robots/ros-meal-prep/src/install/serial_comm_pkg/lib/python3.10/site-packages/serial_comm_pkg/waypoint_publisher.py to waypoint_publisher.cpython-310.pyc
[0.776s] byte-compiling /home/luke/Projects/robots/ros-meal-prep/src/install/serial_comm_pkg/lib/python3.10/site-packages/serial_comm_pkg/utils.py to utils.cpython-310.pyc
[0.776s] byte-compiling /home/luke/Projects/robots/ros-meal-prep/src/install/serial_comm_pkg/lib/python3.10/site-packages/serial_comm_pkg/__init__.py to __init__.cpython-310.pyc
[0.776s] byte-compiling /home/luke/Projects/robots/ros-meal-prep/src/install/serial_comm_pkg/lib/python3.10/site-packages/serial_comm_pkg/serial_comm.py to serial_comm.cpython-310.pyc
[0.776s] byte-compiling /home/luke/Projects/robots/ros-meal-prep/src/install/serial_comm_pkg/lib/python3.10/site-packages/serial_comm_pkg/serial_interface.py to serial_interface.cpython-310.pyc
[0.777s] running install_data
[0.777s] creating /home/luke/Projects/robots/ros-meal-prep/src/install/serial_comm_pkg/share/ament_index
[0.777s] creating /home/luke/Projects/robots/ros-meal-prep/src/install/serial_comm_pkg/share/ament_index/resource_index
[0.777s] creating /home/luke/Projects/robots/ros-meal-prep/src/install/serial_comm_pkg/share/ament_index/resource_index/packages
[0.777s] copying resource/serial_comm_pkg -> /home/luke/Projects/robots/ros-meal-prep/src/install/serial_comm_pkg/share/ament_index/resource_index/packages
[0.777s] copying package.xml -> /home/luke/Projects/robots/ros-meal-prep/src/install/serial_comm_pkg/share/serial_comm_pkg
[0.777s] running install_egg_info
[0.778s] Copying ../build/serial_comm_pkg/serial_comm_pkg.egg-info to /home/luke/Projects/robots/ros-meal-prep/src/install/serial_comm_pkg/lib/python3.10/site-packages/serial_comm_pkg-0.0.0-py3.10.egg-info
[0.779s] running install_scripts
[0.793s] Installing serial_comm script to /home/luke/Projects/robots/ros-meal-prep/src/install/serial_comm_pkg/lib/serial_comm_pkg
[0.793s] Installing waypoint_publisher script to /home/luke/Projects/robots/ros-meal-prep/src/install/serial_comm_pkg/lib/serial_comm_pkg
[0.793s] writing list of installed files to '/home/luke/Projects/robots/ros-meal-prep/src/build/serial_comm_pkg/install.log'
[0.834s] Invoked command in '/home/luke/Projects/robots/ros-meal-prep/src/serial_comm_pkg' returned '0': PYTHONPATH=/home/luke/Projects/robots/ros-meal-prep/src/build/serial_comm_pkg/prefix_override:/usr/lib/python3/dist-packages/colcon_core/task/python/colcon_distutils_commands:/home/luke/Projects/robots/ros-meal-prep/src/install/serial_comm_pkg/lib/python3.10/site-packages: /usr/bin/python3 -W ignore:setup.py install is deprecated -W ignore:easy_install command is deprecated setup.py egg_info --egg-base ../build/serial_comm_pkg build --build-base /home/luke/Projects/robots/ros-meal-prep/src/build/serial_comm_pkg/build install --record /home/luke/Projects/robots/ros-meal-prep/src/build/serial_comm_pkg/install.log --single-version-externally-managed install_data
