[0.554s] Invoking command in '/home/luke/Projects/robots/ros-meal-prep/src/joy_stick_pkg': PYTHONPATH=/home/luke/Projects/robots/ros-meal-prep/build/joy_stick_pkg/prefix_override:/usr/lib/python3/dist-packages/colcon_core/task/python/colcon_distutils_commands:/home/luke/Projects/robots/ros-meal-prep/install/joy_stick_pkg/lib/python3.10/site-packages: /usr/bin/python3 -W ignore:setup.py install is deprecated -W ignore:easy_install command is deprecated setup.py egg_info --egg-base ../../build/joy_stick_pkg build --build-base /home/luke/Projects/robots/ros-meal-prep/build/joy_stick_pkg/build install --record /home/luke/Projects/robots/ros-meal-prep/build/joy_stick_pkg/install.log --single-version-externally-managed install_data
[0.663s] running egg_info
[0.663s] writing ../../build/joy_stick_pkg/joy_stick_pkg.egg-info/PKG-INFO
[0.663s] writing dependency_links to ../../build/joy_stick_pkg/joy_stick_pkg.egg-info/dependency_links.txt
[0.663s] writing entry points to ../../build/joy_stick_pkg/joy_stick_pkg.egg-info/entry_points.txt
[0.663s] writing requirements to ../../build/joy_stick_pkg/joy_stick_pkg.egg-info/requires.txt
[0.663s] writing top-level names to ../../build/joy_stick_pkg/joy_stick_pkg.egg-info/top_level.txt
[0.663s] reading manifest file '../../build/joy_stick_pkg/joy_stick_pkg.egg-info/SOURCES.txt'
[0.663s] adding license file 'LICENSE'
[0.664s] writing manifest file '../../build/joy_stick_pkg/joy_stick_pkg.egg-info/SOURCES.txt'
[0.664s] running build
[0.664s] running build_py
[0.664s] running install
[0.664s] running install_lib
[0.665s] running install_data
[0.665s] running install_egg_info
[0.666s] removing '/home/luke/Projects/robots/ros-meal-prep/install/joy_stick_pkg/lib/python3.10/site-packages/joy_stick_pkg-0.0.0-py3.10.egg-info' (and everything under it)
[0.666s] Copying ../../build/joy_stick_pkg/joy_stick_pkg.egg-info to /home/luke/Projects/robots/ros-meal-prep/install/joy_stick_pkg/lib/python3.10/site-packages/joy_stick_pkg-0.0.0-py3.10.egg-info
[0.667s] running install_scripts
[0.679s] Installing joyStick script to /home/luke/Projects/robots/ros-meal-prep/install/joy_stick_pkg/lib/joy_stick_pkg
[0.679s] Installing stepper script to /home/luke/Projects/robots/ros-meal-prep/install/joy_stick_pkg/lib/joy_stick_pkg
[0.679s] writing list of installed files to '/home/luke/Projects/robots/ros-meal-prep/build/joy_stick_pkg/install.log'
[0.699s] Invoked command in '/home/luke/Projects/robots/ros-meal-prep/src/joy_stick_pkg' returned '0': PYTHONPATH=/home/luke/Projects/robots/ros-meal-prep/build/joy_stick_pkg/prefix_override:/usr/lib/python3/dist-packages/colcon_core/task/python/colcon_distutils_commands:/home/luke/Projects/robots/ros-meal-prep/install/joy_stick_pkg/lib/python3.10/site-packages: /usr/bin/python3 -W ignore:setup.py install is deprecated -W ignore:easy_install command is deprecated setup.py egg_info --egg-base ../../build/joy_stick_pkg build --build-base /home/luke/Projects/robots/ros-meal-prep/build/joy_stick_pkg/build install --record /home/luke/Projects/robots/ros-meal-prep/build/joy_stick_pkg/install.log --single-version-externally-managed install_data
