[0.594s] Invoking command in '/home/luke/Projects/robots/ros-meal-prep/src/painting_pkg': PYTHONPATH=/home/luke/Projects/robots/ros-meal-prep/src/build/painting_pkg/prefix_override:/usr/lib/python3/dist-packages/colcon_core/task/python/colcon_distutils_commands:/home/luke/Projects/robots/ros-meal-prep/src/install/painting_pkg/lib/python3.10/site-packages: /usr/bin/python3 -W ignore:setup.py install is deprecated -W ignore:easy_install command is deprecated setup.py egg_info --egg-base ../build/painting_pkg build --build-base /home/luke/Projects/robots/ros-meal-prep/src/build/painting_pkg/build install --record /home/luke/Projects/robots/ros-meal-prep/src/build/painting_pkg/install.log --single-version-externally-managed install_data
[0.710s] running egg_info
[0.711s] creating ../build/painting_pkg/painting_pkg.egg-info
[0.711s] writing ../build/painting_pkg/painting_pkg.egg-info/PKG-INFO
[0.711s] writing dependency_links to ../build/painting_pkg/painting_pkg.egg-info/dependency_links.txt
[0.711s] writing entry points to ../build/painting_pkg/painting_pkg.egg-info/entry_points.txt
[0.711s] writing requirements to ../build/painting_pkg/painting_pkg.egg-info/requires.txt
[0.711s] writing top-level names to ../build/painting_pkg/painting_pkg.egg-info/top_level.txt
[0.711s] writing manifest file '../build/painting_pkg/painting_pkg.egg-info/SOURCES.txt'
[0.712s] reading manifest file '../build/painting_pkg/painting_pkg.egg-info/SOURCES.txt'
[0.713s] adding license file 'LICENSE'
[0.713s] writing manifest file '../build/painting_pkg/painting_pkg.egg-info/SOURCES.txt'
[0.713s] running build
[0.713s] running build_py
[0.713s] creating /home/luke/Projects/robots/ros-meal-prep/src/build/painting_pkg/build
[0.714s] creating /home/luke/Projects/robots/ros-meal-prep/src/build/painting_pkg/build/lib
[0.714s] creating /home/luke/Projects/robots/ros-meal-prep/src/build/painting_pkg/build/lib/painting_pkg
[0.714s] copying painting_pkg/instruction_publisher.py -> /home/luke/Projects/robots/ros-meal-prep/src/build/painting_pkg/build/lib/painting_pkg
[0.714s] copying painting_pkg/coordinate_compiler.py -> /home/luke/Projects/robots/ros-meal-prep/src/build/painting_pkg/build/lib/painting_pkg
[0.714s] copying painting_pkg/painting_node.py -> /home/luke/Projects/robots/ros-meal-prep/src/build/painting_pkg/build/lib/painting_pkg
[0.714s] copying painting_pkg/stroke_generator.py -> /home/luke/Projects/robots/ros-meal-prep/src/build/painting_pkg/build/lib/painting_pkg
[0.714s] copying painting_pkg/__init__.py -> /home/luke/Projects/robots/ros-meal-prep/src/build/painting_pkg/build/lib/painting_pkg
[0.714s] copying painting_pkg/curve_processor.py -> /home/luke/Projects/robots/ros-meal-prep/src/build/painting_pkg/build/lib/painting_pkg
[0.714s] running install
[0.715s] running install_lib
[0.715s] creating /home/luke/Projects/robots/ros-meal-prep/src/install/painting_pkg/lib/python3.10/site-packages/painting_pkg
[0.715s] copying /home/luke/Projects/robots/ros-meal-prep/src/build/painting_pkg/build/lib/painting_pkg/instruction_publisher.py -> /home/luke/Projects/robots/ros-meal-prep/src/install/painting_pkg/lib/python3.10/site-packages/painting_pkg
[0.715s] copying /home/luke/Projects/robots/ros-meal-prep/src/build/painting_pkg/build/lib/painting_pkg/coordinate_compiler.py -> /home/luke/Projects/robots/ros-meal-prep/src/install/painting_pkg/lib/python3.10/site-packages/painting_pkg
[0.715s] copying /home/luke/Projects/robots/ros-meal-prep/src/build/painting_pkg/build/lib/painting_pkg/painting_node.py -> /home/luke/Projects/robots/ros-meal-prep/src/install/painting_pkg/lib/python3.10/site-packages/painting_pkg
[0.715s] copying /home/luke/Projects/robots/ros-meal-prep/src/build/painting_pkg/build/lib/painting_pkg/stroke_generator.py -> /home/luke/Projects/robots/ros-meal-prep/src/install/painting_pkg/lib/python3.10/site-packages/painting_pkg
[0.716s] copying /home/luke/Projects/robots/ros-meal-prep/src/build/painting_pkg/build/lib/painting_pkg/__init__.py -> /home/luke/Projects/robots/ros-meal-prep/src/install/painting_pkg/lib/python3.10/site-packages/painting_pkg
[0.716s] copying /home/luke/Projects/robots/ros-meal-prep/src/build/painting_pkg/build/lib/painting_pkg/curve_processor.py -> /home/luke/Projects/robots/ros-meal-prep/src/install/painting_pkg/lib/python3.10/site-packages/painting_pkg
[0.716s] byte-compiling /home/luke/Projects/robots/ros-meal-prep/src/install/painting_pkg/lib/python3.10/site-packages/painting_pkg/instruction_publisher.py to instruction_publisher.cpython-310.pyc
[0.716s] byte-compiling /home/luke/Projects/robots/ros-meal-prep/src/install/painting_pkg/lib/python3.10/site-packages/painting_pkg/coordinate_compiler.py to coordinate_compiler.cpython-310.pyc
[0.716s] byte-compiling /home/luke/Projects/robots/ros-meal-prep/src/install/painting_pkg/lib/python3.10/site-packages/painting_pkg/painting_node.py to painting_node.cpython-310.pyc
[0.717s] byte-compiling /home/luke/Projects/robots/ros-meal-prep/src/install/painting_pkg/lib/python3.10/site-packages/painting_pkg/stroke_generator.py to stroke_generator.cpython-310.pyc
[0.718s] byte-compiling /home/luke/Projects/robots/ros-meal-prep/src/install/painting_pkg/lib/python3.10/site-packages/painting_pkg/__init__.py to __init__.cpython-310.pyc
[0.718s] byte-compiling /home/luke/Projects/robots/ros-meal-prep/src/install/painting_pkg/lib/python3.10/site-packages/painting_pkg/curve_processor.py to curve_processor.cpython-310.pyc
[0.718s] running install_data
[0.718s] creating /home/luke/Projects/robots/ros-meal-prep/src/install/painting_pkg/share/ament_index
[0.718s] creating /home/luke/Projects/robots/ros-meal-prep/src/install/painting_pkg/share/ament_index/resource_index
[0.718s] creating /home/luke/Projects/robots/ros-meal-prep/src/install/painting_pkg/share/ament_index/resource_index/packages
[0.718s] copying resource/painting_pkg -> /home/luke/Projects/robots/ros-meal-prep/src/install/painting_pkg/share/ament_index/resource_index/packages
[0.718s] copying package.xml -> /home/luke/Projects/robots/ros-meal-prep/src/install/painting_pkg/share/painting_pkg
[0.718s] creating /home/luke/Projects/robots/ros-meal-prep/src/install/painting_pkg/share/painting_pkg/launch
[0.718s] copying launch/painting_launch.py -> /home/luke/Projects/robots/ros-meal-prep/src/install/painting_pkg/share/painting_pkg/launch
[0.718s] running install_egg_info
[0.719s] Copying ../build/painting_pkg/painting_pkg.egg-info to /home/luke/Projects/robots/ros-meal-prep/src/install/painting_pkg/lib/python3.10/site-packages/painting_pkg-0.0.0-py3.10.egg-info
[0.720s] running install_scripts
[0.733s] Installing painting_node script to /home/luke/Projects/robots/ros-meal-prep/src/install/painting_pkg/lib/painting_pkg
[0.733s] writing list of installed files to '/home/luke/Projects/robots/ros-meal-prep/src/build/painting_pkg/install.log'
[0.762s] Invoked command in '/home/luke/Projects/robots/ros-meal-prep/src/painting_pkg' returned '0': PYTHONPATH=/home/luke/Projects/robots/ros-meal-prep/src/build/painting_pkg/prefix_override:/usr/lib/python3/dist-packages/colcon_core/task/python/colcon_distutils_commands:/home/luke/Projects/robots/ros-meal-prep/src/install/painting_pkg/lib/python3.10/site-packages: /usr/bin/python3 -W ignore:setup.py install is deprecated -W ignore:easy_install command is deprecated setup.py egg_info --egg-base ../build/painting_pkg build --build-base /home/luke/Projects/robots/ros-meal-prep/src/build/painting_pkg/build install --record /home/luke/Projects/robots/ros-meal-prep/src/build/painting_pkg/install.log --single-version-externally-managed install_data
