[0.938s] Invoking command in '/home/luke/Projects/robots/ros-meal-prep/test/ros_testing/stepper_pkg': PYTHONPATH=/home/luke/Projects/robots/ros-meal-prep/build/stepper_pkg/prefix_override:/usr/lib/python3/dist-packages/colcon_core/task/python/colcon_distutils_commands:/home/luke/Projects/robots/ros-meal-prep/install/stepper_pkg/lib/python3.10/site-packages:${PYTHONPATH} /usr/bin/python3 -W ignore:setup.py install is deprecated -W ignore:easy_install command is deprecated setup.py egg_info --egg-base ../../../build/stepper_pkg build --build-base /home/luke/Projects/robots/ros-meal-prep/build/stepper_pkg/build install --record /home/luke/Projects/robots/ros-meal-prep/build/stepper_pkg/install.log --single-version-externally-managed install_data
[1.070s] running egg_info
[1.070s] creating ../../../build/stepper_pkg/stepper_pkg.egg-info
[1.078s] writing ../../../build/stepper_pkg/stepper_pkg.egg-info/PKG-INFO
[1.078s] writing dependency_links to ../../../build/stepper_pkg/stepper_pkg.egg-info/dependency_links.txt
[1.078s] writing entry points to ../../../build/stepper_pkg/stepper_pkg.egg-info/entry_points.txt
[1.079s] writing requirements to ../../../build/stepper_pkg/stepper_pkg.egg-info/requires.txt
[1.079s] writing top-level names to ../../../build/stepper_pkg/stepper_pkg.egg-info/top_level.txt
[1.079s] writing manifest file '../../../build/stepper_pkg/stepper_pkg.egg-info/SOURCES.txt'
[1.096s] reading manifest file '../../../build/stepper_pkg/stepper_pkg.egg-info/SOURCES.txt'
[1.096s] writing manifest file '../../../build/stepper_pkg/stepper_pkg.egg-info/SOURCES.txt'
[1.096s] running build
[1.096s] running build_py
[1.096s] creating /home/luke/Projects/robots/ros-meal-prep/build/stepper_pkg/build
[1.096s] creating /home/luke/Projects/robots/ros-meal-prep/build/stepper_pkg/build/lib
[1.096s] creating /home/luke/Projects/robots/ros-meal-prep/build/stepper_pkg/build/lib/stepper_pkg
[1.096s] copying stepper_pkg/faceTrack.py -> /home/luke/Projects/robots/ros-meal-prep/build/stepper_pkg/build/lib/stepper_pkg
[1.097s] copying stepper_pkg/stepper.py -> /home/luke/Projects/robots/ros-meal-prep/build/stepper_pkg/build/lib/stepper_pkg
[1.097s] copying stepper_pkg/__init__.py -> /home/luke/Projects/robots/ros-meal-prep/build/stepper_pkg/build/lib/stepper_pkg
[1.097s] running install
[1.101s] running install_lib
[1.113s] creating /home/luke/Projects/robots/ros-meal-prep/install/stepper_pkg/lib/python3.10/site-packages/stepper_pkg
[1.113s] copying /home/luke/Projects/robots/ros-meal-prep/build/stepper_pkg/build/lib/stepper_pkg/faceTrack.py -> /home/luke/Projects/robots/ros-meal-prep/install/stepper_pkg/lib/python3.10/site-packages/stepper_pkg
[1.113s] copying /home/luke/Projects/robots/ros-meal-prep/build/stepper_pkg/build/lib/stepper_pkg/stepper.py -> /home/luke/Projects/robots/ros-meal-prep/install/stepper_pkg/lib/python3.10/site-packages/stepper_pkg
[1.113s] copying /home/luke/Projects/robots/ros-meal-prep/build/stepper_pkg/build/lib/stepper_pkg/__init__.py -> /home/luke/Projects/robots/ros-meal-prep/install/stepper_pkg/lib/python3.10/site-packages/stepper_pkg
[1.113s] byte-compiling /home/luke/Projects/robots/ros-meal-prep/install/stepper_pkg/lib/python3.10/site-packages/stepper_pkg/faceTrack.py to faceTrack.cpython-310.pyc
[1.114s] byte-compiling /home/luke/Projects/robots/ros-meal-prep/install/stepper_pkg/lib/python3.10/site-packages/stepper_pkg/stepper.py to stepper.cpython-310.pyc
[1.114s] byte-compiling /home/luke/Projects/robots/ros-meal-prep/install/stepper_pkg/lib/python3.10/site-packages/stepper_pkg/__init__.py to __init__.cpython-310.pyc
[1.114s] running install_data
[1.114s] creating /home/luke/Projects/robots/ros-meal-prep/install/stepper_pkg/share/ament_index
[1.114s] creating /home/luke/Projects/robots/ros-meal-prep/install/stepper_pkg/share/ament_index/resource_index
[1.114s] creating /home/luke/Projects/robots/ros-meal-prep/install/stepper_pkg/share/ament_index/resource_index/packages
[1.114s] copying resource/stepper_pkg -> /home/luke/Projects/robots/ros-meal-prep/install/stepper_pkg/share/ament_index/resource_index/packages
[1.114s] copying package.xml -> /home/luke/Projects/robots/ros-meal-prep/install/stepper_pkg/share/stepper_pkg
[1.114s] running install_egg_info
[1.124s] removing '/home/luke/Projects/robots/ros-meal-prep/install/stepper_pkg/lib/python3.10/site-packages/stepper_pkg-0.0.0-py3.10.egg-info' (and everything under it)
[1.125s] Copying ../../../build/stepper_pkg/stepper_pkg.egg-info to /home/luke/Projects/robots/ros-meal-prep/install/stepper_pkg/lib/python3.10/site-packages/stepper_pkg-0.0.0-py3.10.egg-info
[1.125s] running install_scripts
[1.215s] Installing faceTrack script to /home/luke/Projects/robots/ros-meal-prep/install/stepper_pkg/lib/stepper_pkg
[1.215s] Installing stepper script to /home/luke/Projects/robots/ros-meal-prep/install/stepper_pkg/lib/stepper_pkg
[1.216s] writing list of installed files to '/home/luke/Projects/robots/ros-meal-prep/build/stepper_pkg/install.log'
[1.247s] Invoked command in '/home/luke/Projects/robots/ros-meal-prep/test/ros_testing/stepper_pkg' returned '0': PYTHONPATH=/home/luke/Projects/robots/ros-meal-prep/build/stepper_pkg/prefix_override:/usr/lib/python3/dist-packages/colcon_core/task/python/colcon_distutils_commands:/home/luke/Projects/robots/ros-meal-prep/install/stepper_pkg/lib/python3.10/site-packages:${PYTHONPATH} /usr/bin/python3 -W ignore:setup.py install is deprecated -W ignore:easy_install command is deprecated setup.py egg_info --egg-base ../../../build/stepper_pkg build --build-base /home/luke/Projects/robots/ros-meal-prep/build/stepper_pkg/build install --record /home/luke/Projects/robots/ros-meal-prep/build/stepper_pkg/install.log --single-version-externally-managed install_data
