running egg_info
writing ../../build/image_processing_pkg/image_processing_pkg.egg-info/PKG-INFO
writing dependency_links to ../../build/image_processing_pkg/image_processing_pkg.egg-info/dependency_links.txt
writing entry points to ../../build/image_processing_pkg/image_processing_pkg.egg-info/entry_points.txt
writing requirements to ../../build/image_processing_pkg/image_processing_pkg.egg-info/requires.txt
writing top-level names to ../../build/image_processing_pkg/image_processing_pkg.egg-info/top_level.txt
reading manifest file '../../build/image_processing_pkg/image_processing_pkg.egg-info/SOURCES.txt'
adding license file 'LICENSE'
writing manifest file '../../build/image_processing_pkg/image_processing_pkg.egg-info/SOURCES.txt'
running build
running build_py
copying image_processing_pkg/image_processor.py -> /home/luke/Projects/robots/ros-meal-prep/build/image_processing_pkg/build/lib/image_processing_pkg
running install
running install_lib
copying /home/luke/Projects/robots/ros-meal-prep/build/image_processing_pkg/build/lib/image_processing_pkg/image_processor.py -> /home/luke/Projects/robots/ros-meal-prep/install/image_processing_pkg/lib/python3.10/site-packages/image_processing_pkg
byte-compiling /home/luke/Projects/robots/ros-meal-prep/install/image_processing_pkg/lib/python3.10/site-packages/image_processing_pkg/image_processor.py to image_processor.cpython-310.pyc
running install_data
running install_egg_info
removing '/home/luke/Projects/robots/ros-meal-prep/install/image_processing_pkg/lib/python3.10/site-packages/image_processing_pkg-0.0.0-py3.10.egg-info' (and everything under it)
Copying ../../build/image_processing_pkg/image_processing_pkg.egg-info to /home/luke/Projects/robots/ros-meal-prep/install/image_processing_pkg/lib/python3.10/site-packages/image_processing_pkg-0.0.0-py3.10.egg-info
running install_scripts
Installing image_processing_node script to /home/luke/Projects/robots/ros-meal-prep/install/image_processing_pkg/lib/image_processing_pkg
writing list of installed files to '/home/luke/Projects/robots/ros-meal-prep/build/image_processing_pkg/install.log'
