[1.008s] Invoking command in '/home/luke/Projects/robots/ros-meal-prep/test/ros_testing/joy_stick_pkg': PYTHONPATH=/home/luke/Projects/robots/ros-meal-prep/build/joy_stick_pkg/prefix_override:/usr/lib/python3/dist-packages/colcon_core/task/python/colcon_distutils_commands:/home/luke/Projects/robots/ros-meal-prep/install/joy_stick_pkg/lib/python3.10/site-packages: /usr/bin/python3 -W ignore:setup.py install is deprecated -W ignore:easy_install command is deprecated setup.py egg_info --egg-base ../../../build/joy_stick_pkg build --build-base /home/luke/Projects/robots/ros-meal-prep/build/joy_stick_pkg/build install --record /home/luke/Projects/robots/ros-meal-prep/build/joy_stick_pkg/install.log --single-version-externally-managed install_data
[1.139s] running egg_info
[1.140s] writing ../../../build/joy_stick_pkg/joy_stick_pkg.egg-info/PKG-INFO
[1.140s] writing dependency_links to ../../../build/joy_stick_pkg/joy_stick_pkg.egg-info/dependency_links.txt
[1.140s] writing entry points to ../../../build/joy_stick_pkg/joy_stick_pkg.egg-info/entry_points.txt
[1.140s] writing requirements to ../../../build/joy_stick_pkg/joy_stick_pkg.egg-info/requires.txt
[1.140s] writing top-level names to ../../../build/joy_stick_pkg/joy_stick_pkg.egg-info/top_level.txt
[1.142s] reading manifest file '../../../build/joy_stick_pkg/joy_stick_pkg.egg-info/SOURCES.txt'
[1.142s] adding license file 'LICENSE'
[1.142s] writing manifest file '../../../build/joy_stick_pkg/joy_stick_pkg.egg-info/SOURCES.txt'
[1.142s] running build
[1.143s] running build_py
[1.143s] running install
[1.143s] running install_lib
[1.144s] running install_data
[1.144s] running install_egg_info
[1.145s] removing '/home/luke/Projects/robots/ros-meal-prep/install/joy_stick_pkg/lib/python3.10/site-packages/joy_stick_pkg-0.0.0-py3.10.egg-info' (and everything under it)
[1.145s] Copying ../../../build/joy_stick_pkg/joy_stick_pkg.egg-info to /home/luke/Projects/robots/ros-meal-prep/install/joy_stick_pkg/lib/python3.10/site-packages/joy_stick_pkg-0.0.0-py3.10.egg-info
[1.146s] running install_scripts
[1.162s] Installing joyStick script to /home/luke/Projects/robots/ros-meal-prep/install/joy_stick_pkg/lib/joy_stick_pkg
[1.162s] Installing stepper script to /home/luke/Projects/robots/ros-meal-prep/install/joy_stick_pkg/lib/joy_stick_pkg
[1.162s] writing list of installed files to '/home/luke/Projects/robots/ros-meal-prep/build/joy_stick_pkg/install.log'
[1.197s] Invoked command in '/home/luke/Projects/robots/ros-meal-prep/test/ros_testing/joy_stick_pkg' returned '0': PYTHONPATH=/home/luke/Projects/robots/ros-meal-prep/build/joy_stick_pkg/prefix_override:/usr/lib/python3/dist-packages/colcon_core/task/python/colcon_distutils_commands:/home/luke/Projects/robots/ros-meal-prep/install/joy_stick_pkg/lib/python3.10/site-packages: /usr/bin/python3 -W ignore:setup.py install is deprecated -W ignore:easy_install command is deprecated setup.py egg_info --egg-base ../../../build/joy_stick_pkg build --build-base /home/luke/Projects/robots/ros-meal-prep/build/joy_stick_pkg/build install --record /home/luke/Projects/robots/ros-meal-prep/build/joy_stick_pkg/install.log --single-version-externally-managed install_data
