[0.858s] Invoking command in '/home/luke/Projects/robots/ros-meal-prep/src/image_processing_pkg': PYTHONPATH=/home/luke/Projects/robots/ros-meal-prep/build/image_processing_pkg/prefix_override:/usr/lib/python3/dist-packages/colcon_core/task/python/colcon_distutils_commands:/home/luke/Projects/robots/ros-meal-prep/install/image_processing_pkg/lib/python3.10/site-packages: /usr/bin/python3 -W ignore:setup.py install is deprecated -W ignore:easy_install command is deprecated setup.py egg_info --egg-base ../../build/image_processing_pkg build --build-base /home/luke/Projects/robots/ros-meal-prep/build/image_processing_pkg/build install --record /home/luke/Projects/robots/ros-meal-prep/build/image_processing_pkg/install.log --single-version-externally-managed install_data
[0.969s] running egg_info
[0.970s] writing ../../build/image_processing_pkg/image_processing_pkg.egg-info/PKG-INFO
[0.970s] writing dependency_links to ../../build/image_processing_pkg/image_processing_pkg.egg-info/dependency_links.txt
[0.970s] writing entry points to ../../build/image_processing_pkg/image_processing_pkg.egg-info/entry_points.txt
[0.970s] writing requirements to ../../build/image_processing_pkg/image_processing_pkg.egg-info/requires.txt
[0.970s] writing top-level names to ../../build/image_processing_pkg/image_processing_pkg.egg-info/top_level.txt
[0.971s] reading manifest file '../../build/image_processing_pkg/image_processing_pkg.egg-info/SOURCES.txt'
[0.971s] adding license file 'LICENSE'
[0.972s] writing manifest file '../../build/image_processing_pkg/image_processing_pkg.egg-info/SOURCES.txt'
[0.972s] running build
[0.972s] running build_py
[0.972s] copying image_processing_pkg/drawing.py -> /home/luke/Projects/robots/ros-meal-prep/build/image_processing_pkg/build/lib/image_processing_pkg
[0.973s] running install
[0.973s] running install_lib
[0.973s] copying /home/luke/Projects/robots/ros-meal-prep/build/image_processing_pkg/build/lib/image_processing_pkg/drawing.py -> /home/luke/Projects/robots/ros-meal-prep/install/image_processing_pkg/lib/python3.10/site-packages/image_processing_pkg
[0.974s] byte-compiling /home/luke/Projects/robots/ros-meal-prep/install/image_processing_pkg/lib/python3.10/site-packages/image_processing_pkg/drawing.py to drawing.cpython-310.pyc
[0.975s] running install_data
[0.975s] running install_egg_info
[0.977s] removing '/home/luke/Projects/robots/ros-meal-prep/install/image_processing_pkg/lib/python3.10/site-packages/image_processing_pkg-0.0.0-py3.10.egg-info' (and everything under it)
[0.977s] Copying ../../build/image_processing_pkg/image_processing_pkg.egg-info to /home/luke/Projects/robots/ros-meal-prep/install/image_processing_pkg/lib/python3.10/site-packages/image_processing_pkg-0.0.0-py3.10.egg-info
[0.977s] running install_scripts
[0.990s] Installing image_processing_node script to /home/luke/Projects/robots/ros-meal-prep/install/image_processing_pkg/lib/image_processing_pkg
[0.991s] writing list of installed files to '/home/luke/Projects/robots/ros-meal-prep/build/image_processing_pkg/install.log'
[1.037s] Invoked command in '/home/luke/Projects/robots/ros-meal-prep/src/image_processing_pkg' returned '0': PYTHONPATH=/home/luke/Projects/robots/ros-meal-prep/build/image_processing_pkg/prefix_override:/usr/lib/python3/dist-packages/colcon_core/task/python/colcon_distutils_commands:/home/luke/Projects/robots/ros-meal-prep/install/image_processing_pkg/lib/python3.10/site-packages: /usr/bin/python3 -W ignore:setup.py install is deprecated -W ignore:easy_install command is deprecated setup.py egg_info --egg-base ../../build/image_processing_pkg build --build-base /home/luke/Projects/robots/ros-meal-prep/build/image_processing_pkg/build install --record /home/luke/Projects/robots/ros-meal-prep/build/image_processing_pkg/install.log --single-version-externally-managed install_data
