[0.954s] Invoking command in '/home/luke/Projects/robots/ros-meal-prep/src/image_processing_pkg': PYTHONPATH=/home/luke/Projects/robots/ros-meal-prep/build/image_processing_pkg/prefix_override:/usr/lib/python3/dist-packages/colcon_core/task/python/colcon_distutils_commands:/home/luke/Projects/robots/ros-meal-prep/install/image_processing_pkg/lib/python3.10/site-packages:${PYTHONPATH} /usr/bin/python3 -W ignore:setup.py install is deprecated -W ignore:easy_install command is deprecated setup.py egg_info --egg-base ../../build/image_processing_pkg build --build-base /home/luke/Projects/robots/ros-meal-prep/build/image_processing_pkg/build install --record /home/luke/Projects/robots/ros-meal-prep/build/image_processing_pkg/install.log --single-version-externally-managed install_data
[1.084s] running egg_info
[1.091s] writing ../../build/image_processing_pkg/image_processing_pkg.egg-info/PKG-INFO
[1.091s] writing dependency_links to ../../build/image_processing_pkg/image_processing_pkg.egg-info/dependency_links.txt
[1.091s] writing entry points to ../../build/image_processing_pkg/image_processing_pkg.egg-info/entry_points.txt
[1.092s] writing requirements to ../../build/image_processing_pkg/image_processing_pkg.egg-info/requires.txt
[1.092s] writing top-level names to ../../build/image_processing_pkg/image_processing_pkg.egg-info/top_level.txt
[1.107s] reading manifest file '../../build/image_processing_pkg/image_processing_pkg.egg-info/SOURCES.txt'
[1.107s] adding license file 'LICENSE'
[1.107s] writing manifest file '../../build/image_processing_pkg/image_processing_pkg.egg-info/SOURCES.txt'
[1.108s] running build
[1.108s] running build_py
[1.108s] copying image_processing_pkg/stroke_mapping.py -> /home/luke/Projects/robots/ros-meal-prep/build/image_processing_pkg/build/lib/image_processing_pkg
[1.108s] copying image_processing_pkg/image_processing_node.py -> /home/luke/Projects/robots/ros-meal-prep/build/image_processing_pkg/build/lib/image_processing_pkg
[1.108s] copying image_processing_pkg/scaling.py -> /home/luke/Projects/robots/ros-meal-prep/build/image_processing_pkg/build/lib/image_processing_pkg
[1.108s] copying image_processing_pkg/drawing.py -> /home/luke/Projects/robots/ros-meal-prep/build/image_processing_pkg/build/lib/image_processing_pkg
[1.109s] copying image_processing_pkg/image_processor.py -> /home/luke/Projects/robots/ros-meal-prep/build/image_processing_pkg/build/lib/image_processing_pkg
[1.109s] copying image_processing_pkg/config.py -> /home/luke/Projects/robots/ros-meal-prep/build/image_processing_pkg/build/lib/image_processing_pkg
[1.109s] copying image_processing_pkg/__init__.py -> /home/luke/Projects/robots/ros-meal-prep/build/image_processing_pkg/build/lib/image_processing_pkg
[1.109s] running install
[1.115s] running install_lib
[1.124s] copying /home/luke/Projects/robots/ros-meal-prep/build/image_processing_pkg/build/lib/image_processing_pkg/image_processing_node.py -> /home/luke/Projects/robots/ros-meal-prep/install/image_processing_pkg/lib/python3.10/site-packages/image_processing_pkg
[1.124s] byte-compiling /home/luke/Projects/robots/ros-meal-prep/install/image_processing_pkg/lib/python3.10/site-packages/image_processing_pkg/image_processing_node.py to image_processing_node.cpython-310.pyc
[1.125s] running install_data
[1.125s] copying resource/image_processing_pkg -> /home/luke/Projects/robots/ros-meal-prep/install/image_processing_pkg/share/ament_index/resource_index/packages
[1.125s] copying package.xml -> /home/luke/Projects/robots/ros-meal-prep/install/image_processing_pkg/share/image_processing_pkg
[1.125s] running install_egg_info
[1.135s] removing '/home/luke/Projects/robots/ros-meal-prep/install/image_processing_pkg/lib/python3.10/site-packages/image_processing_pkg-0.0.0-py3.10.egg-info' (and everything under it)
[1.135s] Copying ../../build/image_processing_pkg/image_processing_pkg.egg-info to /home/luke/Projects/robots/ros-meal-prep/install/image_processing_pkg/lib/python3.10/site-packages/image_processing_pkg-0.0.0-py3.10.egg-info
[1.136s] running install_scripts
[1.217s] Installing image_processing_node script to /home/luke/Projects/robots/ros-meal-prep/install/image_processing_pkg/lib/image_processing_pkg
[1.217s] writing list of installed files to '/home/luke/Projects/robots/ros-meal-prep/build/image_processing_pkg/install.log'
[1.257s] Invoked command in '/home/luke/Projects/robots/ros-meal-prep/src/image_processing_pkg' returned '0': PYTHONPATH=/home/luke/Projects/robots/ros-meal-prep/build/image_processing_pkg/prefix_override:/usr/lib/python3/dist-packages/colcon_core/task/python/colcon_distutils_commands:/home/luke/Projects/robots/ros-meal-prep/install/image_processing_pkg/lib/python3.10/site-packages:${PYTHONPATH} /usr/bin/python3 -W ignore:setup.py install is deprecated -W ignore:easy_install command is deprecated setup.py egg_info --egg-base ../../build/image_processing_pkg build --build-base /home/luke/Projects/robots/ros-meal-prep/build/image_processing_pkg/build install --record /home/luke/Projects/robots/ros-meal-prep/build/image_processing_pkg/install.log --single-version-externally-managed install_data
