running egg_info
creating ../../../build/joy_stick_pkg/joy_stick_pkg.egg-info
writing ../../../build/joy_stick_pkg/joy_stick_pkg.egg-info/PKG-INFO
writing dependency_links to ../../../build/joy_stick_pkg/joy_stick_pkg.egg-info/dependency_links.txt
writing entry points to ../../../build/joy_stick_pkg/joy_stick_pkg.egg-info/entry_points.txt
writing requirements to ../../../build/joy_stick_pkg/joy_stick_pkg.egg-info/requires.txt
writing top-level names to ../../../build/joy_stick_pkg/joy_stick_pkg.egg-info/top_level.txt
writing manifest file '../../../build/joy_stick_pkg/joy_stick_pkg.egg-info/SOURCES.txt'
reading manifest file '../../../build/joy_stick_pkg/joy_stick_pkg.egg-info/SOURCES.txt'
adding license file 'LICENSE'
writing manifest file '../../../build/joy_stick_pkg/joy_stick_pkg.egg-info/SOURCES.txt'
running build
running build_py
creating /home/luke/Projects/robots/ros-meal-prep/build/joy_stick_pkg/build
creating /home/luke/Projects/robots/ros-meal-prep/build/joy_stick_pkg/build/lib
creating /home/luke/Projects/robots/ros-meal-prep/build/joy_stick_pkg/build/lib/joy_stick_pkg
copying joy_stick_pkg/joyStick.py -> /home/luke/Projects/robots/ros-meal-prep/build/joy_stick_pkg/build/lib/joy_stick_pkg
copying joy_stick_pkg/__init__.py -> /home/luke/Projects/robots/ros-meal-prep/build/joy_stick_pkg/build/lib/joy_stick_pkg
running install
running install_lib
running install_data
copying resource/joy_stick_pkg -> /home/luke/Projects/robots/ros-meal-prep/install/joy_stick_pkg/share/ament_index/resource_index/packages
copying package.xml -> /home/luke/Projects/robots/ros-meal-prep/install/joy_stick_pkg/share/joy_stick_pkg
running install_egg_info
removing '/home/luke/Projects/robots/ros-meal-prep/install/joy_stick_pkg/lib/python3.10/site-packages/joy_stick_pkg-0.0.0-py3.10.egg-info' (and everything under it)
Copying ../../../build/joy_stick_pkg/joy_stick_pkg.egg-info to /home/luke/Projects/robots/ros-meal-prep/install/joy_stick_pkg/lib/python3.10/site-packages/joy_stick_pkg-0.0.0-py3.10.egg-info
running install_scripts
Installing joyStick script to /home/luke/Projects/robots/ros-meal-prep/install/joy_stick_pkg/lib/joy_stick_pkg
Installing stepper script to /home/luke/Projects/robots/ros-meal-prep/install/joy_stick_pkg/lib/joy_stick_pkg
writing list of installed files to '/home/luke/Projects/robots/ros-meal-prep/build/joy_stick_pkg/install.log'
