[0.573s] Invoking command in '/home/luke/Projects/robots/ros-meal-prep/src/painting_pkg': PYTHONPATH=/home/luke/Projects/robots/ros-meal-prep/src/build/painting_pkg/prefix_override:/usr/lib/python3/dist-packages/colcon_core/task/python/colcon_distutils_commands:/home/luke/Projects/robots/ros-meal-prep/src/install/painting_pkg/lib/python3.10/site-packages: /usr/bin/python3 -W ignore:setup.py install is deprecated -W ignore:easy_install command is deprecated setup.py egg_info --egg-base ../build/painting_pkg build --build-base /home/luke/Projects/robots/ros-meal-prep/src/build/painting_pkg/build install --record /home/luke/Projects/robots/ros-meal-prep/src/build/painting_pkg/install.log --single-version-externally-managed install_data
[0.686s] running egg_info
[0.686s] writing ../build/painting_pkg/painting_pkg.egg-info/PKG-INFO
[0.686s] writing dependency_links to ../build/painting_pkg/painting_pkg.egg-info/dependency_links.txt
[0.686s] writing entry points to ../build/painting_pkg/painting_pkg.egg-info/entry_points.txt
[0.686s] writing requirements to ../build/painting_pkg/painting_pkg.egg-info/requires.txt
[0.686s] writing top-level names to ../build/painting_pkg/painting_pkg.egg-info/top_level.txt
[0.687s] reading manifest file '../build/painting_pkg/painting_pkg.egg-info/SOURCES.txt'
[0.688s] adding license file 'LICENSE'
[0.688s] writing manifest file '../build/painting_pkg/painting_pkg.egg-info/SOURCES.txt'
[0.688s] running build
[0.688s] running build_py
[0.689s] running install
[0.689s] running install_lib
[0.690s] running install_data
[0.690s] running install_egg_info
[0.692s] removing '/home/luke/Projects/robots/ros-meal-prep/src/install/painting_pkg/lib/python3.10/site-packages/painting_pkg-0.0.0-py3.10.egg-info' (and everything under it)
[0.692s] Copying ../build/painting_pkg/painting_pkg.egg-info to /home/luke/Projects/robots/ros-meal-prep/src/install/painting_pkg/lib/python3.10/site-packages/painting_pkg-0.0.0-py3.10.egg-info
[0.693s] running install_scripts
[0.708s] Installing painting_node script to /home/luke/Projects/robots/ros-meal-prep/src/install/painting_pkg/lib/painting_pkg
[0.708s] writing list of installed files to '/home/luke/Projects/robots/ros-meal-prep/src/build/painting_pkg/install.log'
[0.738s] Invoked command in '/home/luke/Projects/robots/ros-meal-prep/src/painting_pkg' returned '0': PYTHONPATH=/home/luke/Projects/robots/ros-meal-prep/src/build/painting_pkg/prefix_override:/usr/lib/python3/dist-packages/colcon_core/task/python/colcon_distutils_commands:/home/luke/Projects/robots/ros-meal-prep/src/install/painting_pkg/lib/python3.10/site-packages: /usr/bin/python3 -W ignore:setup.py install is deprecated -W ignore:easy_install command is deprecated setup.py egg_info --egg-base ../build/painting_pkg build --build-base /home/luke/Projects/robots/ros-meal-prep/src/build/painting_pkg/build install --record /home/luke/Projects/robots/ros-meal-prep/src/build/painting_pkg/install.log --single-version-externally-managed install_data
