[0.676s] Invoking command in '/home/luke/Projects/robots/ros-meal-prep/src/joy_stick_pkg': PYTHONPATH=/home/luke/Projects/robots/ros-meal-prep/src/build/joy_stick_pkg/prefix_override:/usr/lib/python3/dist-packages/colcon_core/task/python/colcon_distutils_commands:/home/luke/Projects/robots/ros-meal-prep/src/install/joy_stick_pkg/lib/python3.10/site-packages: /usr/bin/python3 -W ignore:setup.py install is deprecated -W ignore:easy_install command is deprecated setup.py egg_info --egg-base ../build/joy_stick_pkg build --build-base /home/luke/Projects/robots/ros-meal-prep/src/build/joy_stick_pkg/build install --record /home/luke/Projects/robots/ros-meal-prep/src/build/joy_stick_pkg/install.log --single-version-externally-managed install_data
[0.802s] running egg_info
[0.802s] creating ../build/joy_stick_pkg/joy_stick_pkg.egg-info
[0.802s] writing ../build/joy_stick_pkg/joy_stick_pkg.egg-info/PKG-INFO
[0.802s] writing dependency_links to ../build/joy_stick_pkg/joy_stick_pkg.egg-info/dependency_links.txt
[0.802s] writing entry points to ../build/joy_stick_pkg/joy_stick_pkg.egg-info/entry_points.txt
[0.802s] writing requirements to ../build/joy_stick_pkg/joy_stick_pkg.egg-info/requires.txt
[0.803s] writing top-level names to ../build/joy_stick_pkg/joy_stick_pkg.egg-info/top_level.txt
[0.803s] writing manifest file '../build/joy_stick_pkg/joy_stick_pkg.egg-info/SOURCES.txt'
[0.804s] reading manifest file '../build/joy_stick_pkg/joy_stick_pkg.egg-info/SOURCES.txt'
[0.804s] adding license file 'LICENSE'
[0.804s] writing manifest file '../build/joy_stick_pkg/joy_stick_pkg.egg-info/SOURCES.txt'
[0.804s] running build
[0.805s] running build_py
[0.805s] creating /home/luke/Projects/robots/ros-meal-prep/src/build/joy_stick_pkg/build
[0.805s] creating /home/luke/Projects/robots/ros-meal-prep/src/build/joy_stick_pkg/build/lib
[0.805s] creating /home/luke/Projects/robots/ros-meal-prep/src/build/joy_stick_pkg/build/lib/joy_stick_pkg
[0.805s] copying joy_stick_pkg/joyStick.py -> /home/luke/Projects/robots/ros-meal-prep/src/build/joy_stick_pkg/build/lib/joy_stick_pkg
[0.805s] copying joy_stick_pkg/__init__.py -> /home/luke/Projects/robots/ros-meal-prep/src/build/joy_stick_pkg/build/lib/joy_stick_pkg
[0.805s] running install
[0.805s] running install_lib
[0.806s] creating /home/luke/Projects/robots/ros-meal-prep/src/install/joy_stick_pkg/lib/python3.10/site-packages/joy_stick_pkg
[0.806s] copying /home/luke/Projects/robots/ros-meal-prep/src/build/joy_stick_pkg/build/lib/joy_stick_pkg/joyStick.py -> /home/luke/Projects/robots/ros-meal-prep/src/install/joy_stick_pkg/lib/python3.10/site-packages/joy_stick_pkg
[0.806s] copying /home/luke/Projects/robots/ros-meal-prep/src/build/joy_stick_pkg/build/lib/joy_stick_pkg/__init__.py -> /home/luke/Projects/robots/ros-meal-prep/src/install/joy_stick_pkg/lib/python3.10/site-packages/joy_stick_pkg
[0.806s] byte-compiling /home/luke/Projects/robots/ros-meal-prep/src/install/joy_stick_pkg/lib/python3.10/site-packages/joy_stick_pkg/joyStick.py to joyStick.cpython-310.pyc
[0.807s] byte-compiling /home/luke/Projects/robots/ros-meal-prep/src/install/joy_stick_pkg/lib/python3.10/site-packages/joy_stick_pkg/__init__.py to __init__.cpython-310.pyc
[0.807s] running install_data
[0.807s] creating /home/luke/Projects/robots/ros-meal-prep/src/install/joy_stick_pkg/share/ament_index
[0.807s] creating /home/luke/Projects/robots/ros-meal-prep/src/install/joy_stick_pkg/share/ament_index/resource_index
[0.807s] creating /home/luke/Projects/robots/ros-meal-prep/src/install/joy_stick_pkg/share/ament_index/resource_index/packages
[0.807s] copying resource/joy_stick_pkg -> /home/luke/Projects/robots/ros-meal-prep/src/install/joy_stick_pkg/share/ament_index/resource_index/packages
[0.808s] copying package.xml -> /home/luke/Projects/robots/ros-meal-prep/src/install/joy_stick_pkg/share/joy_stick_pkg
[0.808s] running install_egg_info
[0.809s] Copying ../build/joy_stick_pkg/joy_stick_pkg.egg-info to /home/luke/Projects/robots/ros-meal-prep/src/install/joy_stick_pkg/lib/python3.10/site-packages/joy_stick_pkg-0.0.0-py3.10.egg-info
[0.810s] running install_scripts
[0.831s] Installing joyStick script to /home/luke/Projects/robots/ros-meal-prep/src/install/joy_stick_pkg/lib/joy_stick_pkg
[0.831s] Installing stepper script to /home/luke/Projects/robots/ros-meal-prep/src/install/joy_stick_pkg/lib/joy_stick_pkg
[0.831s] writing list of installed files to '/home/luke/Projects/robots/ros-meal-prep/src/build/joy_stick_pkg/install.log'
[0.879s] Invoked command in '/home/luke/Projects/robots/ros-meal-prep/src/joy_stick_pkg' returned '0': PYTHONPATH=/home/luke/Projects/robots/ros-meal-prep/src/build/joy_stick_pkg/prefix_override:/usr/lib/python3/dist-packages/colcon_core/task/python/colcon_distutils_commands:/home/luke/Projects/robots/ros-meal-prep/src/install/joy_stick_pkg/lib/python3.10/site-packages: /usr/bin/python3 -W ignore:setup.py install is deprecated -W ignore:easy_install command is deprecated setup.py egg_info --egg-base ../build/joy_stick_pkg build --build-base /home/luke/Projects/robots/ros-meal-prep/src/build/joy_stick_pkg/build install --record /home/luke/Projects/robots/ros-meal-prep/src/build/joy_stick_pkg/install.log --single-version-externally-managed install_data
