running egg_info
creating ../../build/painting_pkg/painting_pkg.egg-info
writing ../../build/painting_pkg/painting_pkg.egg-info/PKG-INFO
writing dependency_links to ../../build/painting_pkg/painting_pkg.egg-info/dependency_links.txt
writing entry points to ../../build/painting_pkg/painting_pkg.egg-info/entry_points.txt
writing requirements to ../../build/painting_pkg/painting_pkg.egg-info/requires.txt
writing top-level names to ../../build/painting_pkg/painting_pkg.egg-info/top_level.txt
writing manifest file '../../build/painting_pkg/painting_pkg.egg-info/SOURCES.txt'
reading manifest file '../../build/painting_pkg/painting_pkg.egg-info/SOURCES.txt'
adding license file 'LICENSE'
writing manifest file '../../build/painting_pkg/painting_pkg.egg-info/SOURCES.txt'
running build
running build_py
creating /home/luke/Projects/robots/ros-meal-prep/build/painting_pkg/build
creating /home/luke/Projects/robots/ros-meal-prep/build/painting_pkg/build/lib
creating /home/luke/Projects/robots/ros-meal-prep/build/painting_pkg/build/lib/painting_pkg
copying painting_pkg/instruction_publisher.py -> /home/luke/Projects/robots/ros-meal-prep/build/painting_pkg/build/lib/painting_pkg
copying painting_pkg/coordinate_compiler.py -> /home/luke/Projects/robots/ros-meal-prep/build/painting_pkg/build/lib/painting_pkg
copying painting_pkg/painting_node.py -> /home/luke/Projects/robots/ros-meal-prep/build/painting_pkg/build/lib/painting_pkg
copying painting_pkg/stroke_generator.py -> /home/luke/Projects/robots/ros-meal-prep/build/painting_pkg/build/lib/painting_pkg
copying painting_pkg/__init__.py -> /home/luke/Projects/robots/ros-meal-prep/build/painting_pkg/build/lib/painting_pkg
copying painting_pkg/curve_processor.py -> /home/luke/Projects/robots/ros-meal-prep/build/painting_pkg/build/lib/painting_pkg
running install
running install_lib
creating /home/luke/Projects/robots/ros-meal-prep/install/painting_pkg/lib/python3.10/site-packages/painting_pkg
copying /home/luke/Projects/robots/ros-meal-prep/build/painting_pkg/build/lib/painting_pkg/instruction_publisher.py -> /home/luke/Projects/robots/ros-meal-prep/install/painting_pkg/lib/python3.10/site-packages/painting_pkg
copying /home/luke/Projects/robots/ros-meal-prep/build/painting_pkg/build/lib/painting_pkg/coordinate_compiler.py -> /home/luke/Projects/robots/ros-meal-prep/install/painting_pkg/lib/python3.10/site-packages/painting_pkg
copying /home/luke/Projects/robots/ros-meal-prep/build/painting_pkg/build/lib/painting_pkg/painting_node.py -> /home/luke/Projects/robots/ros-meal-prep/install/painting_pkg/lib/python3.10/site-packages/painting_pkg
copying /home/luke/Projects/robots/ros-meal-prep/build/painting_pkg/build/lib/painting_pkg/stroke_generator.py -> /home/luke/Projects/robots/ros-meal-prep/install/painting_pkg/lib/python3.10/site-packages/painting_pkg
copying /home/luke/Projects/robots/ros-meal-prep/build/painting_pkg/build/lib/painting_pkg/__init__.py -> /home/luke/Projects/robots/ros-meal-prep/install/painting_pkg/lib/python3.10/site-packages/painting_pkg
copying /home/luke/Projects/robots/ros-meal-prep/build/painting_pkg/build/lib/painting_pkg/curve_processor.py -> /home/luke/Projects/robots/ros-meal-prep/install/painting_pkg/lib/python3.10/site-packages/painting_pkg
byte-compiling /home/luke/Projects/robots/ros-meal-prep/install/painting_pkg/lib/python3.10/site-packages/painting_pkg/instruction_publisher.py to instruction_publisher.cpython-310.pyc
byte-compiling /home/luke/Projects/robots/ros-meal-prep/install/painting_pkg/lib/python3.10/site-packages/painting_pkg/coordinate_compiler.py to coordinate_compiler.cpython-310.pyc
byte-compiling /home/luke/Projects/robots/ros-meal-prep/install/painting_pkg/lib/python3.10/site-packages/painting_pkg/painting_node.py to painting_node.cpython-310.pyc
byte-compiling /home/luke/Projects/robots/ros-meal-prep/install/painting_pkg/lib/python3.10/site-packages/painting_pkg/stroke_generator.py to stroke_generator.cpython-310.pyc
byte-compiling /home/luke/Projects/robots/ros-meal-prep/install/painting_pkg/lib/python3.10/site-packages/painting_pkg/__init__.py to __init__.cpython-310.pyc
byte-compiling /home/luke/Projects/robots/ros-meal-prep/install/painting_pkg/lib/python3.10/site-packages/painting_pkg/curve_processor.py to curve_processor.cpython-310.pyc
running install_data
creating /home/luke/Projects/robots/ros-meal-prep/install/painting_pkg/share/ament_index
creating /home/luke/Projects/robots/ros-meal-prep/install/painting_pkg/share/ament_index/resource_index
creating /home/luke/Projects/robots/ros-meal-prep/install/painting_pkg/share/ament_index/resource_index/packages
copying resource/painting_pkg -> /home/luke/Projects/robots/ros-meal-prep/install/painting_pkg/share/ament_index/resource_index/packages
copying package.xml -> /home/luke/Projects/robots/ros-meal-prep/install/painting_pkg/share/painting_pkg
creating /home/luke/Projects/robots/ros-meal-prep/install/painting_pkg/share/painting_pkg/launch
copying launch/painting_launch.py -> /home/luke/Projects/robots/ros-meal-prep/install/painting_pkg/share/painting_pkg/launch
running install_egg_info
removing '/home/luke/Projects/robots/ros-meal-prep/install/painting_pkg/lib/python3.10/site-packages/painting_pkg-0.0.0-py3.10.egg-info' (and everything under it)
Copying ../../build/painting_pkg/painting_pkg.egg-info to /home/luke/Projects/robots/ros-meal-prep/install/painting_pkg/lib/python3.10/site-packages/painting_pkg-0.0.0-py3.10.egg-info
running install_scripts
Installing painting_node script to /home/luke/Projects/robots/ros-meal-prep/install/painting_pkg/lib/painting_pkg
writing list of installed files to '/home/luke/Projects/robots/ros-meal-prep/build/painting_pkg/install.log'
