[0.992s] Invoking command in '/home/luke/Projects/robots/ros-meal-prep/src/painting_pkg': PYTHONPATH=/home/luke/Projects/robots/ros-meal-prep/build/painting_pkg/prefix_override:/usr/lib/python3/dist-packages/colcon_core/task/python/colcon_distutils_commands:/home/luke/Projects/robots/ros-meal-prep/install/painting_pkg/lib/python3.10/site-packages:${PYTHONPATH} /usr/bin/python3 -W ignore:setup.py install is deprecated -W ignore:easy_install command is deprecated setup.py egg_info --egg-base ../../build/painting_pkg build --build-base /home/luke/Projects/robots/ros-meal-prep/build/painting_pkg/build install --record /home/luke/Projects/robots/ros-meal-prep/build/painting_pkg/install.log --single-version-externally-managed install_data
[1.131s] running egg_info
[1.131s] creating ../../build/painting_pkg/painting_pkg.egg-info
[1.138s] writing ../../build/painting_pkg/painting_pkg.egg-info/PKG-INFO
[1.139s] writing dependency_links to ../../build/painting_pkg/painting_pkg.egg-info/dependency_links.txt
[1.139s] writing entry points to ../../build/painting_pkg/painting_pkg.egg-info/entry_points.txt
[1.139s] writing requirements to ../../build/painting_pkg/painting_pkg.egg-info/requires.txt
[1.139s] writing top-level names to ../../build/painting_pkg/painting_pkg.egg-info/top_level.txt
[1.139s] writing manifest file '../../build/painting_pkg/painting_pkg.egg-info/SOURCES.txt'
[1.156s] reading manifest file '../../build/painting_pkg/painting_pkg.egg-info/SOURCES.txt'
[1.156s] adding license file 'LICENSE'
[1.156s] writing manifest file '../../build/painting_pkg/painting_pkg.egg-info/SOURCES.txt'
[1.156s] running build
[1.156s] running build_py
[1.156s] creating /home/luke/Projects/robots/ros-meal-prep/build/painting_pkg/build
[1.157s] creating /home/luke/Projects/robots/ros-meal-prep/build/painting_pkg/build/lib
[1.157s] creating /home/luke/Projects/robots/ros-meal-prep/build/painting_pkg/build/lib/painting_pkg
[1.157s] copying painting_pkg/instruction_publisher.py -> /home/luke/Projects/robots/ros-meal-prep/build/painting_pkg/build/lib/painting_pkg
[1.157s] copying painting_pkg/coordinate_compiler.py -> /home/luke/Projects/robots/ros-meal-prep/build/painting_pkg/build/lib/painting_pkg
[1.157s] copying painting_pkg/painting_node.py -> /home/luke/Projects/robots/ros-meal-prep/build/painting_pkg/build/lib/painting_pkg
[1.157s] copying painting_pkg/stroke_generator.py -> /home/luke/Projects/robots/ros-meal-prep/build/painting_pkg/build/lib/painting_pkg
[1.157s] copying painting_pkg/__init__.py -> /home/luke/Projects/robots/ros-meal-prep/build/painting_pkg/build/lib/painting_pkg
[1.157s] copying painting_pkg/curve_processor.py -> /home/luke/Projects/robots/ros-meal-prep/build/painting_pkg/build/lib/painting_pkg
[1.157s] running install
[1.161s] running install_lib
[1.169s] creating /home/luke/Projects/robots/ros-meal-prep/install/painting_pkg/lib/python3.10/site-packages/painting_pkg
[1.169s] copying /home/luke/Projects/robots/ros-meal-prep/build/painting_pkg/build/lib/painting_pkg/instruction_publisher.py -> /home/luke/Projects/robots/ros-meal-prep/install/painting_pkg/lib/python3.10/site-packages/painting_pkg
[1.169s] copying /home/luke/Projects/robots/ros-meal-prep/build/painting_pkg/build/lib/painting_pkg/coordinate_compiler.py -> /home/luke/Projects/robots/ros-meal-prep/install/painting_pkg/lib/python3.10/site-packages/painting_pkg
[1.169s] copying /home/luke/Projects/robots/ros-meal-prep/build/painting_pkg/build/lib/painting_pkg/painting_node.py -> /home/luke/Projects/robots/ros-meal-prep/install/painting_pkg/lib/python3.10/site-packages/painting_pkg
[1.170s] copying /home/luke/Projects/robots/ros-meal-prep/build/painting_pkg/build/lib/painting_pkg/stroke_generator.py -> /home/luke/Projects/robots/ros-meal-prep/install/painting_pkg/lib/python3.10/site-packages/painting_pkg
[1.170s] copying /home/luke/Projects/robots/ros-meal-prep/build/painting_pkg/build/lib/painting_pkg/__init__.py -> /home/luke/Projects/robots/ros-meal-prep/install/painting_pkg/lib/python3.10/site-packages/painting_pkg
[1.170s] copying /home/luke/Projects/robots/ros-meal-prep/build/painting_pkg/build/lib/painting_pkg/curve_processor.py -> /home/luke/Projects/robots/ros-meal-prep/install/painting_pkg/lib/python3.10/site-packages/painting_pkg
[1.170s] byte-compiling /home/luke/Projects/robots/ros-meal-prep/install/painting_pkg/lib/python3.10/site-packages/painting_pkg/instruction_publisher.py to instruction_publisher.cpython-310.pyc
[1.171s] byte-compiling /home/luke/Projects/robots/ros-meal-prep/install/painting_pkg/lib/python3.10/site-packages/painting_pkg/coordinate_compiler.py to coordinate_compiler.cpython-310.pyc
[1.171s] byte-compiling /home/luke/Projects/robots/ros-meal-prep/install/painting_pkg/lib/python3.10/site-packages/painting_pkg/painting_node.py to painting_node.cpython-310.pyc
[1.171s] byte-compiling /home/luke/Projects/robots/ros-meal-prep/install/painting_pkg/lib/python3.10/site-packages/painting_pkg/stroke_generator.py to stroke_generator.cpython-310.pyc
[1.172s] byte-compiling /home/luke/Projects/robots/ros-meal-prep/install/painting_pkg/lib/python3.10/site-packages/painting_pkg/__init__.py to __init__.cpython-310.pyc
[1.172s] byte-compiling /home/luke/Projects/robots/ros-meal-prep/install/painting_pkg/lib/python3.10/site-packages/painting_pkg/curve_processor.py to curve_processor.cpython-310.pyc
[1.172s] running install_data
[1.172s] creating /home/luke/Projects/robots/ros-meal-prep/install/painting_pkg/share/ament_index
[1.172s] creating /home/luke/Projects/robots/ros-meal-prep/install/painting_pkg/share/ament_index/resource_index
[1.172s] creating /home/luke/Projects/robots/ros-meal-prep/install/painting_pkg/share/ament_index/resource_index/packages
[1.172s] copying resource/painting_pkg -> /home/luke/Projects/robots/ros-meal-prep/install/painting_pkg/share/ament_index/resource_index/packages
[1.172s] copying package.xml -> /home/luke/Projects/robots/ros-meal-prep/install/painting_pkg/share/painting_pkg
[1.173s] creating /home/luke/Projects/robots/ros-meal-prep/install/painting_pkg/share/painting_pkg/launch
[1.173s] copying launch/painting_launch.py -> /home/luke/Projects/robots/ros-meal-prep/install/painting_pkg/share/painting_pkg/launch
[1.173s] running install_egg_info
[1.182s] removing '/home/luke/Projects/robots/ros-meal-prep/install/painting_pkg/lib/python3.10/site-packages/painting_pkg-0.0.0-py3.10.egg-info' (and everything under it)
[1.182s] Copying ../../build/painting_pkg/painting_pkg.egg-info to /home/luke/Projects/robots/ros-meal-prep/install/painting_pkg/lib/python3.10/site-packages/painting_pkg-0.0.0-py3.10.egg-info
[1.183s] running install_scripts
[1.271s] Installing painting_node script to /home/luke/Projects/robots/ros-meal-prep/install/painting_pkg/lib/painting_pkg
[1.271s] writing list of installed files to '/home/luke/Projects/robots/ros-meal-prep/build/painting_pkg/install.log'
[1.305s] Invoked command in '/home/luke/Projects/robots/ros-meal-prep/src/painting_pkg' returned '0': PYTHONPATH=/home/luke/Projects/robots/ros-meal-prep/build/painting_pkg/prefix_override:/usr/lib/python3/dist-packages/colcon_core/task/python/colcon_distutils_commands:/home/luke/Projects/robots/ros-meal-prep/install/painting_pkg/lib/python3.10/site-packages:${PYTHONPATH} /usr/bin/python3 -W ignore:setup.py install is deprecated -W ignore:easy_install command is deprecated setup.py egg_info --egg-base ../../build/painting_pkg build --build-base /home/luke/Projects/robots/ros-meal-prep/build/painting_pkg/build install --record /home/luke/Projects/robots/ros-meal-prep/build/painting_pkg/install.log --single-version-externally-managed install_data
