[0.671s] Invoking command in '/home/luke/Projects/robots/ros-meal-prep/src/serial_comm_pkg': PYTHONPATH=/home/luke/Projects/robots/ros-meal-prep/build/serial_comm_pkg/prefix_override:/usr/lib/python3/dist-packages/colcon_core/task/python/colcon_distutils_commands:/home/luke/Projects/robots/ros-meal-prep/install/serial_comm_pkg/lib/python3.10/site-packages: /usr/bin/python3 -W ignore:setup.py install is deprecated -W ignore:easy_install command is deprecated setup.py egg_info --egg-base ../../build/serial_comm_pkg build --build-base /home/luke/Projects/robots/ros-meal-prep/build/serial_comm_pkg/build install --record /home/luke/Projects/robots/ros-meal-prep/build/serial_comm_pkg/install.log --single-version-externally-managed install_data
[0.780s] running egg_info
[0.780s] writing ../../build/serial_comm_pkg/serial_comm_pkg.egg-info/PKG-INFO
[0.781s] writing dependency_links to ../../build/serial_comm_pkg/serial_comm_pkg.egg-info/dependency_links.txt
[0.781s] writing entry points to ../../build/serial_comm_pkg/serial_comm_pkg.egg-info/entry_points.txt
[0.781s] writing requirements to ../../build/serial_comm_pkg/serial_comm_pkg.egg-info/requires.txt
[0.781s] writing top-level names to ../../build/serial_comm_pkg/serial_comm_pkg.egg-info/top_level.txt
[0.782s] reading manifest file '../../build/serial_comm_pkg/serial_comm_pkg.egg-info/SOURCES.txt'
[0.782s] adding license file 'LICENSE'
[0.782s] writing manifest file '../../build/serial_comm_pkg/serial_comm_pkg.egg-info/SOURCES.txt'
[0.782s] running build
[0.782s] running build_py
[0.783s] running install
[0.783s] running install_lib
[0.784s] running install_data
[0.784s] running install_egg_info
[0.784s] removing '/home/luke/Projects/robots/ros-meal-prep/install/serial_comm_pkg/lib/python3.10/site-packages/serial_comm_pkg-0.0.0-py3.10.egg-info' (and everything under it)
[0.785s] Copying ../../build/serial_comm_pkg/serial_comm_pkg.egg-info to /home/luke/Projects/robots/ros-meal-prep/install/serial_comm_pkg/lib/python3.10/site-packages/serial_comm_pkg-0.0.0-py3.10.egg-info
[0.785s] running install_scripts
[0.797s] Installing serial_comm script to /home/luke/Projects/robots/ros-meal-prep/install/serial_comm_pkg/lib/serial_comm_pkg
[0.797s] Installing waypoint_publisher script to /home/luke/Projects/robots/ros-meal-prep/install/serial_comm_pkg/lib/serial_comm_pkg
[0.797s] writing list of installed files to '/home/luke/Projects/robots/ros-meal-prep/build/serial_comm_pkg/install.log'
[0.831s] Invoked command in '/home/luke/Projects/robots/ros-meal-prep/src/serial_comm_pkg' returned '0': PYTHONPATH=/home/luke/Projects/robots/ros-meal-prep/build/serial_comm_pkg/prefix_override:/usr/lib/python3/dist-packages/colcon_core/task/python/colcon_distutils_commands:/home/luke/Projects/robots/ros-meal-prep/install/serial_comm_pkg/lib/python3.10/site-packages: /usr/bin/python3 -W ignore:setup.py install is deprecated -W ignore:easy_install command is deprecated setup.py egg_info --egg-base ../../build/serial_comm_pkg build --build-base /home/luke/Projects/robots/ros-meal-prep/build/serial_comm_pkg/build install --record /home/luke/Projects/robots/ros-meal-prep/build/serial_comm_pkg/install.log --single-version-externally-managed install_data
