[0.976s] Invoking command in '/home/luke/Projects/robots/ros-meal-prep/src/painting_pkg': PYTHONPATH=/home/luke/Projects/robots/ros-meal-prep/build/painting_pkg/prefix_override:/usr/lib/python3/dist-packages/colcon_core/task/python/colcon_distutils_commands:/home/luke/Projects/robots/ros-meal-prep/install/painting_pkg/lib/python3.10/site-packages:${PYTHONPATH} /usr/bin/python3 -W ignore:setup.py install is deprecated -W ignore:easy_install command is deprecated setup.py egg_info --egg-base ../../build/painting_pkg build --build-base /home/luke/Projects/robots/ros-meal-prep/build/painting_pkg/build install --record /home/luke/Projects/robots/ros-meal-prep/build/painting_pkg/install.log --single-version-externally-managed install_data
[1.117s] running egg_info
[1.126s] writing ../../build/painting_pkg/painting_pkg.egg-info/PKG-INFO
[1.126s] writing dependency_links to ../../build/painting_pkg/painting_pkg.egg-info/dependency_links.txt
[1.127s] writing entry points to ../../build/painting_pkg/painting_pkg.egg-info/entry_points.txt
[1.127s] writing requirements to ../../build/painting_pkg/painting_pkg.egg-info/requires.txt
[1.127s] writing top-level names to ../../build/painting_pkg/painting_pkg.egg-info/top_level.txt
[1.143s] reading manifest file '../../build/painting_pkg/painting_pkg.egg-info/SOURCES.txt'
[1.143s] adding license file 'LICENSE'
[1.144s] writing manifest file '../../build/painting_pkg/painting_pkg.egg-info/SOURCES.txt'
[1.144s] running build
[1.144s] running build_py
[1.144s] copying painting_pkg/instruction_publisher.py -> /home/luke/Projects/robots/ros-meal-prep/build/painting_pkg/build/lib/painting_pkg
[1.144s] copying painting_pkg/coordinate_compiler.py -> /home/luke/Projects/robots/ros-meal-prep/build/painting_pkg/build/lib/painting_pkg
[1.144s] copying painting_pkg/painting_node.py -> /home/luke/Projects/robots/ros-meal-prep/build/painting_pkg/build/lib/painting_pkg
[1.144s] copying painting_pkg/stroke_generator.py -> /home/luke/Projects/robots/ros-meal-prep/build/painting_pkg/build/lib/painting_pkg
[1.144s] copying painting_pkg/__init__.py -> /home/luke/Projects/robots/ros-meal-prep/build/painting_pkg/build/lib/painting_pkg
[1.145s] copying painting_pkg/curve_processor.py -> /home/luke/Projects/robots/ros-meal-prep/build/painting_pkg/build/lib/painting_pkg
[1.145s] running install
[1.148s] running install_lib
[1.157s] running install_data
[1.157s] copying resource/painting_pkg -> /home/luke/Projects/robots/ros-meal-prep/install/painting_pkg/share/ament_index/resource_index/packages
[1.157s] copying package.xml -> /home/luke/Projects/robots/ros-meal-prep/install/painting_pkg/share/painting_pkg
[1.157s] copying launch/painting_launch.py -> /home/luke/Projects/robots/ros-meal-prep/install/painting_pkg/share/painting_pkg/launch
[1.157s] running install_egg_info
[1.166s] removing '/home/luke/Projects/robots/ros-meal-prep/install/painting_pkg/lib/python3.10/site-packages/painting_pkg-0.0.0-py3.10.egg-info' (and everything under it)
[1.166s] Copying ../../build/painting_pkg/painting_pkg.egg-info to /home/luke/Projects/robots/ros-meal-prep/install/painting_pkg/lib/python3.10/site-packages/painting_pkg-0.0.0-py3.10.egg-info
[1.166s] running install_scripts
[1.250s] Installing painting_node script to /home/luke/Projects/robots/ros-meal-prep/install/painting_pkg/lib/painting_pkg
[1.250s] writing list of installed files to '/home/luke/Projects/robots/ros-meal-prep/build/painting_pkg/install.log'
[1.297s] Invoked command in '/home/luke/Projects/robots/ros-meal-prep/src/painting_pkg' returned '0': PYTHONPATH=/home/luke/Projects/robots/ros-meal-prep/build/painting_pkg/prefix_override:/usr/lib/python3/dist-packages/colcon_core/task/python/colcon_distutils_commands:/home/luke/Projects/robots/ros-meal-prep/install/painting_pkg/lib/python3.10/site-packages:${PYTHONPATH} /usr/bin/python3 -W ignore:setup.py install is deprecated -W ignore:easy_install command is deprecated setup.py egg_info --egg-base ../../build/painting_pkg build --build-base /home/luke/Projects/robots/ros-meal-prep/build/painting_pkg/build install --record /home/luke/Projects/robots/ros-meal-prep/build/painting_pkg/install.log --single-version-externally-managed install_data
