running egg_info
writing ../build/joy_stick_pkg/joy_stick_pkg.egg-info/PKG-INFO
writing dependency_links to ../build/joy_stick_pkg/joy_stick_pkg.egg-info/dependency_links.txt
writing entry points to ../build/joy_stick_pkg/joy_stick_pkg.egg-info/entry_points.txt
writing requirements to ../build/joy_stick_pkg/joy_stick_pkg.egg-info/requires.txt
writing top-level names to ../build/joy_stick_pkg/joy_stick_pkg.egg-info/top_level.txt
reading manifest file '../build/joy_stick_pkg/joy_stick_pkg.egg-info/SOURCES.txt'
adding license file 'LICENSE'
writing manifest file '../build/joy_stick_pkg/joy_stick_pkg.egg-info/SOURCES.txt'
running build
running build_py
running install
running install_lib
running install_data
running install_egg_info
removing '/home/luke/Projects/robots/ros-meal-prep/src/install/joy_stick_pkg/lib/python3.10/site-packages/joy_stick_pkg-0.0.0-py3.10.egg-info' (and everything under it)
Copying ../build/joy_stick_pkg/joy_stick_pkg.egg-info to /home/luke/Projects/robots/ros-meal-prep/src/install/joy_stick_pkg/lib/python3.10/site-packages/joy_stick_pkg-0.0.0-py3.10.egg-info
running install_scripts
Installing joyStick script to /home/luke/Projects/robots/ros-meal-prep/src/install/joy_stick_pkg/lib/joy_stick_pkg
Installing stepper script to /home/luke/Projects/robots/ros-meal-prep/src/install/joy_stick_pkg/lib/joy_stick_pkg
writing list of installed files to '/home/luke/Projects/robots/ros-meal-prep/src/build/joy_stick_pkg/install.log'
