[1.005s] Invoking command in '/home/luke/Projects/robots/ros-meal-prep/src/painting_pkg': PYTHONPATH=/home/luke/Projects/robots/ros-meal-prep/build/painting_pkg/prefix_override:/usr/lib/python3/dist-packages/colcon_core/task/python/colcon_distutils_commands:/home/luke/Projects/robots/ros-meal-prep/install/painting_pkg/lib/python3.10/site-packages: /usr/bin/python3 -W ignore:setup.py install is deprecated -W ignore:easy_install command is deprecated setup.py egg_info --egg-base ../../build/painting_pkg build --build-base /home/luke/Projects/robots/ros-meal-prep/build/painting_pkg/build install --record /home/luke/Projects/robots/ros-meal-prep/build/painting_pkg/install.log --single-version-externally-managed install_data
[1.138s] running egg_info
[1.138s] writing ../../build/painting_pkg/painting_pkg.egg-info/PKG-INFO
[1.139s] writing dependency_links to ../../build/painting_pkg/painting_pkg.egg-info/dependency_links.txt
[1.139s] writing entry points to ../../build/painting_pkg/painting_pkg.egg-info/entry_points.txt
[1.139s] writing requirements to ../../build/painting_pkg/painting_pkg.egg-info/requires.txt
[1.139s] writing top-level names to ../../build/painting_pkg/painting_pkg.egg-info/top_level.txt
[1.140s] reading manifest file '../../build/painting_pkg/painting_pkg.egg-info/SOURCES.txt'
[1.140s] adding license file 'LICENSE'
[1.141s] writing manifest file '../../build/painting_pkg/painting_pkg.egg-info/SOURCES.txt'
[1.141s] running build
[1.141s] running build_py
[1.141s] copying painting_pkg/painting_node.py -> /home/luke/Projects/robots/ros-meal-prep/build/painting_pkg/build/lib/painting_pkg
[1.142s] copying painting_pkg/stroke_generator.py -> /home/luke/Projects/robots/ros-meal-prep/build/painting_pkg/build/lib/painting_pkg
[1.142s] running install
[1.142s] running install_lib
[1.143s] copying /home/luke/Projects/robots/ros-meal-prep/build/painting_pkg/build/lib/painting_pkg/painting_node.py -> /home/luke/Projects/robots/ros-meal-prep/install/painting_pkg/lib/python3.10/site-packages/painting_pkg
[1.143s] copying /home/luke/Projects/robots/ros-meal-prep/build/painting_pkg/build/lib/painting_pkg/stroke_generator.py -> /home/luke/Projects/robots/ros-meal-prep/install/painting_pkg/lib/python3.10/site-packages/painting_pkg
[1.143s] byte-compiling /home/luke/Projects/robots/ros-meal-prep/install/painting_pkg/lib/python3.10/site-packages/painting_pkg/painting_node.py to painting_node.cpython-310.pyc
[1.144s] byte-compiling /home/luke/Projects/robots/ros-meal-prep/install/painting_pkg/lib/python3.10/site-packages/painting_pkg/stroke_generator.py to stroke_generator.cpython-310.pyc
[1.145s] running install_data
[1.145s] running install_egg_info
[1.147s] removing '/home/luke/Projects/robots/ros-meal-prep/install/painting_pkg/lib/python3.10/site-packages/painting_pkg-0.0.0-py3.10.egg-info' (and everything under it)
[1.147s] Copying ../../build/painting_pkg/painting_pkg.egg-info to /home/luke/Projects/robots/ros-meal-prep/install/painting_pkg/lib/python3.10/site-packages/painting_pkg-0.0.0-py3.10.egg-info
[1.148s] running install_scripts
[1.167s] Installing painting_node script to /home/luke/Projects/robots/ros-meal-prep/install/painting_pkg/lib/painting_pkg
[1.167s] writing list of installed files to '/home/luke/Projects/robots/ros-meal-prep/build/painting_pkg/install.log'
[1.237s] Invoked command in '/home/luke/Projects/robots/ros-meal-prep/src/painting_pkg' returned '0': PYTHONPATH=/home/luke/Projects/robots/ros-meal-prep/build/painting_pkg/prefix_override:/usr/lib/python3/dist-packages/colcon_core/task/python/colcon_distutils_commands:/home/luke/Projects/robots/ros-meal-prep/install/painting_pkg/lib/python3.10/site-packages: /usr/bin/python3 -W ignore:setup.py install is deprecated -W ignore:easy_install command is deprecated setup.py egg_info --egg-base ../../build/painting_pkg build --build-base /home/luke/Projects/robots/ros-meal-prep/build/painting_pkg/build install --record /home/luke/Projects/robots/ros-meal-prep/build/painting_pkg/install.log --single-version-externally-managed install_data
