[0.559s] Invoking command in '/home/luke/Projects/robots/ros-meal-prep/src/serial_comm_pkg': PYTHONPATH=/home/luke/Projects/robots/ros-meal-prep/src/build/serial_comm_pkg/prefix_override:/usr/lib/python3/dist-packages/colcon_core/task/python/colcon_distutils_commands:/home/luke/Projects/robots/ros-meal-prep/src/install/serial_comm_pkg/lib/python3.10/site-packages: /usr/bin/python3 -W ignore:setup.py install is deprecated -W ignore:easy_install command is deprecated setup.py egg_info --egg-base ../build/serial_comm_pkg build --build-base /home/luke/Projects/robots/ros-meal-prep/src/build/serial_comm_pkg/build install --record /home/luke/Projects/robots/ros-meal-prep/src/build/serial_comm_pkg/install.log --single-version-externally-managed install_data
[0.670s] running egg_info
[0.670s] writing ../build/serial_comm_pkg/serial_comm_pkg.egg-info/PKG-INFO
[0.670s] writing dependency_links to ../build/serial_comm_pkg/serial_comm_pkg.egg-info/dependency_links.txt
[0.670s] writing entry points to ../build/serial_comm_pkg/serial_comm_pkg.egg-info/entry_points.txt
[0.670s] writing requirements to ../build/serial_comm_pkg/serial_comm_pkg.egg-info/requires.txt
[0.670s] writing top-level names to ../build/serial_comm_pkg/serial_comm_pkg.egg-info/top_level.txt
[0.671s] reading manifest file '../build/serial_comm_pkg/serial_comm_pkg.egg-info/SOURCES.txt'
[0.672s] adding license file 'LICENSE'
[0.672s] writing manifest file '../build/serial_comm_pkg/serial_comm_pkg.egg-info/SOURCES.txt'
[0.672s] running build
[0.672s] running build_py
[0.672s] copying serial_comm_pkg/waypoint_publisher.py -> /home/luke/Projects/robots/ros-meal-prep/src/build/serial_comm_pkg/build/lib/serial_comm_pkg
[0.672s] copying serial_comm_pkg/serial_comm.py -> /home/luke/Projects/robots/ros-meal-prep/src/build/serial_comm_pkg/build/lib/serial_comm_pkg
[0.673s] running install
[0.673s] running install_lib
[0.673s] copying /home/luke/Projects/robots/ros-meal-prep/src/build/serial_comm_pkg/build/lib/serial_comm_pkg/waypoint_publisher.py -> /home/luke/Projects/robots/ros-meal-prep/src/install/serial_comm_pkg/lib/python3.10/site-packages/serial_comm_pkg
[0.673s] copying /home/luke/Projects/robots/ros-meal-prep/src/build/serial_comm_pkg/build/lib/serial_comm_pkg/serial_comm.py -> /home/luke/Projects/robots/ros-meal-prep/src/install/serial_comm_pkg/lib/python3.10/site-packages/serial_comm_pkg
[0.674s] byte-compiling /home/luke/Projects/robots/ros-meal-prep/src/install/serial_comm_pkg/lib/python3.10/site-packages/serial_comm_pkg/waypoint_publisher.py to waypoint_publisher.cpython-310.pyc
[0.674s] byte-compiling /home/luke/Projects/robots/ros-meal-prep/src/install/serial_comm_pkg/lib/python3.10/site-packages/serial_comm_pkg/serial_comm.py to serial_comm.cpython-310.pyc
[0.675s] running install_data
[0.675s] running install_egg_info
[0.676s] removing '/home/luke/Projects/robots/ros-meal-prep/src/install/serial_comm_pkg/lib/python3.10/site-packages/serial_comm_pkg-0.0.0-py3.10.egg-info' (and everything under it)
[0.676s] Copying ../build/serial_comm_pkg/serial_comm_pkg.egg-info to /home/luke/Projects/robots/ros-meal-prep/src/install/serial_comm_pkg/lib/python3.10/site-packages/serial_comm_pkg-0.0.0-py3.10.egg-info
[0.677s] running install_scripts
[0.690s] Installing serial_comm script to /home/luke/Projects/robots/ros-meal-prep/src/install/serial_comm_pkg/lib/serial_comm_pkg
[0.690s] Installing waypoint_publisher script to /home/luke/Projects/robots/ros-meal-prep/src/install/serial_comm_pkg/lib/serial_comm_pkg
[0.690s] writing list of installed files to '/home/luke/Projects/robots/ros-meal-prep/src/build/serial_comm_pkg/install.log'
[0.717s] Invoked command in '/home/luke/Projects/robots/ros-meal-prep/src/serial_comm_pkg' returned '0': PYTHONPATH=/home/luke/Projects/robots/ros-meal-prep/src/build/serial_comm_pkg/prefix_override:/usr/lib/python3/dist-packages/colcon_core/task/python/colcon_distutils_commands:/home/luke/Projects/robots/ros-meal-prep/src/install/serial_comm_pkg/lib/python3.10/site-packages: /usr/bin/python3 -W ignore:setup.py install is deprecated -W ignore:easy_install command is deprecated setup.py egg_info --egg-base ../build/serial_comm_pkg build --build-base /home/luke/Projects/robots/ros-meal-prep/src/build/serial_comm_pkg/build install --record /home/luke/Projects/robots/ros-meal-prep/src/build/serial_comm_pkg/install.log --single-version-externally-managed install_data
