running egg_info
writing ../../build/serial_comm_pkg/serial_comm_pkg.egg-info/PKG-INFO
writing dependency_links to ../../build/serial_comm_pkg/serial_comm_pkg.egg-info/dependency_links.txt
writing entry points to ../../build/serial_comm_pkg/serial_comm_pkg.egg-info/entry_points.txt
writing requirements to ../../build/serial_comm_pkg/serial_comm_pkg.egg-info/requires.txt
writing top-level names to ../../build/serial_comm_pkg/serial_comm_pkg.egg-info/top_level.txt
reading manifest file '../../build/serial_comm_pkg/serial_comm_pkg.egg-info/SOURCES.txt'
adding license file 'LICENSE'
writing manifest file '../../build/serial_comm_pkg/serial_comm_pkg.egg-info/SOURCES.txt'
running build
running build_py
copying serial_comm_pkg/waypoint_publisher.py -> /home/luke/Projects/robots/ros-meal-prep/build/serial_comm_pkg/build/lib/serial_comm_pkg
copying serial_comm_pkg/utils.py -> /home/luke/Projects/robots/ros-meal-prep/build/serial_comm_pkg/build/lib/serial_comm_pkg
copying serial_comm_pkg/__init__.py -> /home/luke/Projects/robots/ros-meal-prep/build/serial_comm_pkg/build/lib/serial_comm_pkg
copying serial_comm_pkg/serial_comm.py -> /home/luke/Projects/robots/ros-meal-prep/build/serial_comm_pkg/build/lib/serial_comm_pkg
copying serial_comm_pkg/serial_interface.py -> /home/luke/Projects/robots/ros-meal-prep/build/serial_comm_pkg/build/lib/serial_comm_pkg
running install
running install_lib
copying /home/luke/Projects/robots/ros-meal-prep/build/serial_comm_pkg/build/lib/serial_comm_pkg/waypoint_publisher.py -> /home/luke/Projects/robots/ros-meal-prep/install/serial_comm_pkg/lib/python3.10/site-packages/serial_comm_pkg
byte-compiling /home/luke/Projects/robots/ros-meal-prep/install/serial_comm_pkg/lib/python3.10/site-packages/serial_comm_pkg/waypoint_publisher.py to waypoint_publisher.cpython-310.pyc
running install_data
copying resource/serial_comm_pkg -> /home/luke/Projects/robots/ros-meal-prep/install/serial_comm_pkg/share/ament_index/resource_index/packages
copying package.xml -> /home/luke/Projects/robots/ros-meal-prep/install/serial_comm_pkg/share/serial_comm_pkg
running install_egg_info
removing '/home/luke/Projects/robots/ros-meal-prep/install/serial_comm_pkg/lib/python3.10/site-packages/serial_comm_pkg-0.0.0-py3.10.egg-info' (and everything under it)
Copying ../../build/serial_comm_pkg/serial_comm_pkg.egg-info to /home/luke/Projects/robots/ros-meal-prep/install/serial_comm_pkg/lib/python3.10/site-packages/serial_comm_pkg-0.0.0-py3.10.egg-info
running install_scripts
Installing serial_comm script to /home/luke/Projects/robots/ros-meal-prep/install/serial_comm_pkg/lib/serial_comm_pkg
Installing waypoint_publisher script to /home/luke/Projects/robots/ros-meal-prep/install/serial_comm_pkg/lib/serial_comm_pkg
writing list of installed files to '/home/luke/Projects/robots/ros-meal-prep/build/serial_comm_pkg/install.log'
