[0.699s] Invoking command in '/home/luke/Projects/robots/ros-meal-prep/src/painting_pkg': PYTHONPATH=/home/luke/Projects/robots/ros-meal-prep/build/painting_pkg/prefix_override:/usr/lib/python3/dist-packages/colcon_core/task/python/colcon_distutils_commands:/home/luke/Projects/robots/ros-meal-prep/install/painting_pkg/lib/python3.10/site-packages: /usr/bin/python3 -W ignore:setup.py install is deprecated -W ignore:easy_install command is deprecated setup.py egg_info --egg-base ../../build/painting_pkg build --build-base /home/luke/Projects/robots/ros-meal-prep/build/painting_pkg/build install --record /home/luke/Projects/robots/ros-meal-prep/build/painting_pkg/install.log --single-version-externally-managed install_data
[0.807s] running egg_info
[0.807s] writing ../../build/painting_pkg/painting_pkg.egg-info/PKG-INFO
[0.807s] writing dependency_links to ../../build/painting_pkg/painting_pkg.egg-info/dependency_links.txt
[0.807s] writing entry points to ../../build/painting_pkg/painting_pkg.egg-info/entry_points.txt
[0.808s] writing requirements to ../../build/painting_pkg/painting_pkg.egg-info/requires.txt
[0.808s] writing top-level names to ../../build/painting_pkg/painting_pkg.egg-info/top_level.txt
[0.808s] reading manifest file '../../build/painting_pkg/painting_pkg.egg-info/SOURCES.txt'
[0.809s] adding license file 'LICENSE'
[0.809s] writing manifest file '../../build/painting_pkg/painting_pkg.egg-info/SOURCES.txt'
[0.809s] running build
[0.810s] running build_py
[0.811s] copying painting_pkg/stroke_generator.py -> /home/luke/Projects/robots/ros-meal-prep/build/painting_pkg/build/lib/painting_pkg
[0.812s] running install
[0.812s] running install_lib
[0.812s] copying /home/luke/Projects/robots/ros-meal-prep/build/painting_pkg/build/lib/painting_pkg/stroke_generator.py -> /home/luke/Projects/robots/ros-meal-prep/install/painting_pkg/lib/python3.10/site-packages/painting_pkg
[0.813s] byte-compiling /home/luke/Projects/robots/ros-meal-prep/install/painting_pkg/lib/python3.10/site-packages/painting_pkg/stroke_generator.py to stroke_generator.cpython-310.pyc
[0.814s] running install_data
[0.814s] running install_egg_info
[0.815s] removing '/home/luke/Projects/robots/ros-meal-prep/install/painting_pkg/lib/python3.10/site-packages/painting_pkg-0.0.0-py3.10.egg-info' (and everything under it)
[0.815s] Copying ../../build/painting_pkg/painting_pkg.egg-info to /home/luke/Projects/robots/ros-meal-prep/install/painting_pkg/lib/python3.10/site-packages/painting_pkg-0.0.0-py3.10.egg-info
[0.816s] running install_scripts
[0.828s] Installing painting_node script to /home/luke/Projects/robots/ros-meal-prep/install/painting_pkg/lib/painting_pkg
[0.828s] writing list of installed files to '/home/luke/Projects/robots/ros-meal-prep/build/painting_pkg/install.log'
[0.860s] Invoked command in '/home/luke/Projects/robots/ros-meal-prep/src/painting_pkg' returned '0': PYTHONPATH=/home/luke/Projects/robots/ros-meal-prep/build/painting_pkg/prefix_override:/usr/lib/python3/dist-packages/colcon_core/task/python/colcon_distutils_commands:/home/luke/Projects/robots/ros-meal-prep/install/painting_pkg/lib/python3.10/site-packages: /usr/bin/python3 -W ignore:setup.py install is deprecated -W ignore:easy_install command is deprecated setup.py egg_info --egg-base ../../build/painting_pkg build --build-base /home/luke/Projects/robots/ros-meal-prep/build/painting_pkg/build install --record /home/luke/Projects/robots/ros-meal-prep/build/painting_pkg/install.log --single-version-externally-managed install_data
