running egg_info
creating ../build/stepper_pkg/stepper_pkg.egg-info
writing ../build/stepper_pkg/stepper_pkg.egg-info/PKG-INFO
writing dependency_links to ../build/stepper_pkg/stepper_pkg.egg-info/dependency_links.txt
writing entry points to ../build/stepper_pkg/stepper_pkg.egg-info/entry_points.txt
writing requirements to ../build/stepper_pkg/stepper_pkg.egg-info/requires.txt
writing top-level names to ../build/stepper_pkg/stepper_pkg.egg-info/top_level.txt
writing manifest file '../build/stepper_pkg/stepper_pkg.egg-info/SOURCES.txt'
reading manifest file '../build/stepper_pkg/stepper_pkg.egg-info/SOURCES.txt'
writing manifest file '../build/stepper_pkg/stepper_pkg.egg-info/SOURCES.txt'
running build
running build_py
creating /home/luke/Projects/robots/ros-meal-prep/build/stepper_pkg/build
creating /home/luke/Projects/robots/ros-meal-prep/build/stepper_pkg/build/lib
creating /home/luke/Projects/robots/ros-meal-prep/build/stepper_pkg/build/lib/stepper_pkg
copying stepper_pkg/stepper.py -> /home/luke/Projects/robots/ros-meal-prep/build/stepper_pkg/build/lib/stepper_pkg
copying stepper_pkg/__init__.py -> /home/luke/Projects/robots/ros-meal-prep/build/stepper_pkg/build/lib/stepper_pkg
running install
running install_lib
creating /home/luke/Projects/robots/ros-meal-prep/install/stepper_pkg/lib/python3.10/site-packages/stepper_pkg
copying /home/luke/Projects/robots/ros-meal-prep/build/stepper_pkg/build/lib/stepper_pkg/stepper.py -> /home/luke/Projects/robots/ros-meal-prep/install/stepper_pkg/lib/python3.10/site-packages/stepper_pkg
copying /home/luke/Projects/robots/ros-meal-prep/build/stepper_pkg/build/lib/stepper_pkg/__init__.py -> /home/luke/Projects/robots/ros-meal-prep/install/stepper_pkg/lib/python3.10/site-packages/stepper_pkg
byte-compiling /home/luke/Projects/robots/ros-meal-prep/install/stepper_pkg/lib/python3.10/site-packages/stepper_pkg/stepper.py to stepper.cpython-310.pyc
byte-compiling /home/luke/Projects/robots/ros-meal-prep/install/stepper_pkg/lib/python3.10/site-packages/stepper_pkg/__init__.py to __init__.cpython-310.pyc
running install_data
creating /home/luke/Projects/robots/ros-meal-prep/install/stepper_pkg/share/ament_index
creating /home/luke/Projects/robots/ros-meal-prep/install/stepper_pkg/share/ament_index/resource_index
creating /home/luke/Projects/robots/ros-meal-prep/install/stepper_pkg/share/ament_index/resource_index/packages
copying resource/stepper_pkg -> /home/luke/Projects/robots/ros-meal-prep/install/stepper_pkg/share/ament_index/resource_index/packages
copying package.xml -> /home/luke/Projects/robots/ros-meal-prep/install/stepper_pkg/share/stepper_pkg
running install_egg_info
Copying ../build/stepper_pkg/stepper_pkg.egg-info to /home/luke/Projects/robots/ros-meal-prep/install/stepper_pkg/lib/python3.10/site-packages/stepper_pkg-0.0.0-py3.10.egg-info
running install_scripts
Installing stepper.py script to /home/luke/Projects/robots/ros-meal-prep/install/stepper_pkg/lib/stepper_pkg
writing list of installed files to '/home/luke/Projects/robots/ros-meal-prep/build/stepper_pkg/install.log'
