[0.780s] Invoking command in '/home/luke/Projects/robots/ros-meal-prep/test/ros_testing/stepper_pkg': PYTHONPATH=/home/luke/Projects/robots/ros-meal-prep/build/stepper_pkg/prefix_override:/usr/lib/python3/dist-packages/colcon_core/task/python/colcon_distutils_commands:/home/luke/Projects/robots/ros-meal-prep/install/stepper_pkg/lib/python3.10/site-packages: /usr/bin/python3 -W ignore:setup.py install is deprecated -W ignore:easy_install command is deprecated setup.py egg_info --egg-base ../../../build/stepper_pkg build --build-base /home/luke/Projects/robots/ros-meal-prep/build/stepper_pkg/build install --record /home/luke/Projects/robots/ros-meal-prep/build/stepper_pkg/install.log --single-version-externally-managed install_data
[0.898s] running egg_info
[0.898s] writing ../../../build/stepper_pkg/stepper_pkg.egg-info/PKG-INFO
[0.898s] writing dependency_links to ../../../build/stepper_pkg/stepper_pkg.egg-info/dependency_links.txt
[0.898s] writing entry points to ../../../build/stepper_pkg/stepper_pkg.egg-info/entry_points.txt
[0.898s] writing requirements to ../../../build/stepper_pkg/stepper_pkg.egg-info/requires.txt
[0.898s] writing top-level names to ../../../build/stepper_pkg/stepper_pkg.egg-info/top_level.txt
[0.899s] reading manifest file '../../../build/stepper_pkg/stepper_pkg.egg-info/SOURCES.txt'
[0.900s] writing manifest file '../../../build/stepper_pkg/stepper_pkg.egg-info/SOURCES.txt'
[0.900s] running build
[0.900s] running build_py
[0.900s] running install
[0.900s] running install_lib
[0.901s] running install_data
[0.901s] running install_egg_info
[0.902s] removing '/home/luke/Projects/robots/ros-meal-prep/install/stepper_pkg/lib/python3.10/site-packages/stepper_pkg-0.0.0-py3.10.egg-info' (and everything under it)
[0.903s] Copying ../../../build/stepper_pkg/stepper_pkg.egg-info to /home/luke/Projects/robots/ros-meal-prep/install/stepper_pkg/lib/python3.10/site-packages/stepper_pkg-0.0.0-py3.10.egg-info
[0.903s] running install_scripts
[0.922s] Installing faceTrack script to /home/luke/Projects/robots/ros-meal-prep/install/stepper_pkg/lib/stepper_pkg
[0.922s] Installing stepper script to /home/luke/Projects/robots/ros-meal-prep/install/stepper_pkg/lib/stepper_pkg
[0.923s] writing list of installed files to '/home/luke/Projects/robots/ros-meal-prep/build/stepper_pkg/install.log'
[0.968s] Invoked command in '/home/luke/Projects/robots/ros-meal-prep/test/ros_testing/stepper_pkg' returned '0': PYTHONPATH=/home/luke/Projects/robots/ros-meal-prep/build/stepper_pkg/prefix_override:/usr/lib/python3/dist-packages/colcon_core/task/python/colcon_distutils_commands:/home/luke/Projects/robots/ros-meal-prep/install/stepper_pkg/lib/python3.10/site-packages: /usr/bin/python3 -W ignore:setup.py install is deprecated -W ignore:easy_install command is deprecated setup.py egg_info --egg-base ../../../build/stepper_pkg build --build-base /home/luke/Projects/robots/ros-meal-prep/build/stepper_pkg/build install --record /home/luke/Projects/robots/ros-meal-prep/build/stepper_pkg/install.log --single-version-externally-managed install_data
