running egg_info
creating ../../build/serial_comm_pkg/serial_comm_pkg.egg-info
writing ../../build/serial_comm_pkg/serial_comm_pkg.egg-info/PKG-INFO
writing dependency_links to ../../build/serial_comm_pkg/serial_comm_pkg.egg-info/dependency_links.txt
writing entry points to ../../build/serial_comm_pkg/serial_comm_pkg.egg-info/entry_points.txt
writing requirements to ../../build/serial_comm_pkg/serial_comm_pkg.egg-info/requires.txt
writing top-level names to ../../build/serial_comm_pkg/serial_comm_pkg.egg-info/top_level.txt
writing manifest file '../../build/serial_comm_pkg/serial_comm_pkg.egg-info/SOURCES.txt'
reading manifest file '../../build/serial_comm_pkg/serial_comm_pkg.egg-info/SOURCES.txt'
adding license file 'LICENSE'
writing manifest file '../../build/serial_comm_pkg/serial_comm_pkg.egg-info/SOURCES.txt'
running build
running build_py
creating /home/luke/Projects/robots/ros-meal-prep/build/serial_comm_pkg/build
creating /home/luke/Projects/robots/ros-meal-prep/build/serial_comm_pkg/build/lib
creating /home/luke/Projects/robots/ros-meal-prep/build/serial_comm_pkg/build/lib/serial_comm_pkg
copying serial_comm_pkg/utils.py -> /home/luke/Projects/robots/ros-meal-prep/build/serial_comm_pkg/build/lib/serial_comm_pkg
copying serial_comm_pkg/__init__.py -> /home/luke/Projects/robots/ros-meal-prep/build/serial_comm_pkg/build/lib/serial_comm_pkg
copying serial_comm_pkg/serial_comm.py -> /home/luke/Projects/robots/ros-meal-prep/build/serial_comm_pkg/build/lib/serial_comm_pkg
copying serial_comm_pkg/serial_interface.py -> /home/luke/Projects/robots/ros-meal-prep/build/serial_comm_pkg/build/lib/serial_comm_pkg
running install
running install_lib
creating /home/luke/Projects/robots/ros-meal-prep/install/serial_comm_pkg/lib/python3.10/site-packages/serial_comm_pkg
copying /home/luke/Projects/robots/ros-meal-prep/build/serial_comm_pkg/build/lib/serial_comm_pkg/utils.py -> /home/luke/Projects/robots/ros-meal-prep/install/serial_comm_pkg/lib/python3.10/site-packages/serial_comm_pkg
copying /home/luke/Projects/robots/ros-meal-prep/build/serial_comm_pkg/build/lib/serial_comm_pkg/__init__.py -> /home/luke/Projects/robots/ros-meal-prep/install/serial_comm_pkg/lib/python3.10/site-packages/serial_comm_pkg
copying /home/luke/Projects/robots/ros-meal-prep/build/serial_comm_pkg/build/lib/serial_comm_pkg/serial_comm.py -> /home/luke/Projects/robots/ros-meal-prep/install/serial_comm_pkg/lib/python3.10/site-packages/serial_comm_pkg
copying /home/luke/Projects/robots/ros-meal-prep/build/serial_comm_pkg/build/lib/serial_comm_pkg/serial_interface.py -> /home/luke/Projects/robots/ros-meal-prep/install/serial_comm_pkg/lib/python3.10/site-packages/serial_comm_pkg
byte-compiling /home/luke/Projects/robots/ros-meal-prep/install/serial_comm_pkg/lib/python3.10/site-packages/serial_comm_pkg/utils.py to utils.cpython-310.pyc
byte-compiling /home/luke/Projects/robots/ros-meal-prep/install/serial_comm_pkg/lib/python3.10/site-packages/serial_comm_pkg/__init__.py to __init__.cpython-310.pyc
byte-compiling /home/luke/Projects/robots/ros-meal-prep/install/serial_comm_pkg/lib/python3.10/site-packages/serial_comm_pkg/serial_comm.py to serial_comm.cpython-310.pyc
byte-compiling /home/luke/Projects/robots/ros-meal-prep/install/serial_comm_pkg/lib/python3.10/site-packages/serial_comm_pkg/serial_interface.py to serial_interface.cpython-310.pyc
running install_data
creating /home/luke/Projects/robots/ros-meal-prep/install/serial_comm_pkg/share/ament_index
creating /home/luke/Projects/robots/ros-meal-prep/install/serial_comm_pkg/share/ament_index/resource_index
creating /home/luke/Projects/robots/ros-meal-prep/install/serial_comm_pkg/share/ament_index/resource_index/packages
copying resource/serial_comm_pkg -> /home/luke/Projects/robots/ros-meal-prep/install/serial_comm_pkg/share/ament_index/resource_index/packages
copying package.xml -> /home/luke/Projects/robots/ros-meal-prep/install/serial_comm_pkg/share/serial_comm_pkg
running install_egg_info
Copying ../../build/serial_comm_pkg/serial_comm_pkg.egg-info to /home/luke/Projects/robots/ros-meal-prep/install/serial_comm_pkg/lib/python3.10/site-packages/serial_comm_pkg-0.0.0-py3.10.egg-info
running install_scripts
Installing serial_comm script to /home/luke/Projects/robots/ros-meal-prep/install/serial_comm_pkg/lib/serial_comm_pkg
writing list of installed files to '/home/luke/Projects/robots/ros-meal-prep/build/serial_comm_pkg/install.log'
