running egg_info
writing ../../build/painting_pkg/painting_pkg.egg-info/PKG-INFO
writing dependency_links to ../../build/painting_pkg/painting_pkg.egg-info/dependency_links.txt
writing entry points to ../../build/painting_pkg/painting_pkg.egg-info/entry_points.txt
writing requirements to ../../build/painting_pkg/painting_pkg.egg-info/requires.txt
writing top-level names to ../../build/painting_pkg/painting_pkg.egg-info/top_level.txt
reading manifest file '../../build/painting_pkg/painting_pkg.egg-info/SOURCES.txt'
adding license file 'LICENSE'
writing manifest file '../../build/painting_pkg/painting_pkg.egg-info/SOURCES.txt'
running build
running build_py
copying painting_pkg/coordinate_compiler.py -> /home/luke/Projects/robots/ros-meal-prep/build/painting_pkg/build/lib/painting_pkg
copying painting_pkg/painting_node.py -> /home/luke/Projects/robots/ros-meal-prep/build/painting_pkg/build/lib/painting_pkg
running install
running install_lib
copying /home/luke/Projects/robots/ros-meal-prep/build/painting_pkg/build/lib/painting_pkg/coordinate_compiler.py -> /home/luke/Projects/robots/ros-meal-prep/install/painting_pkg/lib/python3.10/site-packages/painting_pkg
copying /home/luke/Projects/robots/ros-meal-prep/build/painting_pkg/build/lib/painting_pkg/painting_node.py -> /home/luke/Projects/robots/ros-meal-prep/install/painting_pkg/lib/python3.10/site-packages/painting_pkg
byte-compiling /home/luke/Projects/robots/ros-meal-prep/install/painting_pkg/lib/python3.10/site-packages/painting_pkg/coordinate_compiler.py to coordinate_compiler.cpython-310.pyc
byte-compiling /home/luke/Projects/robots/ros-meal-prep/install/painting_pkg/lib/python3.10/site-packages/painting_pkg/painting_node.py to painting_node.cpython-310.pyc
running install_data
running install_egg_info
removing '/home/luke/Projects/robots/ros-meal-prep/install/painting_pkg/lib/python3.10/site-packages/painting_pkg-0.0.0-py3.10.egg-info' (and everything under it)
Copying ../../build/painting_pkg/painting_pkg.egg-info to /home/luke/Projects/robots/ros-meal-prep/install/painting_pkg/lib/python3.10/site-packages/painting_pkg-0.0.0-py3.10.egg-info
running install_scripts
Installing painting_node script to /home/luke/Projects/robots/ros-meal-prep/install/painting_pkg/lib/painting_pkg
writing list of installed files to '/home/luke/Projects/robots/ros-meal-prep/build/painting_pkg/install.log'
