[0.396s] Invoking command in '/home/luke/Projects/robots/ros-meal-prep/src/stepper_pkg': PYTHONPATH=/home/luke/Projects/robots/ros-meal-prep/build/stepper_pkg/prefix_override:/usr/lib/python3/dist-packages/colcon_core/task/python/colcon_distutils_commands:/home/luke/Projects/robots/ros-meal-prep/install/stepper_pkg/lib/python3.10/site-packages:${PYTHONPATH} /usr/bin/python3 -W ignore:setup.py install is deprecated setup.py egg_info --egg-base ../../build/stepper_pkg build --build-base /home/luke/Projects/robots/ros-meal-prep/build/stepper_pkg/build install --record /home/luke/Projects/robots/ros-meal-prep/build/stepper_pkg/install.log --single-version-externally-managed install_data
[0.513s] running egg_info
[0.520s] writing ../../build/stepper_pkg/stepper_pkg.egg-info/PKG-INFO
[0.521s] writing dependency_links to ../../build/stepper_pkg/stepper_pkg.egg-info/dependency_links.txt
[0.521s] writing entry points to ../../build/stepper_pkg/stepper_pkg.egg-info/entry_points.txt
[0.521s] writing requirements to ../../build/stepper_pkg/stepper_pkg.egg-info/requires.txt
[0.521s] writing top-level names to ../../build/stepper_pkg/stepper_pkg.egg-info/top_level.txt
[0.541s] reading manifest file '../../build/stepper_pkg/stepper_pkg.egg-info/SOURCES.txt'
[0.541s] writing manifest file '../../build/stepper_pkg/stepper_pkg.egg-info/SOURCES.txt'
[0.542s] running build
[0.542s] running build_py
[0.542s] copying stepper_pkg/stepper.py -> /home/luke/Projects/robots/ros-meal-prep/build/stepper_pkg/build/lib/stepper_pkg
[0.542s] copying stepper_pkg/__init__.py -> /home/luke/Projects/robots/ros-meal-prep/build/stepper_pkg/build/lib/stepper_pkg
[0.542s] running install
[0.546s] running install_lib
[0.555s] running install_data
[0.555s] copying resource/stepper_pkg -> /home/luke/Projects/robots/ros-meal-prep/install/stepper_pkg/share/ament_index/resource_index/packages
[0.555s] copying package.xml -> /home/luke/Projects/robots/ros-meal-prep/install/stepper_pkg/share/stepper_pkg
[0.555s] running install_egg_info
[0.564s] removing '/home/luke/Projects/robots/ros-meal-prep/install/stepper_pkg/lib/python3.10/site-packages/stepper_pkg-0.0.0-py3.10.egg-info' (and everything under it)
[0.564s] Copying ../../build/stepper_pkg/stepper_pkg.egg-info to /home/luke/Projects/robots/ros-meal-prep/install/stepper_pkg/lib/python3.10/site-packages/stepper_pkg-0.0.0-py3.10.egg-info
[0.565s] running install_scripts
[0.649s] Installing stepper.py script to /home/luke/Projects/robots/ros-meal-prep/install/stepper_pkg/lib/stepper_pkg
[0.649s] writing list of installed files to '/home/luke/Projects/robots/ros-meal-prep/build/stepper_pkg/install.log'
[0.676s] Invoked command in '/home/luke/Projects/robots/ros-meal-prep/src/stepper_pkg' returned '0': PYTHONPATH=/home/luke/Projects/robots/ros-meal-prep/build/stepper_pkg/prefix_override:/usr/lib/python3/dist-packages/colcon_core/task/python/colcon_distutils_commands:/home/luke/Projects/robots/ros-meal-prep/install/stepper_pkg/lib/python3.10/site-packages:${PYTHONPATH} /usr/bin/python3 -W ignore:setup.py install is deprecated setup.py egg_info --egg-base ../../build/stepper_pkg build --build-base /home/luke/Projects/robots/ros-meal-prep/build/stepper_pkg/build install --record /home/luke/Projects/robots/ros-meal-prep/build/stepper_pkg/install.log --single-version-externally-managed install_data
