[1.079s] Invoking command in '/home/luke/Projects/robots/ros-meal-prep/src/painting_pkg': PYTHONPATH=/home/luke/Projects/robots/ros-meal-prep/build/painting_pkg/prefix_override:/usr/lib/python3/dist-packages/colcon_core/task/python/colcon_distutils_commands:/home/luke/Projects/robots/ros-meal-prep/install/painting_pkg/lib/python3.10/site-packages: /usr/bin/python3 -W ignore:setup.py install is deprecated -W ignore:easy_install command is deprecated setup.py egg_info --egg-base ../../build/painting_pkg build --build-base /home/luke/Projects/robots/ros-meal-prep/build/painting_pkg/build install --record /home/luke/Projects/robots/ros-meal-prep/build/painting_pkg/install.log --single-version-externally-managed install_data
[1.205s] running egg_info
[1.206s] writing ../../build/painting_pkg/painting_pkg.egg-info/PKG-INFO
[1.207s] writing dependency_links to ../../build/painting_pkg/painting_pkg.egg-info/dependency_links.txt
[1.207s] writing entry points to ../../build/painting_pkg/painting_pkg.egg-info/entry_points.txt
[1.207s] writing requirements to ../../build/painting_pkg/painting_pkg.egg-info/requires.txt
[1.207s] writing top-level names to ../../build/painting_pkg/painting_pkg.egg-info/top_level.txt
[1.208s] reading manifest file '../../build/painting_pkg/painting_pkg.egg-info/SOURCES.txt'
[1.208s] adding license file 'LICENSE'
[1.209s] writing manifest file '../../build/painting_pkg/painting_pkg.egg-info/SOURCES.txt'
[1.209s] running build
[1.209s] running build_py
[1.209s] running install
[1.210s] running install_lib
[1.212s] running install_data
[1.212s] running install_egg_info
[1.213s] removing '/home/luke/Projects/robots/ros-meal-prep/install/painting_pkg/lib/python3.10/site-packages/painting_pkg-0.0.0-py3.10.egg-info' (and everything under it)
[1.214s] Copying ../../build/painting_pkg/painting_pkg.egg-info to /home/luke/Projects/robots/ros-meal-prep/install/painting_pkg/lib/python3.10/site-packages/painting_pkg-0.0.0-py3.10.egg-info
[1.215s] running install_scripts
[1.238s] Installing painting_node script to /home/luke/Projects/robots/ros-meal-prep/install/painting_pkg/lib/painting_pkg
[1.239s] writing list of installed files to '/home/luke/Projects/robots/ros-meal-prep/build/painting_pkg/install.log'
[1.299s] Invoked command in '/home/luke/Projects/robots/ros-meal-prep/src/painting_pkg' returned '0': PYTHONPATH=/home/luke/Projects/robots/ros-meal-prep/build/painting_pkg/prefix_override:/usr/lib/python3/dist-packages/colcon_core/task/python/colcon_distutils_commands:/home/luke/Projects/robots/ros-meal-prep/install/painting_pkg/lib/python3.10/site-packages: /usr/bin/python3 -W ignore:setup.py install is deprecated -W ignore:easy_install command is deprecated setup.py egg_info --egg-base ../../build/painting_pkg build --build-base /home/luke/Projects/robots/ros-meal-prep/build/painting_pkg/build install --record /home/luke/Projects/robots/ros-meal-prep/build/painting_pkg/install.log --single-version-externally-managed install_data
