[0.068s] DEBUG:colcon:Command line arguments: ['/usr/bin/colcon', 'build']
[0.068s] DEBUG:colcon:Parsed command line arguments: Namespace(log_base=None, log_level=None, verb_name='build', build_base='build', install_base='install', merge_install=False, symlink_install=False, test_result_base=None, continue_on_error=False, executor='parallel', parallel_workers=16, event_handlers=None, ignore_user_meta=False, metas=['./colcon.meta'], base_paths=['.'], packages_ignore=None, packages_ignore_regex=None, paths=None, packages_up_to=None, packages_up_to_regex=None, packages_above=None, packages_above_and_dependencies=None, packages_above_depth=None, packages_select_by_dep=None, packages_skip_by_dep=None, packages_skip_up_to=None, packages_select_build_failed=False, packages_skip_build_finished=False, packages_select_test_failures=False, packages_skip_test_passed=False, packages_select=None, packages_skip=None, packages_select_regex=None, packages_skip_regex=None, packages_start=None, packages_end=None, allow_overriding=[], cmake_args=None, cmake_target=None, cmake_target_skip_unavailable=False, cmake_clean_cache=False, cmake_clean_first=False, cmake_force_configure=False, ament_cmake_args=None, catkin_cmake_args=None, catkin_skip_building_tests=False, mixin_files=None, mixin=None, verb_parser=<colcon_mixin.mixin.mixin_argument.MixinArgumentDecorator object at 0x7081a003f580>, verb_extension=<colcon_core.verb.build.BuildVerb object at 0x7081a0190400>, main=<bound method BuildVerb.main of <colcon_core.verb.build.BuildVerb object at 0x7081a0190400>>, mixin_verb=('build',))
[0.091s] Level 1:colcon.colcon_core.package_discovery:discover_packages(colcon_meta) check parameters
[0.091s] Level 1:colcon.colcon_core.package_discovery:discover_packages(recursive) check parameters
[0.091s] Level 1:colcon.colcon_core.package_discovery:discover_packages(ignore) check parameters
[0.091s] Level 1:colcon.colcon_core.package_discovery:discover_packages(path) check parameters
[0.091s] Level 1:colcon.colcon_core.package_discovery:discover_packages(colcon_meta) discover
[0.091s] Level 1:colcon.colcon_core.package_discovery:discover_packages(recursive) discover
[0.091s] INFO:colcon.colcon_core.package_discovery:Crawling recursively for packages in '/home/luke/Projects/robots/ros-meal-prep'
[0.091s] Level 1:colcon.colcon_core.package_identification:_identify(.) by extensions ['ignore', 'ignore_ament_install']
[0.091s] Level 1:colcon.colcon_core.package_identification:_identify(.) by extension 'ignore'
[0.091s] Level 1:colcon.colcon_core.package_identification:_identify(.) by extension 'ignore_ament_install'
[0.091s] Level 1:colcon.colcon_core.package_identification:_identify(.) by extensions ['colcon_pkg']
[0.091s] Level 1:colcon.colcon_core.package_identification:_identify(.) by extension 'colcon_pkg'
[0.091s] Level 1:colcon.colcon_core.package_identification:_identify(.) by extensions ['colcon_meta']
[0.091s] Level 1:colcon.colcon_core.package_identification:_identify(.) by extension 'colcon_meta'
[0.091s] Level 1:colcon.colcon_core.package_identification:_identify(.) by extensions ['ros']
[0.091s] Level 1:colcon.colcon_core.package_identification:_identify(.) by extension 'ros'
[0.101s] Level 1:colcon.colcon_core.package_identification:_identify(.) by extensions ['cmake', 'python']
[0.101s] Level 1:colcon.colcon_core.package_identification:_identify(.) by extension 'cmake'
[0.101s] Level 1:colcon.colcon_core.package_identification:_identify(.) by extension 'python'
[0.101s] Level 1:colcon.colcon_core.package_identification:_identify(.) by extensions ['python_setup_py']
[0.101s] Level 1:colcon.colcon_core.package_identification:_identify(.) by extension 'python_setup_py'
[0.101s] Level 1:colcon.colcon_core.package_identification:_identify(build) by extensions ['ignore', 'ignore_ament_install']
[0.101s] Level 1:colcon.colcon_core.package_identification:_identify(build) by extension 'ignore'
[0.101s] Level 1:colcon.colcon_core.package_identification:_identify(build) ignored
[0.101s] Level 1:colcon.colcon_core.package_identification:_identify(controller) by extensions ['ignore', 'ignore_ament_install']
[0.101s] Level 1:colcon.colcon_core.package_identification:_identify(controller) by extension 'ignore'
[0.101s] Level 1:colcon.colcon_core.package_identification:_identify(controller) by extension 'ignore_ament_install'
[0.101s] Level 1:colcon.colcon_core.package_identification:_identify(controller) by extensions ['colcon_pkg']
[0.101s] Level 1:colcon.colcon_core.package_identification:_identify(controller) by extension 'colcon_pkg'
[0.101s] Level 1:colcon.colcon_core.package_identification:_identify(controller) by extensions ['colcon_meta']
[0.101s] Level 1:colcon.colcon_core.package_identification:_identify(controller) by extension 'colcon_meta'
[0.101s] Level 1:colcon.colcon_core.package_identification:_identify(controller) by extensions ['ros']
[0.101s] Level 1:colcon.colcon_core.package_identification:_identify(controller) by extension 'ros'
[0.101s] Level 1:colcon.colcon_core.package_identification:_identify(controller) by extensions ['cmake', 'python']
[0.101s] Level 1:colcon.colcon_core.package_identification:_identify(controller) by extension 'cmake'
[0.101s] Level 1:colcon.colcon_core.package_identification:_identify(controller) by extension 'python'
[0.101s] Level 1:colcon.colcon_core.package_identification:_identify(controller) by extensions ['python_setup_py']
[0.101s] Level 1:colcon.colcon_core.package_identification:_identify(controller) by extension 'python_setup_py'
[0.101s] Level 1:colcon.colcon_core.package_identification:_identify(controller/main) by extensions ['ignore', 'ignore_ament_install']
[0.101s] Level 1:colcon.colcon_core.package_identification:_identify(controller/main) by extension 'ignore'
[0.101s] Level 1:colcon.colcon_core.package_identification:_identify(controller/main) by extension 'ignore_ament_install'
[0.101s] Level 1:colcon.colcon_core.package_identification:_identify(controller/main) by extensions ['colcon_pkg']
[0.101s] Level 1:colcon.colcon_core.package_identification:_identify(controller/main) by extension 'colcon_pkg'
[0.101s] Level 1:colcon.colcon_core.package_identification:_identify(controller/main) by extensions ['colcon_meta']
[0.101s] Level 1:colcon.colcon_core.package_identification:_identify(controller/main) by extension 'colcon_meta'
[0.101s] Level 1:colcon.colcon_core.package_identification:_identify(controller/main) by extensions ['ros']
[0.101s] Level 1:colcon.colcon_core.package_identification:_identify(controller/main) by extension 'ros'
[0.101s] Level 1:colcon.colcon_core.package_identification:_identify(controller/main) by extensions ['cmake', 'python']
[0.101s] Level 1:colcon.colcon_core.package_identification:_identify(controller/main) by extension 'cmake'
[0.101s] Level 1:colcon.colcon_core.package_identification:_identify(controller/main) by extension 'python'
[0.101s] Level 1:colcon.colcon_core.package_identification:_identify(controller/main) by extensions ['python_setup_py']
[0.101s] Level 1:colcon.colcon_core.package_identification:_identify(controller/main) by extension 'python_setup_py'
[0.102s] Level 1:colcon.colcon_core.package_identification:_identify(install) by extensions ['ignore', 'ignore_ament_install']
[0.102s] Level 1:colcon.colcon_core.package_identification:_identify(install) by extension 'ignore'
[0.102s] Level 1:colcon.colcon_core.package_identification:_identify(install) ignored
[0.102s] Level 1:colcon.colcon_core.package_identification:_identify(log) by extensions ['ignore', 'ignore_ament_install']
[0.102s] Level 1:colcon.colcon_core.package_identification:_identify(log) by extension 'ignore'
[0.102s] Level 1:colcon.colcon_core.package_identification:_identify(log) ignored
[0.102s] Level 1:colcon.colcon_core.package_identification:_identify(scripts) by extensions ['ignore', 'ignore_ament_install']
[0.102s] Level 1:colcon.colcon_core.package_identification:_identify(scripts) by extension 'ignore'
[0.102s] Level 1:colcon.colcon_core.package_identification:_identify(scripts) by extension 'ignore_ament_install'
[0.102s] Level 1:colcon.colcon_core.package_identification:_identify(scripts) by extensions ['colcon_pkg']
[0.102s] Level 1:colcon.colcon_core.package_identification:_identify(scripts) by extension 'colcon_pkg'
[0.102s] Level 1:colcon.colcon_core.package_identification:_identify(scripts) by extensions ['colcon_meta']
[0.102s] Level 1:colcon.colcon_core.package_identification:_identify(scripts) by extension 'colcon_meta'
[0.102s] Level 1:colcon.colcon_core.package_identification:_identify(scripts) by extensions ['ros']
[0.102s] Level 1:colcon.colcon_core.package_identification:_identify(scripts) by extension 'ros'
[0.102s] Level 1:colcon.colcon_core.package_identification:_identify(scripts) by extensions ['cmake', 'python']
[0.102s] Level 1:colcon.colcon_core.package_identification:_identify(scripts) by extension 'cmake'
[0.102s] Level 1:colcon.colcon_core.package_identification:_identify(scripts) by extension 'python'
[0.102s] Level 1:colcon.colcon_core.package_identification:_identify(scripts) by extensions ['python_setup_py']
[0.102s] Level 1:colcon.colcon_core.package_identification:_identify(scripts) by extension 'python_setup_py'
[0.102s] Level 1:colcon.colcon_core.package_identification:_identify(src) by extensions ['ignore', 'ignore_ament_install']
[0.102s] Level 1:colcon.colcon_core.package_identification:_identify(src) by extension 'ignore'
[0.102s] Level 1:colcon.colcon_core.package_identification:_identify(src) by extension 'ignore_ament_install'
[0.102s] Level 1:colcon.colcon_core.package_identification:_identify(src) by extensions ['colcon_pkg']
[0.102s] Level 1:colcon.colcon_core.package_identification:_identify(src) by extension 'colcon_pkg'
[0.102s] Level 1:colcon.colcon_core.package_identification:_identify(src) by extensions ['colcon_meta']
[0.102s] Level 1:colcon.colcon_core.package_identification:_identify(src) by extension 'colcon_meta'
[0.102s] Level 1:colcon.colcon_core.package_identification:_identify(src) by extensions ['ros']
[0.102s] Level 1:colcon.colcon_core.package_identification:_identify(src) by extension 'ros'
[0.102s] Level 1:colcon.colcon_core.package_identification:_identify(src) by extensions ['cmake', 'python']
[0.102s] Level 1:colcon.colcon_core.package_identification:_identify(src) by extension 'cmake'
[0.102s] Level 1:colcon.colcon_core.package_identification:_identify(src) by extension 'python'
[0.102s] Level 1:colcon.colcon_core.package_identification:_identify(src) by extensions ['python_setup_py']
[0.102s] Level 1:colcon.colcon_core.package_identification:_identify(src) by extension 'python_setup_py'
[0.102s] Level 1:colcon.colcon_core.package_identification:_identify(src/build) by extensions ['ignore', 'ignore_ament_install']
[0.102s] Level 1:colcon.colcon_core.package_identification:_identify(src/build) by extension 'ignore'
[0.102s] Level 1:colcon.colcon_core.package_identification:_identify(src/build) ignored
[0.102s] Level 1:colcon.colcon_core.package_identification:_identify(src/image_processing_pkg) by extensions ['ignore', 'ignore_ament_install']
[0.102s] Level 1:colcon.colcon_core.package_identification:_identify(src/image_processing_pkg) by extension 'ignore'
[0.102s] Level 1:colcon.colcon_core.package_identification:_identify(src/image_processing_pkg) by extension 'ignore_ament_install'
[0.102s] Level 1:colcon.colcon_core.package_identification:_identify(src/image_processing_pkg) by extensions ['colcon_pkg']
[0.102s] Level 1:colcon.colcon_core.package_identification:_identify(src/image_processing_pkg) by extension 'colcon_pkg'
[0.102s] Level 1:colcon.colcon_core.package_identification:_identify(src/image_processing_pkg) by extensions ['colcon_meta']
[0.102s] Level 1:colcon.colcon_core.package_identification:_identify(src/image_processing_pkg) by extension 'colcon_meta'
[0.103s] Level 1:colcon.colcon_core.package_identification:_identify(src/image_processing_pkg) by extensions ['ros']
[0.103s] Level 1:colcon.colcon_core.package_identification:_identify(src/image_processing_pkg) by extension 'ros'
[0.104s] DEBUG:colcon.colcon_core.package_identification:Package 'src/image_processing_pkg' with type 'ros.ament_python' and name 'image_processing_pkg'
[0.104s] Level 1:colcon.colcon_core.package_identification:_identify(src/install) by extensions ['ignore', 'ignore_ament_install']
[0.104s] Level 1:colcon.colcon_core.package_identification:_identify(src/install) by extension 'ignore'
[0.104s] Level 1:colcon.colcon_core.package_identification:_identify(src/install) ignored
[0.104s] Level 1:colcon.colcon_core.package_identification:_identify(src/log) by extensions ['ignore', 'ignore_ament_install']
[0.104s] Level 1:colcon.colcon_core.package_identification:_identify(src/log) by extension 'ignore'
[0.104s] Level 1:colcon.colcon_core.package_identification:_identify(src/log) ignored
[0.104s] Level 1:colcon.colcon_core.package_identification:_identify(src/painting_pkg) by extensions ['ignore', 'ignore_ament_install']
[0.104s] Level 1:colcon.colcon_core.package_identification:_identify(src/painting_pkg) by extension 'ignore'
[0.104s] Level 1:colcon.colcon_core.package_identification:_identify(src/painting_pkg) by extension 'ignore_ament_install'
[0.104s] Level 1:colcon.colcon_core.package_identification:_identify(src/painting_pkg) by extensions ['colcon_pkg']
[0.104s] Level 1:colcon.colcon_core.package_identification:_identify(src/painting_pkg) by extension 'colcon_pkg'
[0.104s] Level 1:colcon.colcon_core.package_identification:_identify(src/painting_pkg) by extensions ['colcon_meta']
[0.104s] Level 1:colcon.colcon_core.package_identification:_identify(src/painting_pkg) by extension 'colcon_meta'
[0.104s] Level 1:colcon.colcon_core.package_identification:_identify(src/painting_pkg) by extensions ['ros']
[0.104s] Level 1:colcon.colcon_core.package_identification:_identify(src/painting_pkg) by extension 'ros'
[0.105s] DEBUG:colcon.colcon_core.package_identification:Package 'src/painting_pkg' with type 'ros.ament_python' and name 'painting_pkg'
[0.105s] Level 1:colcon.colcon_core.package_identification:_identify(src/serial_comm_pkg) by extensions ['ignore', 'ignore_ament_install']
[0.105s] Level 1:colcon.colcon_core.package_identification:_identify(src/serial_comm_pkg) by extension 'ignore'
[0.105s] Level 1:colcon.colcon_core.package_identification:_identify(src/serial_comm_pkg) by extension 'ignore_ament_install'
[0.105s] Level 1:colcon.colcon_core.package_identification:_identify(src/serial_comm_pkg) by extensions ['colcon_pkg']
[0.105s] Level 1:colcon.colcon_core.package_identification:_identify(src/serial_comm_pkg) by extension 'colcon_pkg'
[0.105s] Level 1:colcon.colcon_core.package_identification:_identify(src/serial_comm_pkg) by extensions ['colcon_meta']
[0.105s] Level 1:colcon.colcon_core.package_identification:_identify(src/serial_comm_pkg) by extension 'colcon_meta'
[0.105s] Level 1:colcon.colcon_core.package_identification:_identify(src/serial_comm_pkg) by extensions ['ros']
[0.105s] Level 1:colcon.colcon_core.package_identification:_identify(src/serial_comm_pkg) by extension 'ros'
[0.105s] DEBUG:colcon.colcon_core.package_identification:Package 'src/serial_comm_pkg' with type 'ros.ament_python' and name 'serial_comm_pkg'
[0.105s] Level 1:colcon.colcon_core.package_identification:_identify(test) by extensions ['ignore', 'ignore_ament_install']
[0.105s] Level 1:colcon.colcon_core.package_identification:_identify(test) by extension 'ignore'
[0.105s] Level 1:colcon.colcon_core.package_identification:_identify(test) by extension 'ignore_ament_install'
[0.105s] Level 1:colcon.colcon_core.package_identification:_identify(test) by extensions ['colcon_pkg']
[0.105s] Level 1:colcon.colcon_core.package_identification:_identify(test) by extension 'colcon_pkg'
[0.105s] Level 1:colcon.colcon_core.package_identification:_identify(test) by extensions ['colcon_meta']
[0.105s] Level 1:colcon.colcon_core.package_identification:_identify(test) by extension 'colcon_meta'
[0.105s] Level 1:colcon.colcon_core.package_identification:_identify(test) by extensions ['ros']
[0.105s] Level 1:colcon.colcon_core.package_identification:_identify(test) by extension 'ros'
[0.105s] Level 1:colcon.colcon_core.package_identification:_identify(test) by extensions ['cmake', 'python']
[0.105s] Level 1:colcon.colcon_core.package_identification:_identify(test) by extension 'cmake'
[0.105s] Level 1:colcon.colcon_core.package_identification:_identify(test) by extension 'python'
[0.105s] Level 1:colcon.colcon_core.package_identification:_identify(test) by extensions ['python_setup_py']
[0.105s] Level 1:colcon.colcon_core.package_identification:_identify(test) by extension 'python_setup_py'
[0.105s] Level 1:colcon.colcon_core.package_identification:_identify(test/comms) by extensions ['ignore', 'ignore_ament_install']
[0.105s] Level 1:colcon.colcon_core.package_identification:_identify(test/comms) by extension 'ignore'
[0.105s] Level 1:colcon.colcon_core.package_identification:_identify(test/comms) by extension 'ignore_ament_install'
[0.105s] Level 1:colcon.colcon_core.package_identification:_identify(test/comms) by extensions ['colcon_pkg']
[0.105s] Level 1:colcon.colcon_core.package_identification:_identify(test/comms) by extension 'colcon_pkg'
[0.105s] Level 1:colcon.colcon_core.package_identification:_identify(test/comms) by extensions ['colcon_meta']
[0.105s] Level 1:colcon.colcon_core.package_identification:_identify(test/comms) by extension 'colcon_meta'
[0.105s] Level 1:colcon.colcon_core.package_identification:_identify(test/comms) by extensions ['ros']
[0.106s] Level 1:colcon.colcon_core.package_identification:_identify(test/comms) by extension 'ros'
[0.106s] Level 1:colcon.colcon_core.package_identification:_identify(test/comms) by extensions ['cmake', 'python']
[0.106s] Level 1:colcon.colcon_core.package_identification:_identify(test/comms) by extension 'cmake'
[0.106s] Level 1:colcon.colcon_core.package_identification:_identify(test/comms) by extension 'python'
[0.106s] Level 1:colcon.colcon_core.package_identification:_identify(test/comms) by extensions ['python_setup_py']
[0.106s] Level 1:colcon.colcon_core.package_identification:_identify(test/comms) by extension 'python_setup_py'
[0.106s] Level 1:colcon.colcon_core.package_identification:_identify(test/comms/build) by extensions ['ignore', 'ignore_ament_install']
[0.106s] Level 1:colcon.colcon_core.package_identification:_identify(test/comms/build) by extension 'ignore'
[0.106s] Level 1:colcon.colcon_core.package_identification:_identify(test/comms/build) ignored
[0.106s] Level 1:colcon.colcon_core.package_identification:_identify(test/comms/install) by extensions ['ignore', 'ignore_ament_install']
[0.106s] Level 1:colcon.colcon_core.package_identification:_identify(test/comms/install) by extension 'ignore'
[0.106s] Level 1:colcon.colcon_core.package_identification:_identify(test/comms/install) ignored
[0.106s] Level 1:colcon.colcon_core.package_identification:_identify(test/comms/log) by extensions ['ignore', 'ignore_ament_install']
[0.106s] Level 1:colcon.colcon_core.package_identification:_identify(test/comms/log) by extension 'ignore'
[0.106s] Level 1:colcon.colcon_core.package_identification:_identify(test/comms/log) ignored
[0.106s] Level 1:colcon.colcon_core.package_identification:_identify(test/comms/serial) by extensions ['ignore', 'ignore_ament_install']
[0.106s] Level 1:colcon.colcon_core.package_identification:_identify(test/comms/serial) by extension 'ignore'
[0.106s] Level 1:colcon.colcon_core.package_identification:_identify(test/comms/serial) by extension 'ignore_ament_install'
[0.106s] Level 1:colcon.colcon_core.package_identification:_identify(test/comms/serial) by extensions ['colcon_pkg']
[0.106s] Level 1:colcon.colcon_core.package_identification:_identify(test/comms/serial) by extension 'colcon_pkg'
[0.106s] Level 1:colcon.colcon_core.package_identification:_identify(test/comms/serial) by extensions ['colcon_meta']
[0.106s] Level 1:colcon.colcon_core.package_identification:_identify(test/comms/serial) by extension 'colcon_meta'
[0.106s] Level 1:colcon.colcon_core.package_identification:_identify(test/comms/serial) by extensions ['ros']
[0.106s] Level 1:colcon.colcon_core.package_identification:_identify(test/comms/serial) by extension 'ros'
[0.106s] Level 1:colcon.colcon_core.package_identification:_identify(test/comms/serial) by extensions ['cmake', 'python']
[0.106s] Level 1:colcon.colcon_core.package_identification:_identify(test/comms/serial) by extension 'cmake'
[0.106s] Level 1:colcon.colcon_core.package_identification:_identify(test/comms/serial) by extension 'python'
[0.106s] Level 1:colcon.colcon_core.package_identification:_identify(test/comms/serial) by extensions ['python_setup_py']
[0.106s] Level 1:colcon.colcon_core.package_identification:_identify(test/comms/serial) by extension 'python_setup_py'
[0.106s] Level 1:colcon.colcon_core.package_identification:_identify(test/firmware_testing) by extensions ['ignore', 'ignore_ament_install']
[0.106s] Level 1:colcon.colcon_core.package_identification:_identify(test/firmware_testing) by extension 'ignore'
[0.106s] Level 1:colcon.colcon_core.package_identification:_identify(test/firmware_testing) by extension 'ignore_ament_install'
[0.106s] Level 1:colcon.colcon_core.package_identification:_identify(test/firmware_testing) by extensions ['colcon_pkg']
[0.106s] Level 1:colcon.colcon_core.package_identification:_identify(test/firmware_testing) by extension 'colcon_pkg'
[0.106s] Level 1:colcon.colcon_core.package_identification:_identify(test/firmware_testing) by extensions ['colcon_meta']
[0.106s] Level 1:colcon.colcon_core.package_identification:_identify(test/firmware_testing) by extension 'colcon_meta'
[0.106s] Level 1:colcon.colcon_core.package_identification:_identify(test/firmware_testing) by extensions ['ros']
[0.106s] Level 1:colcon.colcon_core.package_identification:_identify(test/firmware_testing) by extension 'ros'
[0.106s] Level 1:colcon.colcon_core.package_identification:_identify(test/firmware_testing) by extensions ['cmake', 'python']
[0.106s] Level 1:colcon.colcon_core.package_identification:_identify(test/firmware_testing) by extension 'cmake'
[0.106s] Level 1:colcon.colcon_core.package_identification:_identify(test/firmware_testing) by extension 'python'
[0.106s] Level 1:colcon.colcon_core.package_identification:_identify(test/firmware_testing) by extensions ['python_setup_py']
[0.106s] Level 1:colcon.colcon_core.package_identification:_identify(test/firmware_testing) by extension 'python_setup_py'
[0.106s] Level 1:colcon.colcon_core.package_identification:_identify(test/firmware_testing/cncStepper) by extensions ['ignore', 'ignore_ament_install']
[0.106s] Level 1:colcon.colcon_core.package_identification:_identify(test/firmware_testing/cncStepper) by extension 'ignore'
[0.106s] Level 1:colcon.colcon_core.package_identification:_identify(test/firmware_testing/cncStepper) by extension 'ignore_ament_install'
[0.107s] Level 1:colcon.colcon_core.package_identification:_identify(test/firmware_testing/cncStepper) by extensions ['colcon_pkg']
[0.107s] Level 1:colcon.colcon_core.package_identification:_identify(test/firmware_testing/cncStepper) by extension 'colcon_pkg'
[0.107s] Level 1:colcon.colcon_core.package_identification:_identify(test/firmware_testing/cncStepper) by extensions ['colcon_meta']
[0.107s] Level 1:colcon.colcon_core.package_identification:_identify(test/firmware_testing/cncStepper) by extension 'colcon_meta'
[0.107s] Level 1:colcon.colcon_core.package_identification:_identify(test/firmware_testing/cncStepper) by extensions ['ros']
[0.107s] Level 1:colcon.colcon_core.package_identification:_identify(test/firmware_testing/cncStepper) by extension 'ros'
[0.107s] Level 1:colcon.colcon_core.package_identification:_identify(test/firmware_testing/cncStepper) by extensions ['cmake', 'python']
[0.107s] Level 1:colcon.colcon_core.package_identification:_identify(test/firmware_testing/cncStepper) by extension 'cmake'
[0.107s] Level 1:colcon.colcon_core.package_identification:_identify(test/firmware_testing/cncStepper) by extension 'python'
[0.107s] Level 1:colcon.colcon_core.package_identification:_identify(test/firmware_testing/cncStepper) by extensions ['python_setup_py']
[0.107s] Level 1:colcon.colcon_core.package_identification:_identify(test/firmware_testing/cncStepper) by extension 'python_setup_py'
[0.107s] Level 1:colcon.colcon_core.package_identification:_identify(test/firmware_testing/joyStickC) by extensions ['ignore', 'ignore_ament_install']
[0.107s] Level 1:colcon.colcon_core.package_identification:_identify(test/firmware_testing/joyStickC) by extension 'ignore'
[0.107s] Level 1:colcon.colcon_core.package_identification:_identify(test/firmware_testing/joyStickC) by extension 'ignore_ament_install'
[0.107s] Level 1:colcon.colcon_core.package_identification:_identify(test/firmware_testing/joyStickC) by extensions ['colcon_pkg']
[0.107s] Level 1:colcon.colcon_core.package_identification:_identify(test/firmware_testing/joyStickC) by extension 'colcon_pkg'
[0.107s] Level 1:colcon.colcon_core.package_identification:_identify(test/firmware_testing/joyStickC) by extensions ['colcon_meta']
[0.107s] Level 1:colcon.colcon_core.package_identification:_identify(test/firmware_testing/joyStickC) by extension 'colcon_meta'
[0.107s] Level 1:colcon.colcon_core.package_identification:_identify(test/firmware_testing/joyStickC) by extensions ['ros']
[0.107s] Level 1:colcon.colcon_core.package_identification:_identify(test/firmware_testing/joyStickC) by extension 'ros'
[0.107s] Level 1:colcon.colcon_core.package_identification:_identify(test/firmware_testing/joyStickC) by extensions ['cmake', 'python']
[0.107s] Level 1:colcon.colcon_core.package_identification:_identify(test/firmware_testing/joyStickC) by extension 'cmake'
[0.107s] Level 1:colcon.colcon_core.package_identification:_identify(test/firmware_testing/joyStickC) by extension 'python'
[0.107s] Level 1:colcon.colcon_core.package_identification:_identify(test/firmware_testing/joyStickC) by extensions ['python_setup_py']
[0.107s] Level 1:colcon.colcon_core.package_identification:_identify(test/firmware_testing/joyStickC) by extension 'python_setup_py'
[0.107s] Level 1:colcon.colcon_core.package_identification:_identify(test/old) by extensions ['ignore', 'ignore_ament_install']
[0.107s] Level 1:colcon.colcon_core.package_identification:_identify(test/old) by extension 'ignore'
[0.107s] Level 1:colcon.colcon_core.package_identification:_identify(test/old) by extension 'ignore_ament_install'
[0.107s] Level 1:colcon.colcon_core.package_identification:_identify(test/old) by extensions ['colcon_pkg']
[0.107s] Level 1:colcon.colcon_core.package_identification:_identify(test/old) by extension 'colcon_pkg'
[0.107s] Level 1:colcon.colcon_core.package_identification:_identify(test/old) by extensions ['colcon_meta']
[0.107s] Level 1:colcon.colcon_core.package_identification:_identify(test/old) by extension 'colcon_meta'
[0.107s] Level 1:colcon.colcon_core.package_identification:_identify(test/old) by extensions ['ros']
[0.107s] Level 1:colcon.colcon_core.package_identification:_identify(test/old) by extension 'ros'
[0.107s] Level 1:colcon.colcon_core.package_identification:_identify(test/old) by extensions ['cmake', 'python']
[0.107s] Level 1:colcon.colcon_core.package_identification:_identify(test/old) by extension 'cmake'
[0.107s] Level 1:colcon.colcon_core.package_identification:_identify(test/old) by extension 'python'
[0.107s] Level 1:colcon.colcon_core.package_identification:_identify(test/old) by extensions ['python_setup_py']
[0.107s] Level 1:colcon.colcon_core.package_identification:_identify(test/old) by extension 'python_setup_py'
[0.107s] Level 1:colcon.colcon_core.package_identification:_identify(test/python_testing) by extensions ['ignore', 'ignore_ament_install']
[0.107s] Level 1:colcon.colcon_core.package_identification:_identify(test/python_testing) by extension 'ignore'
[0.107s] Level 1:colcon.colcon_core.package_identification:_identify(test/python_testing) by extension 'ignore_ament_install'
[0.107s] Level 1:colcon.colcon_core.package_identification:_identify(test/python_testing) by extensions ['colcon_pkg']
[0.107s] Level 1:colcon.colcon_core.package_identification:_identify(test/python_testing) by extension 'colcon_pkg'
[0.107s] Level 1:colcon.colcon_core.package_identification:_identify(test/python_testing) by extensions ['colcon_meta']
[0.107s] Level 1:colcon.colcon_core.package_identification:_identify(test/python_testing) by extension 'colcon_meta'
[0.107s] Level 1:colcon.colcon_core.package_identification:_identify(test/python_testing) by extensions ['ros']
[0.107s] Level 1:colcon.colcon_core.package_identification:_identify(test/python_testing) by extension 'ros'
[0.107s] Level 1:colcon.colcon_core.package_identification:_identify(test/python_testing) by extensions ['cmake', 'python']
[0.107s] Level 1:colcon.colcon_core.package_identification:_identify(test/python_testing) by extension 'cmake'
[0.107s] Level 1:colcon.colcon_core.package_identification:_identify(test/python_testing) by extension 'python'
[0.107s] Level 1:colcon.colcon_core.package_identification:_identify(test/python_testing) by extensions ['python_setup_py']
[0.107s] Level 1:colcon.colcon_core.package_identification:_identify(test/python_testing) by extension 'python_setup_py'
[0.108s] Level 1:colcon.colcon_core.package_identification:_identify(test/ros_testing) by extensions ['ignore', 'ignore_ament_install']
[0.108s] Level 1:colcon.colcon_core.package_identification:_identify(test/ros_testing) by extension 'ignore'
[0.108s] Level 1:colcon.colcon_core.package_identification:_identify(test/ros_testing) by extension 'ignore_ament_install'
[0.108s] Level 1:colcon.colcon_core.package_identification:_identify(test/ros_testing) by extensions ['colcon_pkg']
[0.108s] Level 1:colcon.colcon_core.package_identification:_identify(test/ros_testing) by extension 'colcon_pkg'
[0.108s] Level 1:colcon.colcon_core.package_identification:_identify(test/ros_testing) by extensions ['colcon_meta']
[0.108s] Level 1:colcon.colcon_core.package_identification:_identify(test/ros_testing) by extension 'colcon_meta'
[0.108s] Level 1:colcon.colcon_core.package_identification:_identify(test/ros_testing) by extensions ['ros']
[0.108s] Level 1:colcon.colcon_core.package_identification:_identify(test/ros_testing) by extension 'ros'
[0.108s] Level 1:colcon.colcon_core.package_identification:_identify(test/ros_testing) by extensions ['cmake', 'python']
[0.108s] Level 1:colcon.colcon_core.package_identification:_identify(test/ros_testing) by extension 'cmake'
[0.108s] Level 1:colcon.colcon_core.package_identification:_identify(test/ros_testing) by extension 'python'
[0.108s] Level 1:colcon.colcon_core.package_identification:_identify(test/ros_testing) by extensions ['python_setup_py']
[0.108s] Level 1:colcon.colcon_core.package_identification:_identify(test/ros_testing) by extension 'python_setup_py'
[0.108s] Level 1:colcon.colcon_core.package_identification:_identify(test/ros_testing/joy_stick_pkg) by extensions ['ignore', 'ignore_ament_install']
[0.108s] Level 1:colcon.colcon_core.package_identification:_identify(test/ros_testing/joy_stick_pkg) by extension 'ignore'
[0.108s] Level 1:colcon.colcon_core.package_identification:_identify(test/ros_testing/joy_stick_pkg) by extension 'ignore_ament_install'
[0.108s] Level 1:colcon.colcon_core.package_identification:_identify(test/ros_testing/joy_stick_pkg) by extensions ['colcon_pkg']
[0.108s] Level 1:colcon.colcon_core.package_identification:_identify(test/ros_testing/joy_stick_pkg) by extension 'colcon_pkg'
[0.108s] Level 1:colcon.colcon_core.package_identification:_identify(test/ros_testing/joy_stick_pkg) by extensions ['colcon_meta']
[0.108s] Level 1:colcon.colcon_core.package_identification:_identify(test/ros_testing/joy_stick_pkg) by extension 'colcon_meta'
[0.108s] Level 1:colcon.colcon_core.package_identification:_identify(test/ros_testing/joy_stick_pkg) by extensions ['ros']
[0.108s] Level 1:colcon.colcon_core.package_identification:_identify(test/ros_testing/joy_stick_pkg) by extension 'ros'
[0.108s] DEBUG:colcon.colcon_core.package_identification:Package 'test/ros_testing/joy_stick_pkg' with type 'ros.ament_python' and name 'joy_stick_pkg'
[0.108s] Level 1:colcon.colcon_core.package_identification:_identify(test/ros_testing/stepper_pkg) by extensions ['ignore', 'ignore_ament_install']
[0.108s] Level 1:colcon.colcon_core.package_identification:_identify(test/ros_testing/stepper_pkg) by extension 'ignore'
[0.108s] Level 1:colcon.colcon_core.package_identification:_identify(test/ros_testing/stepper_pkg) by extension 'ignore_ament_install'
[0.108s] Level 1:colcon.colcon_core.package_identification:_identify(test/ros_testing/stepper_pkg) by extensions ['colcon_pkg']
[0.108s] Level 1:colcon.colcon_core.package_identification:_identify(test/ros_testing/stepper_pkg) by extension 'colcon_pkg'
[0.108s] Level 1:colcon.colcon_core.package_identification:_identify(test/ros_testing/stepper_pkg) by extensions ['colcon_meta']
[0.108s] Level 1:colcon.colcon_core.package_identification:_identify(test/ros_testing/stepper_pkg) by extension 'colcon_meta'
[0.108s] Level 1:colcon.colcon_core.package_identification:_identify(test/ros_testing/stepper_pkg) by extensions ['ros']
[0.108s] Level 1:colcon.colcon_core.package_identification:_identify(test/ros_testing/stepper_pkg) by extension 'ros'
[0.109s] DEBUG:colcon.colcon_core.package_identification:Package 'test/ros_testing/stepper_pkg' with type 'ros.ament_python' and name 'stepper_pkg'
[0.109s] Level 1:colcon.colcon_core.package_identification:_identify(test/stroke_gen) by extensions ['ignore', 'ignore_ament_install']
[0.109s] Level 1:colcon.colcon_core.package_identification:_identify(test/stroke_gen) by extension 'ignore'
[0.109s] Level 1:colcon.colcon_core.package_identification:_identify(test/stroke_gen) by extension 'ignore_ament_install'
[0.109s] Level 1:colcon.colcon_core.package_identification:_identify(test/stroke_gen) by extensions ['colcon_pkg']
[0.109s] Level 1:colcon.colcon_core.package_identification:_identify(test/stroke_gen) by extension 'colcon_pkg'
[0.109s] Level 1:colcon.colcon_core.package_identification:_identify(test/stroke_gen) by extensions ['colcon_meta']
[0.109s] Level 1:colcon.colcon_core.package_identification:_identify(test/stroke_gen) by extension 'colcon_meta'
[0.109s] Level 1:colcon.colcon_core.package_identification:_identify(test/stroke_gen) by extensions ['ros']
[0.109s] Level 1:colcon.colcon_core.package_identification:_identify(test/stroke_gen) by extension 'ros'
[0.109s] Level 1:colcon.colcon_core.package_identification:_identify(test/stroke_gen) by extensions ['cmake', 'python']
[0.109s] Level 1:colcon.colcon_core.package_identification:_identify(test/stroke_gen) by extension 'cmake'
[0.109s] Level 1:colcon.colcon_core.package_identification:_identify(test/stroke_gen) by extension 'python'
[0.109s] Level 1:colcon.colcon_core.package_identification:_identify(test/stroke_gen) by extensions ['python_setup_py']
[0.109s] Level 1:colcon.colcon_core.package_identification:_identify(test/stroke_gen) by extension 'python_setup_py'
[0.109s] Level 1:colcon.colcon_core.package_discovery:discover_packages(recursive) using defaults
[0.109s] Level 1:colcon.colcon_core.package_discovery:discover_packages(ignore) discover
[0.109s] Level 1:colcon.colcon_core.package_discovery:discover_packages(ignore) using defaults
[0.109s] Level 1:colcon.colcon_core.package_discovery:discover_packages(path) discover
[0.109s] Level 1:colcon.colcon_core.package_discovery:discover_packages(path) using defaults
[0.121s] Level 1:colcon.colcon_core.package_discovery:discover_packages(prefix_path) check parameters
[0.121s] Level 1:colcon.colcon_core.package_discovery:discover_packages(prefix_path) discover
[0.122s] DEBUG:colcon.colcon_installed_package_information.package_discovery:Found 5 installed packages in /home/luke/Projects/robots/ros-meal-prep/install
[0.123s] DEBUG:colcon.colcon_installed_package_information.package_discovery:Found 294 installed packages in /opt/ros/humble
[0.124s] Level 1:colcon.colcon_core.package_discovery:discover_packages(prefix_path) using defaults
[0.144s] Level 5:colcon.colcon_core.verb:set package 'image_processing_pkg' build argument 'cmake_args' from command line to 'None'
[0.145s] Level 5:colcon.colcon_core.verb:set package 'image_processing_pkg' build argument 'cmake_target' from command line to 'None'
[0.145s] Level 5:colcon.colcon_core.verb:set package 'image_processing_pkg' build argument 'cmake_target_skip_unavailable' from command line to 'False'
[0.145s] Level 5:colcon.colcon_core.verb:set package 'image_processing_pkg' build argument 'cmake_clean_cache' from command line to 'False'
[0.145s] Level 5:colcon.colcon_core.verb:set package 'image_processing_pkg' build argument 'cmake_clean_first' from command line to 'False'
[0.145s] Level 5:colcon.colcon_core.verb:set package 'image_processing_pkg' build argument 'cmake_force_configure' from command line to 'False'
[0.145s] Level 5:colcon.colcon_core.verb:set package 'image_processing_pkg' build argument 'ament_cmake_args' from command line to 'None'
[0.145s] Level 5:colcon.colcon_core.verb:set package 'image_processing_pkg' build argument 'catkin_cmake_args' from command line to 'None'
[0.145s] Level 5:colcon.colcon_core.verb:set package 'image_processing_pkg' build argument 'catkin_skip_building_tests' from command line to 'False'
[0.145s] DEBUG:colcon.colcon_core.verb:Building package 'image_processing_pkg' with the following arguments: {'ament_cmake_args': None, 'build_base': '/home/luke/Projects/robots/ros-meal-prep/build/image_processing_pkg', 'catkin_cmake_args': None, 'catkin_skip_building_tests': False, 'cmake_args': None, 'cmake_clean_cache': False, 'cmake_clean_first': False, 'cmake_force_configure': False, 'cmake_target': None, 'cmake_target_skip_unavailable': False, 'install_base': '/home/luke/Projects/robots/ros-meal-prep/install/image_processing_pkg', 'merge_install': False, 'path': '/home/luke/Projects/robots/ros-meal-prep/src/image_processing_pkg', 'symlink_install': False, 'test_result_base': None}
[0.145s] Level 5:colcon.colcon_core.verb:set package 'joy_stick_pkg' build argument 'cmake_args' from command line to 'None'
[0.145s] Level 5:colcon.colcon_core.verb:set package 'joy_stick_pkg' build argument 'cmake_target' from command line to 'None'
[0.145s] Level 5:colcon.colcon_core.verb:set package 'joy_stick_pkg' build argument 'cmake_target_skip_unavailable' from command line to 'False'
[0.145s] Level 5:colcon.colcon_core.verb:set package 'joy_stick_pkg' build argument 'cmake_clean_cache' from command line to 'False'
[0.145s] Level 5:colcon.colcon_core.verb:set package 'joy_stick_pkg' build argument 'cmake_clean_first' from command line to 'False'
[0.145s] Level 5:colcon.colcon_core.verb:set package 'joy_stick_pkg' build argument 'cmake_force_configure' from command line to 'False'
[0.145s] Level 5:colcon.colcon_core.verb:set package 'joy_stick_pkg' build argument 'ament_cmake_args' from command line to 'None'
[0.145s] Level 5:colcon.colcon_core.verb:set package 'joy_stick_pkg' build argument 'catkin_cmake_args' from command line to 'None'
[0.145s] Level 5:colcon.colcon_core.verb:set package 'joy_stick_pkg' build argument 'catkin_skip_building_tests' from command line to 'False'
[0.145s] DEBUG:colcon.colcon_core.verb:Building package 'joy_stick_pkg' with the following arguments: {'ament_cmake_args': None, 'build_base': '/home/luke/Projects/robots/ros-meal-prep/build/joy_stick_pkg', 'catkin_cmake_args': None, 'catkin_skip_building_tests': False, 'cmake_args': None, 'cmake_clean_cache': False, 'cmake_clean_first': False, 'cmake_force_configure': False, 'cmake_target': None, 'cmake_target_skip_unavailable': False, 'install_base': '/home/luke/Projects/robots/ros-meal-prep/install/joy_stick_pkg', 'merge_install': False, 'path': '/home/luke/Projects/robots/ros-meal-prep/test/ros_testing/joy_stick_pkg', 'symlink_install': False, 'test_result_base': None}
[0.145s] Level 5:colcon.colcon_core.verb:set package 'painting_pkg' build argument 'cmake_args' from command line to 'None'
[0.145s] Level 5:colcon.colcon_core.verb:set package 'painting_pkg' build argument 'cmake_target' from command line to 'None'
[0.145s] Level 5:colcon.colcon_core.verb:set package 'painting_pkg' build argument 'cmake_target_skip_unavailable' from command line to 'False'
[0.145s] Level 5:colcon.colcon_core.verb:set package 'painting_pkg' build argument 'cmake_clean_cache' from command line to 'False'
[0.145s] Level 5:colcon.colcon_core.verb:set package 'painting_pkg' build argument 'cmake_clean_first' from command line to 'False'
[0.145s] Level 5:colcon.colcon_core.verb:set package 'painting_pkg' build argument 'cmake_force_configure' from command line to 'False'
[0.145s] Level 5:colcon.colcon_core.verb:set package 'painting_pkg' build argument 'ament_cmake_args' from command line to 'None'
[0.145s] Level 5:colcon.colcon_core.verb:set package 'painting_pkg' build argument 'catkin_cmake_args' from command line to 'None'
[0.145s] Level 5:colcon.colcon_core.verb:set package 'painting_pkg' build argument 'catkin_skip_building_tests' from command line to 'False'
[0.145s] DEBUG:colcon.colcon_core.verb:Building package 'painting_pkg' with the following arguments: {'ament_cmake_args': None, 'build_base': '/home/luke/Projects/robots/ros-meal-prep/build/painting_pkg', 'catkin_cmake_args': None, 'catkin_skip_building_tests': False, 'cmake_args': None, 'cmake_clean_cache': False, 'cmake_clean_first': False, 'cmake_force_configure': False, 'cmake_target': None, 'cmake_target_skip_unavailable': False, 'install_base': '/home/luke/Projects/robots/ros-meal-prep/install/painting_pkg', 'merge_install': False, 'path': '/home/luke/Projects/robots/ros-meal-prep/src/painting_pkg', 'symlink_install': False, 'test_result_base': None}
[0.145s] Level 5:colcon.colcon_core.verb:set package 'serial_comm_pkg' build argument 'cmake_args' from command line to 'None'
[0.145s] Level 5:colcon.colcon_core.verb:set package 'serial_comm_pkg' build argument 'cmake_target' from command line to 'None'
[0.145s] Level 5:colcon.colcon_core.verb:set package 'serial_comm_pkg' build argument 'cmake_target_skip_unavailable' from command line to 'False'
[0.145s] Level 5:colcon.colcon_core.verb:set package 'serial_comm_pkg' build argument 'cmake_clean_cache' from command line to 'False'
[0.145s] Level 5:colcon.colcon_core.verb:set package 'serial_comm_pkg' build argument 'cmake_clean_first' from command line to 'False'
[0.145s] Level 5:colcon.colcon_core.verb:set package 'serial_comm_pkg' build argument 'cmake_force_configure' from command line to 'False'
[0.145s] Level 5:colcon.colcon_core.verb:set package 'serial_comm_pkg' build argument 'ament_cmake_args' from command line to 'None'
[0.145s] Level 5:colcon.colcon_core.verb:set package 'serial_comm_pkg' build argument 'catkin_cmake_args' from command line to 'None'
[0.146s] Level 5:colcon.colcon_core.verb:set package 'serial_comm_pkg' build argument 'catkin_skip_building_tests' from command line to 'False'
[0.146s] DEBUG:colcon.colcon_core.verb:Building package 'serial_comm_pkg' with the following arguments: {'ament_cmake_args': None, 'build_base': '/home/luke/Projects/robots/ros-meal-prep/build/serial_comm_pkg', 'catkin_cmake_args': None, 'catkin_skip_building_tests': False, 'cmake_args': None, 'cmake_clean_cache': False, 'cmake_clean_first': False, 'cmake_force_configure': False, 'cmake_target': None, 'cmake_target_skip_unavailable': False, 'install_base': '/home/luke/Projects/robots/ros-meal-prep/install/serial_comm_pkg', 'merge_install': False, 'path': '/home/luke/Projects/robots/ros-meal-prep/src/serial_comm_pkg', 'symlink_install': False, 'test_result_base': None}
[0.146s] Level 5:colcon.colcon_core.verb:set package 'stepper_pkg' build argument 'cmake_args' from command line to 'None'
[0.146s] Level 5:colcon.colcon_core.verb:set package 'stepper_pkg' build argument 'cmake_target' from command line to 'None'
[0.146s] Level 5:colcon.colcon_core.verb:set package 'stepper_pkg' build argument 'cmake_target_skip_unavailable' from command line to 'False'
[0.146s] Level 5:colcon.colcon_core.verb:set package 'stepper_pkg' build argument 'cmake_clean_cache' from command line to 'False'
[0.146s] Level 5:colcon.colcon_core.verb:set package 'stepper_pkg' build argument 'cmake_clean_first' from command line to 'False'
[0.146s] Level 5:colcon.colcon_core.verb:set package 'stepper_pkg' build argument 'cmake_force_configure' from command line to 'False'
[0.146s] Level 5:colcon.colcon_core.verb:set package 'stepper_pkg' build argument 'ament_cmake_args' from command line to 'None'
[0.146s] Level 5:colcon.colcon_core.verb:set package 'stepper_pkg' build argument 'catkin_cmake_args' from command line to 'None'
[0.146s] Level 5:colcon.colcon_core.verb:set package 'stepper_pkg' build argument 'catkin_skip_building_tests' from command line to 'False'
[0.146s] DEBUG:colcon.colcon_core.verb:Building package 'stepper_pkg' with the following arguments: {'ament_cmake_args': None, 'build_base': '/home/luke/Projects/robots/ros-meal-prep/build/stepper_pkg', 'catkin_cmake_args': None, 'catkin_skip_building_tests': False, 'cmake_args': None, 'cmake_clean_cache': False, 'cmake_clean_first': False, 'cmake_force_configure': False, 'cmake_target': None, 'cmake_target_skip_unavailable': False, 'install_base': '/home/luke/Projects/robots/ros-meal-prep/install/stepper_pkg', 'merge_install': False, 'path': '/home/luke/Projects/robots/ros-meal-prep/test/ros_testing/stepper_pkg', 'symlink_install': False, 'test_result_base': None}
[0.146s] INFO:colcon.colcon_core.executor:Executing jobs using 'parallel' executor
[0.147s] DEBUG:colcon.colcon_parallel_executor.executor.parallel:run_until_complete
[0.147s] INFO:colcon.colcon_ros.task.ament_python.build:Building ROS package in '/home/luke/Projects/robots/ros-meal-prep/src/image_processing_pkg' with build type 'ament_python'
[0.147s] Level 1:colcon.colcon_core.shell:create_environment_hook('image_processing_pkg', 'ament_prefix_path')
[0.149s] INFO:colcon.colcon_core.plugin_system:Skipping extension 'colcon_core.shell.bat': Not used on non-Windows systems
[0.149s] INFO:colcon.colcon_core.shell:Creating environment hook '/home/luke/Projects/robots/ros-meal-prep/install/image_processing_pkg/share/image_processing_pkg/hook/ament_prefix_path.ps1'
[0.149s] INFO:colcon.colcon_core.shell:Creating environment descriptor '/home/luke/Projects/robots/ros-meal-prep/install/image_processing_pkg/share/image_processing_pkg/hook/ament_prefix_path.dsv'
[0.150s] INFO:colcon.colcon_core.shell:Creating environment hook '/home/luke/Projects/robots/ros-meal-prep/install/image_processing_pkg/share/image_processing_pkg/hook/ament_prefix_path.sh'
[0.150s] INFO:colcon.colcon_core.shell:Skip shell extension 'powershell' for command environment: Not usable outside of PowerShell
[0.150s] DEBUG:colcon.colcon_core.shell:Skip shell extension 'dsv' for command environment
[0.152s] INFO:colcon.colcon_ros.task.ament_python.build:Building ROS package in '/home/luke/Projects/robots/ros-meal-prep/test/ros_testing/joy_stick_pkg' with build type 'ament_python'
[0.153s] Level 1:colcon.colcon_core.shell:create_environment_hook('joy_stick_pkg', 'ament_prefix_path')
[0.153s] INFO:colcon.colcon_core.shell:Creating environment hook '/home/luke/Projects/robots/ros-meal-prep/install/joy_stick_pkg/share/joy_stick_pkg/hook/ament_prefix_path.ps1'
[0.154s] INFO:colcon.colcon_core.shell:Creating environment descriptor '/home/luke/Projects/robots/ros-meal-prep/install/joy_stick_pkg/share/joy_stick_pkg/hook/ament_prefix_path.dsv'
[0.154s] INFO:colcon.colcon_core.shell:Creating environment hook '/home/luke/Projects/robots/ros-meal-prep/install/joy_stick_pkg/share/joy_stick_pkg/hook/ament_prefix_path.sh'
[0.155s] INFO:colcon.colcon_core.shell:Skip shell extension 'powershell' for command environment: Not usable outside of PowerShell
[0.155s] DEBUG:colcon.colcon_core.shell:Skip shell extension 'dsv' for command environment
[0.158s] INFO:colcon.colcon_ros.task.ament_python.build:Building ROS package in '/home/luke/Projects/robots/ros-meal-prep/src/painting_pkg' with build type 'ament_python'
[0.158s] Level 1:colcon.colcon_core.shell:create_environment_hook('painting_pkg', 'ament_prefix_path')
[0.158s] INFO:colcon.colcon_core.shell:Creating environment hook '/home/luke/Projects/robots/ros-meal-prep/install/painting_pkg/share/painting_pkg/hook/ament_prefix_path.ps1'
[0.159s] INFO:colcon.colcon_core.shell:Creating environment descriptor '/home/luke/Projects/robots/ros-meal-prep/install/painting_pkg/share/painting_pkg/hook/ament_prefix_path.dsv'
[0.159s] INFO:colcon.colcon_core.shell:Creating environment hook '/home/luke/Projects/robots/ros-meal-prep/install/painting_pkg/share/painting_pkg/hook/ament_prefix_path.sh'
[0.160s] INFO:colcon.colcon_core.shell:Skip shell extension 'powershell' for command environment: Not usable outside of PowerShell
[0.160s] DEBUG:colcon.colcon_core.shell:Skip shell extension 'dsv' for command environment
[0.163s] INFO:colcon.colcon_ros.task.ament_python.build:Building ROS package in '/home/luke/Projects/robots/ros-meal-prep/src/serial_comm_pkg' with build type 'ament_python'
[0.163s] Level 1:colcon.colcon_core.shell:create_environment_hook('serial_comm_pkg', 'ament_prefix_path')
[0.164s] INFO:colcon.colcon_core.shell:Creating environment hook '/home/luke/Projects/robots/ros-meal-prep/install/serial_comm_pkg/share/serial_comm_pkg/hook/ament_prefix_path.ps1'
[0.165s] INFO:colcon.colcon_core.shell:Creating environment descriptor '/home/luke/Projects/robots/ros-meal-prep/install/serial_comm_pkg/share/serial_comm_pkg/hook/ament_prefix_path.dsv'
[0.166s] INFO:colcon.colcon_core.shell:Creating environment hook '/home/luke/Projects/robots/ros-meal-prep/install/serial_comm_pkg/share/serial_comm_pkg/hook/ament_prefix_path.sh'
[0.166s] INFO:colcon.colcon_core.shell:Skip shell extension 'powershell' for command environment: Not usable outside of PowerShell
[0.166s] DEBUG:colcon.colcon_core.shell:Skip shell extension 'dsv' for command environment
[0.170s] INFO:colcon.colcon_ros.task.ament_python.build:Building ROS package in '/home/luke/Projects/robots/ros-meal-prep/test/ros_testing/stepper_pkg' with build type 'ament_python'
[0.170s] Level 1:colcon.colcon_core.shell:create_environment_hook('stepper_pkg', 'ament_prefix_path')
[0.170s] INFO:colcon.colcon_core.shell:Creating environment hook '/home/luke/Projects/robots/ros-meal-prep/install/stepper_pkg/share/stepper_pkg/hook/ament_prefix_path.ps1'
[0.171s] INFO:colcon.colcon_core.shell:Creating environment descriptor '/home/luke/Projects/robots/ros-meal-prep/install/stepper_pkg/share/stepper_pkg/hook/ament_prefix_path.dsv'
[0.171s] INFO:colcon.colcon_core.shell:Creating environment hook '/home/luke/Projects/robots/ros-meal-prep/install/stepper_pkg/share/stepper_pkg/hook/ament_prefix_path.sh'
[0.172s] INFO:colcon.colcon_core.shell:Skip shell extension 'powershell' for command environment: Not usable outside of PowerShell
[0.172s] DEBUG:colcon.colcon_core.shell:Skip shell extension 'dsv' for command environment
[0.307s] INFO:colcon.colcon_core.task.python.build:Building Python package in '/home/luke/Projects/robots/ros-meal-prep/src/image_processing_pkg'
[0.307s] INFO:colcon.colcon_core.shell:Skip shell extension 'powershell' for command environment: Not usable outside of PowerShell
[0.307s] DEBUG:colcon.colcon_core.shell:Skip shell extension 'dsv' for command environment
[0.425s] INFO:colcon.colcon_core.task.python.build:Building Python package in '/home/luke/Projects/robots/ros-meal-prep/test/ros_testing/joy_stick_pkg'
[0.425s] INFO:colcon.colcon_core.shell:Skip shell extension 'powershell' for command environment: Not usable outside of PowerShell
[0.425s] DEBUG:colcon.colcon_core.shell:Skip shell extension 'dsv' for command environment
[0.540s] INFO:colcon.colcon_core.task.python.build:Building Python package in '/home/luke/Projects/robots/ros-meal-prep/src/painting_pkg'
[0.540s] INFO:colcon.colcon_core.shell:Skip shell extension 'powershell' for command environment: Not usable outside of PowerShell
[0.541s] DEBUG:colcon.colcon_core.shell:Skip shell extension 'dsv' for command environment
[0.659s] INFO:colcon.colcon_core.task.python.build:Building Python package in '/home/luke/Projects/robots/ros-meal-prep/src/serial_comm_pkg'
[0.660s] INFO:colcon.colcon_core.shell:Skip shell extension 'powershell' for command environment: Not usable outside of PowerShell
[0.660s] DEBUG:colcon.colcon_core.shell:Skip shell extension 'dsv' for command environment
[0.790s] INFO:colcon.colcon_core.task.python.build:Building Python package in '/home/luke/Projects/robots/ros-meal-prep/test/ros_testing/stepper_pkg'
[0.790s] INFO:colcon.colcon_core.shell:Skip shell extension 'powershell' for command environment: Not usable outside of PowerShell
[0.790s] DEBUG:colcon.colcon_core.shell:Skip shell extension 'dsv' for command environment
[1.118s] DEBUG:colcon.colcon_core.event_handler.log_command:Invoking command in '/home/luke/Projects/robots/ros-meal-prep/test/ros_testing/joy_stick_pkg': PYTHONPATH=/home/luke/Projects/robots/ros-meal-prep/build/joy_stick_pkg/prefix_override:/usr/lib/python3/dist-packages/colcon_core/task/python/colcon_distutils_commands:/home/luke/Projects/robots/ros-meal-prep/install/joy_stick_pkg/lib/python3.10/site-packages:${PYTHONPATH} /usr/bin/python3 -W ignore:setup.py install is deprecated -W ignore:easy_install command is deprecated setup.py egg_info --egg-base ../../../build/joy_stick_pkg build --build-base /home/luke/Projects/robots/ros-meal-prep/build/joy_stick_pkg/build install --record /home/luke/Projects/robots/ros-meal-prep/build/joy_stick_pkg/install.log --single-version-externally-managed install_data
[1.120s] DEBUG:colcon.colcon_core.event_handler.log_command:Invoking command in '/home/luke/Projects/robots/ros-meal-prep/src/painting_pkg': PYTHONPATH=/home/luke/Projects/robots/ros-meal-prep/build/painting_pkg/prefix_override:/usr/lib/python3/dist-packages/colcon_core/task/python/colcon_distutils_commands:/home/luke/Projects/robots/ros-meal-prep/install/painting_pkg/lib/python3.10/site-packages:${PYTHONPATH} /usr/bin/python3 -W ignore:setup.py install is deprecated -W ignore:easy_install command is deprecated setup.py egg_info --egg-base ../../build/painting_pkg build --build-base /home/luke/Projects/robots/ros-meal-prep/build/painting_pkg/build install --record /home/luke/Projects/robots/ros-meal-prep/build/painting_pkg/install.log --single-version-externally-managed install_data
[1.124s] DEBUG:colcon.colcon_core.event_handler.log_command:Invoking command in '/home/luke/Projects/robots/ros-meal-prep/test/ros_testing/stepper_pkg': PYTHONPATH=/home/luke/Projects/robots/ros-meal-prep/build/stepper_pkg/prefix_override:/usr/lib/python3/dist-packages/colcon_core/task/python/colcon_distutils_commands:/home/luke/Projects/robots/ros-meal-prep/install/stepper_pkg/lib/python3.10/site-packages:${PYTHONPATH} /usr/bin/python3 -W ignore:setup.py install is deprecated -W ignore:easy_install command is deprecated setup.py egg_info --egg-base ../../../build/stepper_pkg build --build-base /home/luke/Projects/robots/ros-meal-prep/build/stepper_pkg/build install --record /home/luke/Projects/robots/ros-meal-prep/build/stepper_pkg/install.log --single-version-externally-managed install_data
[1.125s] DEBUG:colcon.colcon_core.event_handler.log_command:Invoking command in '/home/luke/Projects/robots/ros-meal-prep/src/image_processing_pkg': PYTHONPATH=/home/luke/Projects/robots/ros-meal-prep/build/image_processing_pkg/prefix_override:/usr/lib/python3/dist-packages/colcon_core/task/python/colcon_distutils_commands:/home/luke/Projects/robots/ros-meal-prep/install/image_processing_pkg/lib/python3.10/site-packages:${PYTHONPATH} /usr/bin/python3 -W ignore:setup.py install is deprecated -W ignore:easy_install command is deprecated setup.py egg_info --egg-base ../../build/image_processing_pkg build --build-base /home/luke/Projects/robots/ros-meal-prep/build/image_processing_pkg/build install --record /home/luke/Projects/robots/ros-meal-prep/build/image_processing_pkg/install.log --single-version-externally-managed install_data
[1.126s] DEBUG:colcon.colcon_core.event_handler.log_command:Invoking command in '/home/luke/Projects/robots/ros-meal-prep/src/serial_comm_pkg': PYTHONPATH=/home/luke/Projects/robots/ros-meal-prep/build/serial_comm_pkg/prefix_override:/usr/lib/python3/dist-packages/colcon_core/task/python/colcon_distutils_commands:/home/luke/Projects/robots/ros-meal-prep/install/serial_comm_pkg/lib/python3.10/site-packages:${PYTHONPATH} /usr/bin/python3 -W ignore:setup.py install is deprecated -W ignore:easy_install command is deprecated setup.py egg_info --egg-base ../../build/serial_comm_pkg build --build-base /home/luke/Projects/robots/ros-meal-prep/build/serial_comm_pkg/build install --record /home/luke/Projects/robots/ros-meal-prep/build/serial_comm_pkg/install.log --single-version-externally-managed install_data
[1.424s] DEBUG:colcon.colcon_core.event_handler.log_command:Invoked command in '/home/luke/Projects/robots/ros-meal-prep/test/ros_testing/stepper_pkg' returned '0': PYTHONPATH=/home/luke/Projects/robots/ros-meal-prep/build/stepper_pkg/prefix_override:/usr/lib/python3/dist-packages/colcon_core/task/python/colcon_distutils_commands:/home/luke/Projects/robots/ros-meal-prep/install/stepper_pkg/lib/python3.10/site-packages:${PYTHONPATH} /usr/bin/python3 -W ignore:setup.py install is deprecated -W ignore:easy_install command is deprecated setup.py egg_info --egg-base ../../../build/stepper_pkg build --build-base /home/luke/Projects/robots/ros-meal-prep/build/stepper_pkg/build install --record /home/luke/Projects/robots/ros-meal-prep/build/stepper_pkg/install.log --single-version-externally-managed install_data
[1.425s] Level 1:colcon.colcon_core.environment:checking '/home/luke/Projects/robots/ros-meal-prep/install/stepper_pkg' for CMake module files
[1.425s] Level 1:colcon.colcon_core.environment:checking '/home/luke/Projects/robots/ros-meal-prep/install/stepper_pkg' for CMake config files
[1.426s] Level 1:colcon.colcon_core.environment:checking '/home/luke/Projects/robots/ros-meal-prep/install/stepper_pkg/lib'
[1.426s] Level 1:colcon.colcon_core.environment:checking '/home/luke/Projects/robots/ros-meal-prep/install/stepper_pkg/bin'
[1.426s] Level 1:colcon.colcon_core.environment:checking '/home/luke/Projects/robots/ros-meal-prep/install/stepper_pkg/lib/pkgconfig/stepper_pkg.pc'
[1.426s] Level 1:colcon.colcon_core.environment:checking '/home/luke/Projects/robots/ros-meal-prep/install/stepper_pkg/lib/python3.10/site-packages'
[1.426s] Level 1:colcon.colcon_core.shell:create_environment_hook('stepper_pkg', 'pythonpath')
[1.426s] INFO:colcon.colcon_core.shell:Creating environment hook '/home/luke/Projects/robots/ros-meal-prep/install/stepper_pkg/share/stepper_pkg/hook/pythonpath.ps1'
[1.427s] INFO:colcon.colcon_core.shell:Creating environment descriptor '/home/luke/Projects/robots/ros-meal-prep/install/stepper_pkg/share/stepper_pkg/hook/pythonpath.dsv'
[1.427s] INFO:colcon.colcon_core.shell:Creating environment hook '/home/luke/Projects/robots/ros-meal-prep/install/stepper_pkg/share/stepper_pkg/hook/pythonpath.sh'
[1.427s] Level 1:colcon.colcon_core.environment:checking '/home/luke/Projects/robots/ros-meal-prep/install/stepper_pkg/bin'
[1.427s] Level 1:colcon.colcon_core.environment:create_environment_scripts_only(stepper_pkg)
[1.427s] INFO:colcon.colcon_core.shell:Creating package script '/home/luke/Projects/robots/ros-meal-prep/install/stepper_pkg/share/stepper_pkg/package.ps1'
[1.428s] INFO:colcon.colcon_core.shell:Creating package descriptor '/home/luke/Projects/robots/ros-meal-prep/install/stepper_pkg/share/stepper_pkg/package.dsv'
[1.428s] INFO:colcon.colcon_core.shell:Creating package script '/home/luke/Projects/robots/ros-meal-prep/install/stepper_pkg/share/stepper_pkg/package.sh'
[1.428s] INFO:colcon.colcon_core.shell:Creating package script '/home/luke/Projects/robots/ros-meal-prep/install/stepper_pkg/share/stepper_pkg/package.bash'
[1.429s] INFO:colcon.colcon_core.shell:Creating package script '/home/luke/Projects/robots/ros-meal-prep/install/stepper_pkg/share/stepper_pkg/package.zsh'
[1.429s] Level 1:colcon.colcon_core.environment:create_file_with_runtime_dependencies(/home/luke/Projects/robots/ros-meal-prep/install/stepper_pkg/share/colcon-core/packages/stepper_pkg)
[1.430s] Level 1:colcon.colcon_core.environment:checking '/home/luke/Projects/robots/ros-meal-prep/install/painting_pkg' for CMake module files
[1.430s] Level 1:colcon.colcon_core.environment:checking '/home/luke/Projects/robots/ros-meal-prep/install/painting_pkg' for CMake config files
[1.431s] DEBUG:colcon.colcon_core.event_handler.log_command:Invoked command in '/home/luke/Projects/robots/ros-meal-prep/src/painting_pkg' returned '0': PYTHONPATH=/home/luke/Projects/robots/ros-meal-prep/build/painting_pkg/prefix_override:/usr/lib/python3/dist-packages/colcon_core/task/python/colcon_distutils_commands:/home/luke/Projects/robots/ros-meal-prep/install/painting_pkg/lib/python3.10/site-packages:${PYTHONPATH} /usr/bin/python3 -W ignore:setup.py install is deprecated -W ignore:easy_install command is deprecated setup.py egg_info --egg-base ../../build/painting_pkg build --build-base /home/luke/Projects/robots/ros-meal-prep/build/painting_pkg/build install --record /home/luke/Projects/robots/ros-meal-prep/build/painting_pkg/install.log --single-version-externally-managed install_data
[1.431s] Level 1:colcon.colcon_core.environment:checking '/home/luke/Projects/robots/ros-meal-prep/install/painting_pkg/lib'
[1.431s] Level 1:colcon.colcon_core.environment:checking '/home/luke/Projects/robots/ros-meal-prep/install/painting_pkg/bin'
[1.431s] Level 1:colcon.colcon_core.environment:checking '/home/luke/Projects/robots/ros-meal-prep/install/painting_pkg/lib/pkgconfig/painting_pkg.pc'
[1.431s] Level 1:colcon.colcon_core.environment:checking '/home/luke/Projects/robots/ros-meal-prep/install/painting_pkg/lib/python3.10/site-packages'
[1.431s] Level 1:colcon.colcon_core.shell:create_environment_hook('painting_pkg', 'pythonpath')
[1.431s] INFO:colcon.colcon_core.shell:Creating environment hook '/home/luke/Projects/robots/ros-meal-prep/install/painting_pkg/share/painting_pkg/hook/pythonpath.ps1'
[1.432s] INFO:colcon.colcon_core.shell:Creating environment descriptor '/home/luke/Projects/robots/ros-meal-prep/install/painting_pkg/share/painting_pkg/hook/pythonpath.dsv'
[1.432s] INFO:colcon.colcon_core.shell:Creating environment hook '/home/luke/Projects/robots/ros-meal-prep/install/painting_pkg/share/painting_pkg/hook/pythonpath.sh'
[1.432s] Level 1:colcon.colcon_core.environment:checking '/home/luke/Projects/robots/ros-meal-prep/install/painting_pkg/bin'
[1.432s] Level 1:colcon.colcon_core.environment:create_environment_scripts_only(painting_pkg)
[1.432s] INFO:colcon.colcon_core.shell:Creating package script '/home/luke/Projects/robots/ros-meal-prep/install/painting_pkg/share/painting_pkg/package.ps1'
[1.433s] INFO:colcon.colcon_core.shell:Creating package descriptor '/home/luke/Projects/robots/ros-meal-prep/install/painting_pkg/share/painting_pkg/package.dsv'
[1.433s] INFO:colcon.colcon_core.shell:Creating package script '/home/luke/Projects/robots/ros-meal-prep/install/painting_pkg/share/painting_pkg/package.sh'
[1.433s] INFO:colcon.colcon_core.shell:Creating package script '/home/luke/Projects/robots/ros-meal-prep/install/painting_pkg/share/painting_pkg/package.bash'
[1.433s] INFO:colcon.colcon_core.shell:Creating package script '/home/luke/Projects/robots/ros-meal-prep/install/painting_pkg/share/painting_pkg/package.zsh'
[1.433s] Level 1:colcon.colcon_core.environment:create_file_with_runtime_dependencies(/home/luke/Projects/robots/ros-meal-prep/install/painting_pkg/share/colcon-core/packages/painting_pkg)
[1.434s] Level 1:colcon.colcon_core.environment:checking '/home/luke/Projects/robots/ros-meal-prep/install/joy_stick_pkg' for CMake module files
[1.435s] DEBUG:colcon.colcon_core.event_handler.log_command:Invoked command in '/home/luke/Projects/robots/ros-meal-prep/test/ros_testing/joy_stick_pkg' returned '0': PYTHONPATH=/home/luke/Projects/robots/ros-meal-prep/build/joy_stick_pkg/prefix_override:/usr/lib/python3/dist-packages/colcon_core/task/python/colcon_distutils_commands:/home/luke/Projects/robots/ros-meal-prep/install/joy_stick_pkg/lib/python3.10/site-packages:${PYTHONPATH} /usr/bin/python3 -W ignore:setup.py install is deprecated -W ignore:easy_install command is deprecated setup.py egg_info --egg-base ../../../build/joy_stick_pkg build --build-base /home/luke/Projects/robots/ros-meal-prep/build/joy_stick_pkg/build install --record /home/luke/Projects/robots/ros-meal-prep/build/joy_stick_pkg/install.log --single-version-externally-managed install_data
[1.435s] Level 1:colcon.colcon_core.environment:checking '/home/luke/Projects/robots/ros-meal-prep/install/joy_stick_pkg' for CMake config files
[1.435s] Level 1:colcon.colcon_core.environment:checking '/home/luke/Projects/robots/ros-meal-prep/install/joy_stick_pkg/lib'
[1.435s] Level 1:colcon.colcon_core.environment:checking '/home/luke/Projects/robots/ros-meal-prep/install/joy_stick_pkg/bin'
[1.435s] Level 1:colcon.colcon_core.environment:checking '/home/luke/Projects/robots/ros-meal-prep/install/joy_stick_pkg/lib/pkgconfig/joy_stick_pkg.pc'
[1.435s] Level 1:colcon.colcon_core.environment:checking '/home/luke/Projects/robots/ros-meal-prep/install/joy_stick_pkg/lib/python3.10/site-packages'
[1.435s] Level 1:colcon.colcon_core.shell:create_environment_hook('joy_stick_pkg', 'pythonpath')
[1.435s] INFO:colcon.colcon_core.shell:Creating environment hook '/home/luke/Projects/robots/ros-meal-prep/install/joy_stick_pkg/share/joy_stick_pkg/hook/pythonpath.ps1'
[1.436s] INFO:colcon.colcon_core.shell:Creating environment descriptor '/home/luke/Projects/robots/ros-meal-prep/install/joy_stick_pkg/share/joy_stick_pkg/hook/pythonpath.dsv'
[1.436s] INFO:colcon.colcon_core.shell:Creating environment hook '/home/luke/Projects/robots/ros-meal-prep/install/joy_stick_pkg/share/joy_stick_pkg/hook/pythonpath.sh'
[1.436s] Level 1:colcon.colcon_core.environment:checking '/home/luke/Projects/robots/ros-meal-prep/install/joy_stick_pkg/bin'
[1.436s] Level 1:colcon.colcon_core.environment:create_environment_scripts_only(joy_stick_pkg)
[1.436s] INFO:colcon.colcon_core.shell:Creating package script '/home/luke/Projects/robots/ros-meal-prep/install/joy_stick_pkg/share/joy_stick_pkg/package.ps1'
[1.436s] INFO:colcon.colcon_core.shell:Creating package descriptor '/home/luke/Projects/robots/ros-meal-prep/install/joy_stick_pkg/share/joy_stick_pkg/package.dsv'
[1.437s] INFO:colcon.colcon_core.shell:Creating package script '/home/luke/Projects/robots/ros-meal-prep/install/joy_stick_pkg/share/joy_stick_pkg/package.sh'
[1.437s] INFO:colcon.colcon_core.shell:Creating package script '/home/luke/Projects/robots/ros-meal-prep/install/joy_stick_pkg/share/joy_stick_pkg/package.bash'
[1.437s] INFO:colcon.colcon_core.shell:Creating package script '/home/luke/Projects/robots/ros-meal-prep/install/joy_stick_pkg/share/joy_stick_pkg/package.zsh'
[1.437s] Level 1:colcon.colcon_core.environment:create_file_with_runtime_dependencies(/home/luke/Projects/robots/ros-meal-prep/install/joy_stick_pkg/share/colcon-core/packages/joy_stick_pkg)
[1.438s] Level 1:colcon.colcon_core.environment:checking '/home/luke/Projects/robots/ros-meal-prep/install/serial_comm_pkg' for CMake module files
[1.439s] Level 1:colcon.colcon_core.environment:checking '/home/luke/Projects/robots/ros-meal-prep/install/serial_comm_pkg' for CMake config files
[1.439s] DEBUG:colcon.colcon_core.event_handler.log_command:Invoked command in '/home/luke/Projects/robots/ros-meal-prep/src/serial_comm_pkg' returned '0': PYTHONPATH=/home/luke/Projects/robots/ros-meal-prep/build/serial_comm_pkg/prefix_override:/usr/lib/python3/dist-packages/colcon_core/task/python/colcon_distutils_commands:/home/luke/Projects/robots/ros-meal-prep/install/serial_comm_pkg/lib/python3.10/site-packages:${PYTHONPATH} /usr/bin/python3 -W ignore:setup.py install is deprecated -W ignore:easy_install command is deprecated setup.py egg_info --egg-base ../../build/serial_comm_pkg build --build-base /home/luke/Projects/robots/ros-meal-prep/build/serial_comm_pkg/build install --record /home/luke/Projects/robots/ros-meal-prep/build/serial_comm_pkg/install.log --single-version-externally-managed install_data
[1.439s] Level 1:colcon.colcon_core.environment:checking '/home/luke/Projects/robots/ros-meal-prep/install/serial_comm_pkg/lib'
[1.439s] Level 1:colcon.colcon_core.environment:checking '/home/luke/Projects/robots/ros-meal-prep/install/serial_comm_pkg/bin'
[1.439s] Level 1:colcon.colcon_core.environment:checking '/home/luke/Projects/robots/ros-meal-prep/install/serial_comm_pkg/lib/pkgconfig/serial_comm_pkg.pc'
[1.439s] Level 1:colcon.colcon_core.environment:checking '/home/luke/Projects/robots/ros-meal-prep/install/serial_comm_pkg/lib/python3.10/site-packages'
[1.440s] Level 1:colcon.colcon_core.shell:create_environment_hook('serial_comm_pkg', 'pythonpath')
[1.440s] INFO:colcon.colcon_core.shell:Creating environment hook '/home/luke/Projects/robots/ros-meal-prep/install/serial_comm_pkg/share/serial_comm_pkg/hook/pythonpath.ps1'
[1.440s] INFO:colcon.colcon_core.shell:Creating environment descriptor '/home/luke/Projects/robots/ros-meal-prep/install/serial_comm_pkg/share/serial_comm_pkg/hook/pythonpath.dsv'
[1.440s] INFO:colcon.colcon_core.shell:Creating environment hook '/home/luke/Projects/robots/ros-meal-prep/install/serial_comm_pkg/share/serial_comm_pkg/hook/pythonpath.sh'
[1.440s] Level 1:colcon.colcon_core.environment:checking '/home/luke/Projects/robots/ros-meal-prep/install/serial_comm_pkg/bin'
[1.441s] Level 1:colcon.colcon_core.environment:create_environment_scripts_only(serial_comm_pkg)
[1.441s] INFO:colcon.colcon_core.shell:Creating package script '/home/luke/Projects/robots/ros-meal-prep/install/serial_comm_pkg/share/serial_comm_pkg/package.ps1'
[1.441s] INFO:colcon.colcon_core.shell:Creating package descriptor '/home/luke/Projects/robots/ros-meal-prep/install/serial_comm_pkg/share/serial_comm_pkg/package.dsv'
[1.441s] INFO:colcon.colcon_core.shell:Creating package script '/home/luke/Projects/robots/ros-meal-prep/install/serial_comm_pkg/share/serial_comm_pkg/package.sh'
[1.442s] INFO:colcon.colcon_core.shell:Creating package script '/home/luke/Projects/robots/ros-meal-prep/install/serial_comm_pkg/share/serial_comm_pkg/package.bash'
[1.442s] INFO:colcon.colcon_core.shell:Creating package script '/home/luke/Projects/robots/ros-meal-prep/install/serial_comm_pkg/share/serial_comm_pkg/package.zsh'
[1.442s] Level 1:colcon.colcon_core.environment:create_file_with_runtime_dependencies(/home/luke/Projects/robots/ros-meal-prep/install/serial_comm_pkg/share/colcon-core/packages/serial_comm_pkg)
[1.442s] Level 1:colcon.colcon_core.environment:checking '/home/luke/Projects/robots/ros-meal-prep/install/image_processing_pkg' for CMake module files
[1.443s] DEBUG:colcon.colcon_core.event_handler.log_command:Invoked command in '/home/luke/Projects/robots/ros-meal-prep/src/image_processing_pkg' returned '0': PYTHONPATH=/home/luke/Projects/robots/ros-meal-prep/build/image_processing_pkg/prefix_override:/usr/lib/python3/dist-packages/colcon_core/task/python/colcon_distutils_commands:/home/luke/Projects/robots/ros-meal-prep/install/image_processing_pkg/lib/python3.10/site-packages:${PYTHONPATH} /usr/bin/python3 -W ignore:setup.py install is deprecated -W ignore:easy_install command is deprecated setup.py egg_info --egg-base ../../build/image_processing_pkg build --build-base /home/luke/Projects/robots/ros-meal-prep/build/image_processing_pkg/build install --record /home/luke/Projects/robots/ros-meal-prep/build/image_processing_pkg/install.log --single-version-externally-managed install_data
[1.443s] Level 1:colcon.colcon_core.environment:checking '/home/luke/Projects/robots/ros-meal-prep/install/image_processing_pkg' for CMake config files
[1.444s] Level 1:colcon.colcon_core.environment:checking '/home/luke/Projects/robots/ros-meal-prep/install/image_processing_pkg/lib'
[1.444s] Level 1:colcon.colcon_core.environment:checking '/home/luke/Projects/robots/ros-meal-prep/install/image_processing_pkg/bin'
[1.444s] Level 1:colcon.colcon_core.environment:checking '/home/luke/Projects/robots/ros-meal-prep/install/image_processing_pkg/lib/pkgconfig/image_processing_pkg.pc'
[1.444s] Level 1:colcon.colcon_core.environment:checking '/home/luke/Projects/robots/ros-meal-prep/install/image_processing_pkg/lib/python3.10/site-packages'
[1.444s] Level 1:colcon.colcon_core.shell:create_environment_hook('image_processing_pkg', 'pythonpath')
[1.444s] INFO:colcon.colcon_core.shell:Creating environment hook '/home/luke/Projects/robots/ros-meal-prep/install/image_processing_pkg/share/image_processing_pkg/hook/pythonpath.ps1'
[1.445s] INFO:colcon.colcon_core.shell:Creating environment descriptor '/home/luke/Projects/robots/ros-meal-prep/install/image_processing_pkg/share/image_processing_pkg/hook/pythonpath.dsv'
[1.445s] INFO:colcon.colcon_core.shell:Creating environment hook '/home/luke/Projects/robots/ros-meal-prep/install/image_processing_pkg/share/image_processing_pkg/hook/pythonpath.sh'
[1.445s] Level 1:colcon.colcon_core.environment:checking '/home/luke/Projects/robots/ros-meal-prep/install/image_processing_pkg/bin'
[1.445s] Level 1:colcon.colcon_core.environment:create_environment_scripts_only(image_processing_pkg)
[1.446s] INFO:colcon.colcon_core.shell:Creating package script '/home/luke/Projects/robots/ros-meal-prep/install/image_processing_pkg/share/image_processing_pkg/package.ps1'
[1.446s] INFO:colcon.colcon_core.shell:Creating package descriptor '/home/luke/Projects/robots/ros-meal-prep/install/image_processing_pkg/share/image_processing_pkg/package.dsv'
[1.446s] INFO:colcon.colcon_core.shell:Creating package script '/home/luke/Projects/robots/ros-meal-prep/install/image_processing_pkg/share/image_processing_pkg/package.sh'
[1.447s] INFO:colcon.colcon_core.shell:Creating package script '/home/luke/Projects/robots/ros-meal-prep/install/image_processing_pkg/share/image_processing_pkg/package.bash'
[1.447s] INFO:colcon.colcon_core.shell:Creating package script '/home/luke/Projects/robots/ros-meal-prep/install/image_processing_pkg/share/image_processing_pkg/package.zsh'
[1.447s] Level 1:colcon.colcon_core.environment:create_file_with_runtime_dependencies(/home/luke/Projects/robots/ros-meal-prep/install/image_processing_pkg/share/colcon-core/packages/image_processing_pkg)
[1.447s] DEBUG:colcon.colcon_parallel_executor.executor.parallel:closing loop
[1.448s] DEBUG:colcon.colcon_parallel_executor.executor.parallel:loop closed
[1.448s] DEBUG:colcon.colcon_parallel_executor.executor.parallel:run_until_complete finished with '0'
[1.448s] DEBUG:colcon.colcon_core.event_reactor:joining thread
[1.452s] INFO:colcon.colcon_core.plugin_system:Skipping extension 'colcon_notification.desktop_notification.terminal_notifier': Not used on non-Darwin systems
[1.452s] INFO:colcon.colcon_core.plugin_system:Skipping extension 'colcon_notification.desktop_notification.win32': Not used on non-Windows systems
[1.452s] INFO:colcon.colcon_notification.desktop_notification:Sending desktop notification using 'notify2'
[1.461s] DEBUG:colcon.colcon_core.event_reactor:joined thread
[1.461s] INFO:colcon.colcon_core.shell:Creating prefix script '/home/luke/Projects/robots/ros-meal-prep/install/local_setup.ps1'
[1.462s] INFO:colcon.colcon_core.shell:Creating prefix util module '/home/luke/Projects/robots/ros-meal-prep/install/_local_setup_util_ps1.py'
[1.464s] INFO:colcon.colcon_core.shell:Creating prefix chain script '/home/luke/Projects/robots/ros-meal-prep/install/setup.ps1'
[1.465s] INFO:colcon.colcon_core.shell:Creating prefix script '/home/luke/Projects/robots/ros-meal-prep/install/local_setup.sh'
[1.465s] INFO:colcon.colcon_core.shell:Creating prefix util module '/home/luke/Projects/robots/ros-meal-prep/install/_local_setup_util_sh.py'
[1.465s] INFO:colcon.colcon_core.shell:Creating prefix chain script '/home/luke/Projects/robots/ros-meal-prep/install/setup.sh'
[1.466s] INFO:colcon.colcon_core.shell:Creating prefix script '/home/luke/Projects/robots/ros-meal-prep/install/local_setup.bash'
[1.466s] INFO:colcon.colcon_core.shell:Creating prefix chain script '/home/luke/Projects/robots/ros-meal-prep/install/setup.bash'
[1.467s] INFO:colcon.colcon_core.shell:Creating prefix script '/home/luke/Projects/robots/ros-meal-prep/install/local_setup.zsh'
[1.468s] INFO:colcon.colcon_core.shell:Creating prefix chain script '/home/luke/Projects/robots/ros-meal-prep/install/setup.zsh'
