[1.069s] Invoking command in '/home/luke/Projects/robots/ros-meal-prep/src/serial_comm_pkg': PYTHONPATH=/home/luke/Projects/robots/ros-meal-prep/build/serial_comm_pkg/prefix_override:/usr/lib/python3/dist-packages/colcon_core/task/python/colcon_distutils_commands:/home/luke/Projects/robots/ros-meal-prep/install/serial_comm_pkg/lib/python3.10/site-packages: /usr/bin/python3 -W ignore:setup.py install is deprecated -W ignore:easy_install command is deprecated setup.py egg_info --egg-base ../../build/serial_comm_pkg build --build-base /home/luke/Projects/robots/ros-meal-prep/build/serial_comm_pkg/build install --record /home/luke/Projects/robots/ros-meal-prep/build/serial_comm_pkg/install.log --single-version-externally-managed install_data
[1.216s] running egg_info
[1.216s] writing ../../build/serial_comm_pkg/serial_comm_pkg.egg-info/PKG-INFO
[1.217s] writing dependency_links to ../../build/serial_comm_pkg/serial_comm_pkg.egg-info/dependency_links.txt
[1.217s] writing entry points to ../../build/serial_comm_pkg/serial_comm_pkg.egg-info/entry_points.txt
[1.217s] writing requirements to ../../build/serial_comm_pkg/serial_comm_pkg.egg-info/requires.txt
[1.217s] writing top-level names to ../../build/serial_comm_pkg/serial_comm_pkg.egg-info/top_level.txt
[1.219s] reading manifest file '../../build/serial_comm_pkg/serial_comm_pkg.egg-info/SOURCES.txt'
[1.219s] adding license file 'LICENSE'
[1.220s] writing manifest file '../../build/serial_comm_pkg/serial_comm_pkg.egg-info/SOURCES.txt'
[1.220s] running build
[1.220s] running build_py
[1.221s] running install
[1.221s] running install_lib
[1.223s] running install_data
[1.223s] running install_egg_info
[1.224s] removing '/home/luke/Projects/robots/ros-meal-prep/install/serial_comm_pkg/lib/python3.10/site-packages/serial_comm_pkg-0.0.0-py3.10.egg-info' (and everything under it)
[1.225s] Copying ../../build/serial_comm_pkg/serial_comm_pkg.egg-info to /home/luke/Projects/robots/ros-meal-prep/install/serial_comm_pkg/lib/python3.10/site-packages/serial_comm_pkg-0.0.0-py3.10.egg-info
[1.225s] running install_scripts
[1.242s] Installing serial_comm script to /home/luke/Projects/robots/ros-meal-prep/install/serial_comm_pkg/lib/serial_comm_pkg
[1.242s] Installing waypoint_publisher script to /home/luke/Projects/robots/ros-meal-prep/install/serial_comm_pkg/lib/serial_comm_pkg
[1.242s] writing list of installed files to '/home/luke/Projects/robots/ros-meal-prep/build/serial_comm_pkg/install.log'
[1.314s] Invoked command in '/home/luke/Projects/robots/ros-meal-prep/src/serial_comm_pkg' returned '0': PYTHONPATH=/home/luke/Projects/robots/ros-meal-prep/build/serial_comm_pkg/prefix_override:/usr/lib/python3/dist-packages/colcon_core/task/python/colcon_distutils_commands:/home/luke/Projects/robots/ros-meal-prep/install/serial_comm_pkg/lib/python3.10/site-packages: /usr/bin/python3 -W ignore:setup.py install is deprecated -W ignore:easy_install command is deprecated setup.py egg_info --egg-base ../../build/serial_comm_pkg build --build-base /home/luke/Projects/robots/ros-meal-prep/build/serial_comm_pkg/build install --record /home/luke/Projects/robots/ros-meal-prep/build/serial_comm_pkg/install.log --single-version-externally-managed install_data
