[1.001s] Invoking command in '/home/luke/Projects/robots/ros-meal-prep/test/ros_testing/joy_stick_pkg': PYTHONPATH=/home/luke/Projects/robots/ros-meal-prep/build/joy_stick_pkg/prefix_override:/usr/lib/python3/dist-packages/colcon_core/task/python/colcon_distutils_commands:/home/luke/Projects/robots/ros-meal-prep/install/joy_stick_pkg/lib/python3.10/site-packages:${PYTHONPATH} /usr/bin/python3 -W ignore:setup.py install is deprecated -W ignore:easy_install command is deprecated setup.py egg_info --egg-base ../../../build/joy_stick_pkg build --build-base /home/luke/Projects/robots/ros-meal-prep/build/joy_stick_pkg/build install --record /home/luke/Projects/robots/ros-meal-prep/build/joy_stick_pkg/install.log --single-version-externally-managed install_data
[1.141s] running egg_info
[1.141s] creating ../../../build/joy_stick_pkg/joy_stick_pkg.egg-info
[1.149s] writing ../../../build/joy_stick_pkg/joy_stick_pkg.egg-info/PKG-INFO
[1.149s] writing dependency_links to ../../../build/joy_stick_pkg/joy_stick_pkg.egg-info/dependency_links.txt
[1.149s] writing entry points to ../../../build/joy_stick_pkg/joy_stick_pkg.egg-info/entry_points.txt
[1.149s] writing requirements to ../../../build/joy_stick_pkg/joy_stick_pkg.egg-info/requires.txt
[1.149s] writing top-level names to ../../../build/joy_stick_pkg/joy_stick_pkg.egg-info/top_level.txt
[1.149s] writing manifest file '../../../build/joy_stick_pkg/joy_stick_pkg.egg-info/SOURCES.txt'
[1.167s] reading manifest file '../../../build/joy_stick_pkg/joy_stick_pkg.egg-info/SOURCES.txt'
[1.167s] adding license file 'LICENSE'
[1.167s] writing manifest file '../../../build/joy_stick_pkg/joy_stick_pkg.egg-info/SOURCES.txt'
[1.167s] running build
[1.167s] running build_py
[1.167s] creating /home/luke/Projects/robots/ros-meal-prep/build/joy_stick_pkg/build
[1.168s] creating /home/luke/Projects/robots/ros-meal-prep/build/joy_stick_pkg/build/lib
[1.168s] creating /home/luke/Projects/robots/ros-meal-prep/build/joy_stick_pkg/build/lib/joy_stick_pkg
[1.168s] copying joy_stick_pkg/joyStick.py -> /home/luke/Projects/robots/ros-meal-prep/build/joy_stick_pkg/build/lib/joy_stick_pkg
[1.168s] copying joy_stick_pkg/__init__.py -> /home/luke/Projects/robots/ros-meal-prep/build/joy_stick_pkg/build/lib/joy_stick_pkg
[1.168s] running install
[1.171s] running install_lib
[1.180s] creating /home/luke/Projects/robots/ros-meal-prep/install/joy_stick_pkg/lib/python3.10/site-packages/joy_stick_pkg
[1.180s] copying /home/luke/Projects/robots/ros-meal-prep/build/joy_stick_pkg/build/lib/joy_stick_pkg/joyStick.py -> /home/luke/Projects/robots/ros-meal-prep/install/joy_stick_pkg/lib/python3.10/site-packages/joy_stick_pkg
[1.181s] copying /home/luke/Projects/robots/ros-meal-prep/build/joy_stick_pkg/build/lib/joy_stick_pkg/__init__.py -> /home/luke/Projects/robots/ros-meal-prep/install/joy_stick_pkg/lib/python3.10/site-packages/joy_stick_pkg
[1.181s] byte-compiling /home/luke/Projects/robots/ros-meal-prep/install/joy_stick_pkg/lib/python3.10/site-packages/joy_stick_pkg/joyStick.py to joyStick.cpython-310.pyc
[1.182s] byte-compiling /home/luke/Projects/robots/ros-meal-prep/install/joy_stick_pkg/lib/python3.10/site-packages/joy_stick_pkg/__init__.py to __init__.cpython-310.pyc
[1.182s] running install_data
[1.182s] creating /home/luke/Projects/robots/ros-meal-prep/install/joy_stick_pkg/share/ament_index
[1.182s] creating /home/luke/Projects/robots/ros-meal-prep/install/joy_stick_pkg/share/ament_index/resource_index
[1.182s] creating /home/luke/Projects/robots/ros-meal-prep/install/joy_stick_pkg/share/ament_index/resource_index/packages
[1.182s] copying resource/joy_stick_pkg -> /home/luke/Projects/robots/ros-meal-prep/install/joy_stick_pkg/share/ament_index/resource_index/packages
[1.182s] copying package.xml -> /home/luke/Projects/robots/ros-meal-prep/install/joy_stick_pkg/share/joy_stick_pkg
[1.182s] running install_egg_info
[1.192s] removing '/home/luke/Projects/robots/ros-meal-prep/install/joy_stick_pkg/lib/python3.10/site-packages/joy_stick_pkg-0.0.0-py3.10.egg-info' (and everything under it)
[1.192s] Copying ../../../build/joy_stick_pkg/joy_stick_pkg.egg-info to /home/luke/Projects/robots/ros-meal-prep/install/joy_stick_pkg/lib/python3.10/site-packages/joy_stick_pkg-0.0.0-py3.10.egg-info
[1.193s] running install_scripts
[1.279s] Installing joyStick script to /home/luke/Projects/robots/ros-meal-prep/install/joy_stick_pkg/lib/joy_stick_pkg
[1.279s] Installing stepper script to /home/luke/Projects/robots/ros-meal-prep/install/joy_stick_pkg/lib/joy_stick_pkg
[1.279s] writing list of installed files to '/home/luke/Projects/robots/ros-meal-prep/build/joy_stick_pkg/install.log'
[1.321s] Invoked command in '/home/luke/Projects/robots/ros-meal-prep/test/ros_testing/joy_stick_pkg' returned '0': PYTHONPATH=/home/luke/Projects/robots/ros-meal-prep/build/joy_stick_pkg/prefix_override:/usr/lib/python3/dist-packages/colcon_core/task/python/colcon_distutils_commands:/home/luke/Projects/robots/ros-meal-prep/install/joy_stick_pkg/lib/python3.10/site-packages:${PYTHONPATH} /usr/bin/python3 -W ignore:setup.py install is deprecated -W ignore:easy_install command is deprecated setup.py egg_info --egg-base ../../../build/joy_stick_pkg build --build-base /home/luke/Projects/robots/ros-meal-prep/build/joy_stick_pkg/build install --record /home/luke/Projects/robots/ros-meal-prep/build/joy_stick_pkg/install.log --single-version-externally-managed install_data
