[0.052s] DEBUG:colcon:Command line arguments: ['/usr/bin/colcon', 'build']
[0.052s] DEBUG:colcon:Parsed command line arguments: Namespace(log_base=None, log_level=None, verb_name='build', build_base='build', install_base='install', merge_install=False, symlink_install=False, test_result_base=None, continue_on_error=False, executor='parallel', parallel_workers=16, event_handlers=None, ignore_user_meta=False, metas=['./colcon.meta'], base_paths=['.'], packages_ignore=None, packages_ignore_regex=None, paths=None, packages_up_to=None, packages_up_to_regex=None, packages_above=None, packages_above_and_dependencies=None, packages_above_depth=None, packages_select_by_dep=None, packages_skip_by_dep=None, packages_skip_up_to=None, packages_select_build_failed=False, packages_skip_build_finished=False, packages_select_test_failures=False, packages_skip_test_passed=False, packages_select=None, packages_skip=None, packages_select_regex=None, packages_skip_regex=None, packages_start=None, packages_end=None, allow_overriding=[], cmake_args=None, cmake_target=None, cmake_target_skip_unavailable=False, cmake_clean_cache=False, cmake_clean_first=False, cmake_force_configure=False, ament_cmake_args=None, catkin_cmake_args=None, catkin_skip_building_tests=False, mixin_files=None, mixin=None, verb_parser=<colcon_mixin.mixin.mixin_argument.MixinArgumentDecorator object at 0x75fd744bfbe0>, verb_extension=<colcon_core.verb.build.BuildVerb object at 0x75fd74604b80>, main=<bound method BuildVerb.main of <colcon_core.verb.build.BuildVerb object at 0x75fd74604b80>>, mixin_verb=('build',))
[0.117s] Level 1:colcon.colcon_core.package_discovery:discover_packages(colcon_meta) check parameters
[0.117s] Level 1:colcon.colcon_core.package_discovery:discover_packages(recursive) check parameters
[0.117s] Level 1:colcon.colcon_core.package_discovery:discover_packages(ignore) check parameters
[0.117s] Level 1:colcon.colcon_core.package_discovery:discover_packages(path) check parameters
[0.117s] Level 1:colcon.colcon_core.package_discovery:discover_packages(colcon_meta) discover
[0.117s] Level 1:colcon.colcon_core.package_discovery:discover_packages(recursive) discover
[0.117s] INFO:colcon.colcon_core.package_discovery:Crawling recursively for packages in '/home/luke/Projects/robots/ros-meal-prep/src'
[0.118s] Level 1:colcon.colcon_core.package_identification:_identify(.) by extensions ['ignore', 'ignore_ament_install']
[0.118s] Level 1:colcon.colcon_core.package_identification:_identify(.) by extension 'ignore'
[0.118s] Level 1:colcon.colcon_core.package_identification:_identify(.) by extension 'ignore_ament_install'
[0.118s] Level 1:colcon.colcon_core.package_identification:_identify(.) by extensions ['colcon_pkg']
[0.118s] Level 1:colcon.colcon_core.package_identification:_identify(.) by extension 'colcon_pkg'
[0.118s] Level 1:colcon.colcon_core.package_identification:_identify(.) by extensions ['colcon_meta']
[0.118s] Level 1:colcon.colcon_core.package_identification:_identify(.) by extension 'colcon_meta'
[0.118s] Level 1:colcon.colcon_core.package_identification:_identify(.) by extensions ['ros']
[0.118s] Level 1:colcon.colcon_core.package_identification:_identify(.) by extension 'ros'
[0.123s] Level 1:colcon.colcon_core.package_identification:_identify(.) by extensions ['cmake', 'python']
[0.123s] Level 1:colcon.colcon_core.package_identification:_identify(.) by extension 'cmake'
[0.123s] Level 1:colcon.colcon_core.package_identification:_identify(.) by extension 'python'
[0.123s] Level 1:colcon.colcon_core.package_identification:_identify(.) by extensions ['python_setup_py']
[0.123s] Level 1:colcon.colcon_core.package_identification:_identify(.) by extension 'python_setup_py'
[0.124s] Level 1:colcon.colcon_core.package_identification:_identify(build) by extensions ['ignore', 'ignore_ament_install']
[0.124s] Level 1:colcon.colcon_core.package_identification:_identify(build) by extension 'ignore'
[0.124s] Level 1:colcon.colcon_core.package_identification:_identify(build) ignored
[0.124s] Level 1:colcon.colcon_core.package_identification:_identify(image_processing_pkg) by extensions ['ignore', 'ignore_ament_install']
[0.124s] Level 1:colcon.colcon_core.package_identification:_identify(image_processing_pkg) by extension 'ignore'
[0.124s] Level 1:colcon.colcon_core.package_identification:_identify(image_processing_pkg) by extension 'ignore_ament_install'
[0.124s] Level 1:colcon.colcon_core.package_identification:_identify(image_processing_pkg) by extensions ['colcon_pkg']
[0.124s] Level 1:colcon.colcon_core.package_identification:_identify(image_processing_pkg) by extension 'colcon_pkg'
[0.124s] Level 1:colcon.colcon_core.package_identification:_identify(image_processing_pkg) by extensions ['colcon_meta']
[0.124s] Level 1:colcon.colcon_core.package_identification:_identify(image_processing_pkg) by extension 'colcon_meta'
[0.124s] Level 1:colcon.colcon_core.package_identification:_identify(image_processing_pkg) by extensions ['ros']
[0.124s] Level 1:colcon.colcon_core.package_identification:_identify(image_processing_pkg) by extension 'ros'
[0.125s] DEBUG:colcon.colcon_core.package_identification:Package 'image_processing_pkg' with type 'ros.ament_python' and name 'image_processing_pkg'
[0.125s] Level 1:colcon.colcon_core.package_identification:_identify(install) by extensions ['ignore', 'ignore_ament_install']
[0.125s] Level 1:colcon.colcon_core.package_identification:_identify(install) by extension 'ignore'
[0.125s] Level 1:colcon.colcon_core.package_identification:_identify(install) ignored
[0.125s] Level 1:colcon.colcon_core.package_identification:_identify(log) by extensions ['ignore', 'ignore_ament_install']
[0.125s] Level 1:colcon.colcon_core.package_identification:_identify(log) by extension 'ignore'
[0.125s] Level 1:colcon.colcon_core.package_identification:_identify(log) ignored
[0.125s] Level 1:colcon.colcon_core.package_identification:_identify(painting_pkg) by extensions ['ignore', 'ignore_ament_install']
[0.125s] Level 1:colcon.colcon_core.package_identification:_identify(painting_pkg) by extension 'ignore'
[0.125s] Level 1:colcon.colcon_core.package_identification:_identify(painting_pkg) by extension 'ignore_ament_install'
[0.125s] Level 1:colcon.colcon_core.package_identification:_identify(painting_pkg) by extensions ['colcon_pkg']
[0.125s] Level 1:colcon.colcon_core.package_identification:_identify(painting_pkg) by extension 'colcon_pkg'
[0.125s] Level 1:colcon.colcon_core.package_identification:_identify(painting_pkg) by extensions ['colcon_meta']
[0.125s] Level 1:colcon.colcon_core.package_identification:_identify(painting_pkg) by extension 'colcon_meta'
[0.125s] Level 1:colcon.colcon_core.package_identification:_identify(painting_pkg) by extensions ['ros']
[0.125s] Level 1:colcon.colcon_core.package_identification:_identify(painting_pkg) by extension 'ros'
[0.126s] DEBUG:colcon.colcon_core.package_identification:Package 'painting_pkg' with type 'ros.ament_python' and name 'painting_pkg'
[0.126s] Level 1:colcon.colcon_core.package_identification:_identify(serial_comm_pkg) by extensions ['ignore', 'ignore_ament_install']
[0.126s] Level 1:colcon.colcon_core.package_identification:_identify(serial_comm_pkg) by extension 'ignore'
[0.126s] Level 1:colcon.colcon_core.package_identification:_identify(serial_comm_pkg) by extension 'ignore_ament_install'
[0.126s] Level 1:colcon.colcon_core.package_identification:_identify(serial_comm_pkg) by extensions ['colcon_pkg']
[0.126s] Level 1:colcon.colcon_core.package_identification:_identify(serial_comm_pkg) by extension 'colcon_pkg'
[0.126s] Level 1:colcon.colcon_core.package_identification:_identify(serial_comm_pkg) by extensions ['colcon_meta']
[0.126s] Level 1:colcon.colcon_core.package_identification:_identify(serial_comm_pkg) by extension 'colcon_meta'
[0.126s] Level 1:colcon.colcon_core.package_identification:_identify(serial_comm_pkg) by extensions ['ros']
[0.126s] Level 1:colcon.colcon_core.package_identification:_identify(serial_comm_pkg) by extension 'ros'
[0.127s] DEBUG:colcon.colcon_core.package_identification:Package 'serial_comm_pkg' with type 'ros.ament_python' and name 'serial_comm_pkg'
[0.127s] Level 1:colcon.colcon_core.package_discovery:discover_packages(recursive) using defaults
[0.127s] Level 1:colcon.colcon_core.package_discovery:discover_packages(ignore) discover
[0.127s] Level 1:colcon.colcon_core.package_discovery:discover_packages(ignore) using defaults
[0.127s] Level 1:colcon.colcon_core.package_discovery:discover_packages(path) discover
[0.127s] Level 1:colcon.colcon_core.package_discovery:discover_packages(path) using defaults
[0.137s] Level 1:colcon.colcon_core.package_discovery:discover_packages(prefix_path) check parameters
[0.137s] Level 1:colcon.colcon_core.package_discovery:discover_packages(prefix_path) discover
[0.138s] Level 1:colcon.colcon_core.package_discovery:discover_packages(prefix_path) using defaults
[0.138s] Level 5:colcon.colcon_core.verb:set package 'image_processing_pkg' build argument 'cmake_args' from command line to 'None'
[0.138s] Level 5:colcon.colcon_core.verb:set package 'image_processing_pkg' build argument 'cmake_target' from command line to 'None'
[0.138s] Level 5:colcon.colcon_core.verb:set package 'image_processing_pkg' build argument 'cmake_target_skip_unavailable' from command line to 'False'
[0.138s] Level 5:colcon.colcon_core.verb:set package 'image_processing_pkg' build argument 'cmake_clean_cache' from command line to 'False'
[0.138s] Level 5:colcon.colcon_core.verb:set package 'image_processing_pkg' build argument 'cmake_clean_first' from command line to 'False'
[0.138s] Level 5:colcon.colcon_core.verb:set package 'image_processing_pkg' build argument 'cmake_force_configure' from command line to 'False'
[0.138s] Level 5:colcon.colcon_core.verb:set package 'image_processing_pkg' build argument 'ament_cmake_args' from command line to 'None'
[0.138s] Level 5:colcon.colcon_core.verb:set package 'image_processing_pkg' build argument 'catkin_cmake_args' from command line to 'None'
[0.138s] Level 5:colcon.colcon_core.verb:set package 'image_processing_pkg' build argument 'catkin_skip_building_tests' from command line to 'False'
[0.138s] DEBUG:colcon.colcon_core.verb:Building package 'image_processing_pkg' with the following arguments: {'ament_cmake_args': None, 'build_base': '/home/luke/Projects/robots/ros-meal-prep/src/build/image_processing_pkg', 'catkin_cmake_args': None, 'catkin_skip_building_tests': False, 'cmake_args': None, 'cmake_clean_cache': False, 'cmake_clean_first': False, 'cmake_force_configure': False, 'cmake_target': None, 'cmake_target_skip_unavailable': False, 'install_base': '/home/luke/Projects/robots/ros-meal-prep/src/install/image_processing_pkg', 'merge_install': False, 'path': '/home/luke/Projects/robots/ros-meal-prep/src/image_processing_pkg', 'symlink_install': False, 'test_result_base': None}
[0.139s] Level 5:colcon.colcon_core.verb:set package 'painting_pkg' build argument 'cmake_args' from command line to 'None'
[0.139s] Level 5:colcon.colcon_core.verb:set package 'painting_pkg' build argument 'cmake_target' from command line to 'None'
[0.139s] Level 5:colcon.colcon_core.verb:set package 'painting_pkg' build argument 'cmake_target_skip_unavailable' from command line to 'False'
[0.139s] Level 5:colcon.colcon_core.verb:set package 'painting_pkg' build argument 'cmake_clean_cache' from command line to 'False'
[0.139s] Level 5:colcon.colcon_core.verb:set package 'painting_pkg' build argument 'cmake_clean_first' from command line to 'False'
[0.139s] Level 5:colcon.colcon_core.verb:set package 'painting_pkg' build argument 'cmake_force_configure' from command line to 'False'
[0.139s] Level 5:colcon.colcon_core.verb:set package 'painting_pkg' build argument 'ament_cmake_args' from command line to 'None'
[0.139s] Level 5:colcon.colcon_core.verb:set package 'painting_pkg' build argument 'catkin_cmake_args' from command line to 'None'
[0.139s] Level 5:colcon.colcon_core.verb:set package 'painting_pkg' build argument 'catkin_skip_building_tests' from command line to 'False'
[0.139s] DEBUG:colcon.colcon_core.verb:Building package 'painting_pkg' with the following arguments: {'ament_cmake_args': None, 'build_base': '/home/luke/Projects/robots/ros-meal-prep/src/build/painting_pkg', 'catkin_cmake_args': None, 'catkin_skip_building_tests': False, 'cmake_args': None, 'cmake_clean_cache': False, 'cmake_clean_first': False, 'cmake_force_configure': False, 'cmake_target': None, 'cmake_target_skip_unavailable': False, 'install_base': '/home/luke/Projects/robots/ros-meal-prep/src/install/painting_pkg', 'merge_install': False, 'path': '/home/luke/Projects/robots/ros-meal-prep/src/painting_pkg', 'symlink_install': False, 'test_result_base': None}
[0.139s] Level 5:colcon.colcon_core.verb:set package 'serial_comm_pkg' build argument 'cmake_args' from command line to 'None'
[0.139s] Level 5:colcon.colcon_core.verb:set package 'serial_comm_pkg' build argument 'cmake_target' from command line to 'None'
[0.139s] Level 5:colcon.colcon_core.verb:set package 'serial_comm_pkg' build argument 'cmake_target_skip_unavailable' from command line to 'False'
[0.139s] Level 5:colcon.colcon_core.verb:set package 'serial_comm_pkg' build argument 'cmake_clean_cache' from command line to 'False'
[0.139s] Level 5:colcon.colcon_core.verb:set package 'serial_comm_pkg' build argument 'cmake_clean_first' from command line to 'False'
[0.139s] Level 5:colcon.colcon_core.verb:set package 'serial_comm_pkg' build argument 'cmake_force_configure' from command line to 'False'
[0.139s] Level 5:colcon.colcon_core.verb:set package 'serial_comm_pkg' build argument 'ament_cmake_args' from command line to 'None'
[0.139s] Level 5:colcon.colcon_core.verb:set package 'serial_comm_pkg' build argument 'catkin_cmake_args' from command line to 'None'
[0.139s] Level 5:colcon.colcon_core.verb:set package 'serial_comm_pkg' build argument 'catkin_skip_building_tests' from command line to 'False'
[0.139s] DEBUG:colcon.colcon_core.verb:Building package 'serial_comm_pkg' with the following arguments: {'ament_cmake_args': None, 'build_base': '/home/luke/Projects/robots/ros-meal-prep/src/build/serial_comm_pkg', 'catkin_cmake_args': None, 'catkin_skip_building_tests': False, 'cmake_args': None, 'cmake_clean_cache': False, 'cmake_clean_first': False, 'cmake_force_configure': False, 'cmake_target': None, 'cmake_target_skip_unavailable': False, 'install_base': '/home/luke/Projects/robots/ros-meal-prep/src/install/serial_comm_pkg', 'merge_install': False, 'path': '/home/luke/Projects/robots/ros-meal-prep/src/serial_comm_pkg', 'symlink_install': False, 'test_result_base': None}
[0.139s] INFO:colcon.colcon_core.executor:Executing jobs using 'parallel' executor
[0.140s] DEBUG:colcon.colcon_parallel_executor.executor.parallel:run_until_complete
[0.140s] INFO:colcon.colcon_ros.task.ament_python.build:Building ROS package in '/home/luke/Projects/robots/ros-meal-prep/src/image_processing_pkg' with build type 'ament_python'
[0.140s] Level 1:colcon.colcon_core.shell:create_environment_hook('image_processing_pkg', 'ament_prefix_path')
[0.142s] INFO:colcon.colcon_core.plugin_system:Skipping extension 'colcon_core.shell.bat': Not used on non-Windows systems
[0.142s] INFO:colcon.colcon_core.shell:Creating environment hook '/home/luke/Projects/robots/ros-meal-prep/src/install/image_processing_pkg/share/image_processing_pkg/hook/ament_prefix_path.ps1'
[0.142s] INFO:colcon.colcon_core.shell:Creating environment descriptor '/home/luke/Projects/robots/ros-meal-prep/src/install/image_processing_pkg/share/image_processing_pkg/hook/ament_prefix_path.dsv'
[0.142s] INFO:colcon.colcon_core.shell:Creating environment hook '/home/luke/Projects/robots/ros-meal-prep/src/install/image_processing_pkg/share/image_processing_pkg/hook/ament_prefix_path.sh'
[0.143s] INFO:colcon.colcon_core.shell:Skip shell extension 'powershell' for command environment: Not usable outside of PowerShell
[0.143s] DEBUG:colcon.colcon_core.shell:Skip shell extension 'dsv' for command environment
[0.144s] INFO:colcon.colcon_ros.task.ament_python.build:Building ROS package in '/home/luke/Projects/robots/ros-meal-prep/src/painting_pkg' with build type 'ament_python'
[0.144s] Level 1:colcon.colcon_core.shell:create_environment_hook('painting_pkg', 'ament_prefix_path')
[0.144s] INFO:colcon.colcon_core.shell:Creating environment hook '/home/luke/Projects/robots/ros-meal-prep/src/install/painting_pkg/share/painting_pkg/hook/ament_prefix_path.ps1'
[0.145s] INFO:colcon.colcon_core.shell:Creating environment descriptor '/home/luke/Projects/robots/ros-meal-prep/src/install/painting_pkg/share/painting_pkg/hook/ament_prefix_path.dsv'
[0.145s] INFO:colcon.colcon_core.shell:Creating environment hook '/home/luke/Projects/robots/ros-meal-prep/src/install/painting_pkg/share/painting_pkg/hook/ament_prefix_path.sh'
[0.145s] INFO:colcon.colcon_core.shell:Skip shell extension 'powershell' for command environment: Not usable outside of PowerShell
[0.145s] DEBUG:colcon.colcon_core.shell:Skip shell extension 'dsv' for command environment
[0.146s] INFO:colcon.colcon_ros.task.ament_python.build:Building ROS package in '/home/luke/Projects/robots/ros-meal-prep/src/serial_comm_pkg' with build type 'ament_python'
[0.146s] Level 1:colcon.colcon_core.shell:create_environment_hook('serial_comm_pkg', 'ament_prefix_path')
[0.146s] INFO:colcon.colcon_core.shell:Creating environment hook '/home/luke/Projects/robots/ros-meal-prep/src/install/serial_comm_pkg/share/serial_comm_pkg/hook/ament_prefix_path.ps1'
[0.148s] INFO:colcon.colcon_core.shell:Creating environment descriptor '/home/luke/Projects/robots/ros-meal-prep/src/install/serial_comm_pkg/share/serial_comm_pkg/hook/ament_prefix_path.dsv'
[0.148s] INFO:colcon.colcon_core.shell:Creating environment hook '/home/luke/Projects/robots/ros-meal-prep/src/install/serial_comm_pkg/share/serial_comm_pkg/hook/ament_prefix_path.sh'
[0.148s] INFO:colcon.colcon_core.shell:Skip shell extension 'powershell' for command environment: Not usable outside of PowerShell
[0.148s] DEBUG:colcon.colcon_core.shell:Skip shell extension 'dsv' for command environment
[0.277s] INFO:colcon.colcon_core.task.python.build:Building Python package in '/home/luke/Projects/robots/ros-meal-prep/src/image_processing_pkg'
[0.277s] INFO:colcon.colcon_core.shell:Skip shell extension 'powershell' for command environment: Not usable outside of PowerShell
[0.277s] DEBUG:colcon.colcon_core.shell:Skip shell extension 'dsv' for command environment
[0.404s] INFO:colcon.colcon_core.task.python.build:Building Python package in '/home/luke/Projects/robots/ros-meal-prep/src/painting_pkg'
[0.404s] INFO:colcon.colcon_core.shell:Skip shell extension 'powershell' for command environment: Not usable outside of PowerShell
[0.404s] DEBUG:colcon.colcon_core.shell:Skip shell extension 'dsv' for command environment
[0.533s] INFO:colcon.colcon_core.task.python.build:Building Python package in '/home/luke/Projects/robots/ros-meal-prep/src/serial_comm_pkg'
[0.533s] INFO:colcon.colcon_core.shell:Skip shell extension 'powershell' for command environment: Not usable outside of PowerShell
[0.533s] DEBUG:colcon.colcon_core.shell:Skip shell extension 'dsv' for command environment
[0.718s] DEBUG:colcon.colcon_core.event_handler.log_command:Invoking command in '/home/luke/Projects/robots/ros-meal-prep/src/painting_pkg': PYTHONPATH=/home/luke/Projects/robots/ros-meal-prep/src/build/painting_pkg/prefix_override:/usr/lib/python3/dist-packages/colcon_core/task/python/colcon_distutils_commands:/home/luke/Projects/robots/ros-meal-prep/src/install/painting_pkg/lib/python3.10/site-packages: /usr/bin/python3 -W ignore:setup.py install is deprecated -W ignore:easy_install command is deprecated setup.py egg_info --egg-base ../build/painting_pkg build --build-base /home/luke/Projects/robots/ros-meal-prep/src/build/painting_pkg/build install --record /home/luke/Projects/robots/ros-meal-prep/src/build/painting_pkg/install.log --single-version-externally-managed install_data
[0.720s] DEBUG:colcon.colcon_core.event_handler.log_command:Invoking command in '/home/luke/Projects/robots/ros-meal-prep/src/image_processing_pkg': PYTHONPATH=/home/luke/Projects/robots/ros-meal-prep/src/build/image_processing_pkg/prefix_override:/usr/lib/python3/dist-packages/colcon_core/task/python/colcon_distutils_commands:/home/luke/Projects/robots/ros-meal-prep/src/install/image_processing_pkg/lib/python3.10/site-packages: /usr/bin/python3 -W ignore:setup.py install is deprecated -W ignore:easy_install command is deprecated setup.py egg_info --egg-base ../build/image_processing_pkg build --build-base /home/luke/Projects/robots/ros-meal-prep/src/build/image_processing_pkg/build install --record /home/luke/Projects/robots/ros-meal-prep/src/build/image_processing_pkg/install.log --single-version-externally-managed install_data
[0.721s] DEBUG:colcon.colcon_core.event_handler.log_command:Invoking command in '/home/luke/Projects/robots/ros-meal-prep/src/serial_comm_pkg': PYTHONPATH=/home/luke/Projects/robots/ros-meal-prep/src/build/serial_comm_pkg/prefix_override:/usr/lib/python3/dist-packages/colcon_core/task/python/colcon_distutils_commands:/home/luke/Projects/robots/ros-meal-prep/src/install/serial_comm_pkg/lib/python3.10/site-packages: /usr/bin/python3 -W ignore:setup.py install is deprecated -W ignore:easy_install command is deprecated setup.py egg_info --egg-base ../build/serial_comm_pkg build --build-base /home/luke/Projects/robots/ros-meal-prep/src/build/serial_comm_pkg/build install --record /home/luke/Projects/robots/ros-meal-prep/src/build/serial_comm_pkg/install.log --single-version-externally-managed install_data
[0.875s] DEBUG:colcon.colcon_core.event_handler.log_command:Invoked command in '/home/luke/Projects/robots/ros-meal-prep/src/image_processing_pkg' returned '0': PYTHONPATH=/home/luke/Projects/robots/ros-meal-prep/src/build/image_processing_pkg/prefix_override:/usr/lib/python3/dist-packages/colcon_core/task/python/colcon_distutils_commands:/home/luke/Projects/robots/ros-meal-prep/src/install/image_processing_pkg/lib/python3.10/site-packages: /usr/bin/python3 -W ignore:setup.py install is deprecated -W ignore:easy_install command is deprecated setup.py egg_info --egg-base ../build/image_processing_pkg build --build-base /home/luke/Projects/robots/ros-meal-prep/src/build/image_processing_pkg/build install --record /home/luke/Projects/robots/ros-meal-prep/src/build/image_processing_pkg/install.log --single-version-externally-managed install_data
[0.876s] Level 1:colcon.colcon_core.environment:checking '/home/luke/Projects/robots/ros-meal-prep/src/install/image_processing_pkg' for CMake module files
[0.877s] Level 1:colcon.colcon_core.environment:checking '/home/luke/Projects/robots/ros-meal-prep/src/install/image_processing_pkg' for CMake config files
[0.877s] Level 1:colcon.colcon_core.environment:checking '/home/luke/Projects/robots/ros-meal-prep/src/install/image_processing_pkg/lib'
[0.877s] Level 1:colcon.colcon_core.environment:checking '/home/luke/Projects/robots/ros-meal-prep/src/install/image_processing_pkg/bin'
[0.877s] Level 1:colcon.colcon_core.environment:checking '/home/luke/Projects/robots/ros-meal-prep/src/install/image_processing_pkg/lib/pkgconfig/image_processing_pkg.pc'
[0.878s] Level 1:colcon.colcon_core.environment:checking '/home/luke/Projects/robots/ros-meal-prep/src/install/image_processing_pkg/lib/python3.10/site-packages'
[0.878s] Level 1:colcon.colcon_core.shell:create_environment_hook('image_processing_pkg', 'pythonpath')
[0.878s] INFO:colcon.colcon_core.shell:Creating environment hook '/home/luke/Projects/robots/ros-meal-prep/src/install/image_processing_pkg/share/image_processing_pkg/hook/pythonpath.ps1'
[0.878s] INFO:colcon.colcon_core.shell:Creating environment descriptor '/home/luke/Projects/robots/ros-meal-prep/src/install/image_processing_pkg/share/image_processing_pkg/hook/pythonpath.dsv'
[0.878s] INFO:colcon.colcon_core.shell:Creating environment hook '/home/luke/Projects/robots/ros-meal-prep/src/install/image_processing_pkg/share/image_processing_pkg/hook/pythonpath.sh'
[0.879s] Level 1:colcon.colcon_core.environment:checking '/home/luke/Projects/robots/ros-meal-prep/src/install/image_processing_pkg/bin'
[0.879s] Level 1:colcon.colcon_core.environment:create_environment_scripts_only(image_processing_pkg)
[0.879s] INFO:colcon.colcon_core.shell:Creating package script '/home/luke/Projects/robots/ros-meal-prep/src/install/image_processing_pkg/share/image_processing_pkg/package.ps1'
[0.879s] INFO:colcon.colcon_core.shell:Creating package descriptor '/home/luke/Projects/robots/ros-meal-prep/src/install/image_processing_pkg/share/image_processing_pkg/package.dsv'
[0.880s] INFO:colcon.colcon_core.shell:Creating package script '/home/luke/Projects/robots/ros-meal-prep/src/install/image_processing_pkg/share/image_processing_pkg/package.sh'
[0.880s] INFO:colcon.colcon_core.shell:Creating package script '/home/luke/Projects/robots/ros-meal-prep/src/install/image_processing_pkg/share/image_processing_pkg/package.bash'
[0.881s] INFO:colcon.colcon_core.shell:Creating package script '/home/luke/Projects/robots/ros-meal-prep/src/install/image_processing_pkg/share/image_processing_pkg/package.zsh'
[0.881s] Level 1:colcon.colcon_core.environment:create_file_with_runtime_dependencies(/home/luke/Projects/robots/ros-meal-prep/src/install/image_processing_pkg/share/colcon-core/packages/image_processing_pkg)
[0.882s] Level 1:colcon.colcon_core.environment:checking '/home/luke/Projects/robots/ros-meal-prep/src/install/painting_pkg' for CMake module files
[0.882s] DEBUG:colcon.colcon_core.event_handler.log_command:Invoked command in '/home/luke/Projects/robots/ros-meal-prep/src/painting_pkg' returned '0': PYTHONPATH=/home/luke/Projects/robots/ros-meal-prep/src/build/painting_pkg/prefix_override:/usr/lib/python3/dist-packages/colcon_core/task/python/colcon_distutils_commands:/home/luke/Projects/robots/ros-meal-prep/src/install/painting_pkg/lib/python3.10/site-packages: /usr/bin/python3 -W ignore:setup.py install is deprecated -W ignore:easy_install command is deprecated setup.py egg_info --egg-base ../build/painting_pkg build --build-base /home/luke/Projects/robots/ros-meal-prep/src/build/painting_pkg/build install --record /home/luke/Projects/robots/ros-meal-prep/src/build/painting_pkg/install.log --single-version-externally-managed install_data
[0.883s] Level 1:colcon.colcon_core.environment:checking '/home/luke/Projects/robots/ros-meal-prep/src/install/painting_pkg' for CMake config files
[0.883s] Level 1:colcon.colcon_core.environment:checking '/home/luke/Projects/robots/ros-meal-prep/src/install/painting_pkg/lib'
[0.883s] Level 1:colcon.colcon_core.environment:checking '/home/luke/Projects/robots/ros-meal-prep/src/install/painting_pkg/bin'
[0.883s] Level 1:colcon.colcon_core.environment:checking '/home/luke/Projects/robots/ros-meal-prep/src/install/painting_pkg/lib/pkgconfig/painting_pkg.pc'
[0.883s] Level 1:colcon.colcon_core.environment:checking '/home/luke/Projects/robots/ros-meal-prep/src/install/painting_pkg/lib/python3.10/site-packages'
[0.883s] Level 1:colcon.colcon_core.shell:create_environment_hook('painting_pkg', 'pythonpath')
[0.883s] INFO:colcon.colcon_core.shell:Creating environment hook '/home/luke/Projects/robots/ros-meal-prep/src/install/painting_pkg/share/painting_pkg/hook/pythonpath.ps1'
[0.884s] INFO:colcon.colcon_core.shell:Creating environment descriptor '/home/luke/Projects/robots/ros-meal-prep/src/install/painting_pkg/share/painting_pkg/hook/pythonpath.dsv'
[0.884s] INFO:colcon.colcon_core.shell:Creating environment hook '/home/luke/Projects/robots/ros-meal-prep/src/install/painting_pkg/share/painting_pkg/hook/pythonpath.sh'
[0.884s] Level 1:colcon.colcon_core.environment:checking '/home/luke/Projects/robots/ros-meal-prep/src/install/painting_pkg/bin'
[0.884s] Level 1:colcon.colcon_core.environment:create_environment_scripts_only(painting_pkg)
[0.884s] INFO:colcon.colcon_core.shell:Creating package script '/home/luke/Projects/robots/ros-meal-prep/src/install/painting_pkg/share/painting_pkg/package.ps1'
[0.885s] INFO:colcon.colcon_core.shell:Creating package descriptor '/home/luke/Projects/robots/ros-meal-prep/src/install/painting_pkg/share/painting_pkg/package.dsv'
[0.885s] INFO:colcon.colcon_core.shell:Creating package script '/home/luke/Projects/robots/ros-meal-prep/src/install/painting_pkg/share/painting_pkg/package.sh'
[0.885s] INFO:colcon.colcon_core.shell:Creating package script '/home/luke/Projects/robots/ros-meal-prep/src/install/painting_pkg/share/painting_pkg/package.bash'
[0.885s] INFO:colcon.colcon_core.shell:Creating package script '/home/luke/Projects/robots/ros-meal-prep/src/install/painting_pkg/share/painting_pkg/package.zsh'
[0.886s] Level 1:colcon.colcon_core.environment:create_file_with_runtime_dependencies(/home/luke/Projects/robots/ros-meal-prep/src/install/painting_pkg/share/colcon-core/packages/painting_pkg)
[0.886s] Level 1:colcon.colcon_core.environment:checking '/home/luke/Projects/robots/ros-meal-prep/src/install/serial_comm_pkg' for CMake module files
[0.887s] Level 1:colcon.colcon_core.environment:checking '/home/luke/Projects/robots/ros-meal-prep/src/install/serial_comm_pkg' for CMake config files
[0.887s] DEBUG:colcon.colcon_core.event_handler.log_command:Invoked command in '/home/luke/Projects/robots/ros-meal-prep/src/serial_comm_pkg' returned '0': PYTHONPATH=/home/luke/Projects/robots/ros-meal-prep/src/build/serial_comm_pkg/prefix_override:/usr/lib/python3/dist-packages/colcon_core/task/python/colcon_distutils_commands:/home/luke/Projects/robots/ros-meal-prep/src/install/serial_comm_pkg/lib/python3.10/site-packages: /usr/bin/python3 -W ignore:setup.py install is deprecated -W ignore:easy_install command is deprecated setup.py egg_info --egg-base ../build/serial_comm_pkg build --build-base /home/luke/Projects/robots/ros-meal-prep/src/build/serial_comm_pkg/build install --record /home/luke/Projects/robots/ros-meal-prep/src/build/serial_comm_pkg/install.log --single-version-externally-managed install_data
[0.887s] Level 1:colcon.colcon_core.environment:checking '/home/luke/Projects/robots/ros-meal-prep/src/install/serial_comm_pkg/lib'
[0.887s] Level 1:colcon.colcon_core.environment:checking '/home/luke/Projects/robots/ros-meal-prep/src/install/serial_comm_pkg/bin'
[0.887s] Level 1:colcon.colcon_core.environment:checking '/home/luke/Projects/robots/ros-meal-prep/src/install/serial_comm_pkg/lib/pkgconfig/serial_comm_pkg.pc'
[0.887s] Level 1:colcon.colcon_core.environment:checking '/home/luke/Projects/robots/ros-meal-prep/src/install/serial_comm_pkg/lib/python3.10/site-packages'
[0.887s] Level 1:colcon.colcon_core.shell:create_environment_hook('serial_comm_pkg', 'pythonpath')
[0.888s] INFO:colcon.colcon_core.shell:Creating environment hook '/home/luke/Projects/robots/ros-meal-prep/src/install/serial_comm_pkg/share/serial_comm_pkg/hook/pythonpath.ps1'
[0.888s] INFO:colcon.colcon_core.shell:Creating environment descriptor '/home/luke/Projects/robots/ros-meal-prep/src/install/serial_comm_pkg/share/serial_comm_pkg/hook/pythonpath.dsv'
[0.888s] INFO:colcon.colcon_core.shell:Creating environment hook '/home/luke/Projects/robots/ros-meal-prep/src/install/serial_comm_pkg/share/serial_comm_pkg/hook/pythonpath.sh'
[0.888s] Level 1:colcon.colcon_core.environment:checking '/home/luke/Projects/robots/ros-meal-prep/src/install/serial_comm_pkg/bin'
[0.888s] Level 1:colcon.colcon_core.environment:create_environment_scripts_only(serial_comm_pkg)
[0.889s] INFO:colcon.colcon_core.shell:Creating package script '/home/luke/Projects/robots/ros-meal-prep/src/install/serial_comm_pkg/share/serial_comm_pkg/package.ps1'
[0.889s] INFO:colcon.colcon_core.shell:Creating package descriptor '/home/luke/Projects/robots/ros-meal-prep/src/install/serial_comm_pkg/share/serial_comm_pkg/package.dsv'
[0.889s] INFO:colcon.colcon_core.shell:Creating package script '/home/luke/Projects/robots/ros-meal-prep/src/install/serial_comm_pkg/share/serial_comm_pkg/package.sh'
[0.889s] INFO:colcon.colcon_core.shell:Creating package script '/home/luke/Projects/robots/ros-meal-prep/src/install/serial_comm_pkg/share/serial_comm_pkg/package.bash'
[0.890s] INFO:colcon.colcon_core.shell:Creating package script '/home/luke/Projects/robots/ros-meal-prep/src/install/serial_comm_pkg/share/serial_comm_pkg/package.zsh'
[0.890s] Level 1:colcon.colcon_core.environment:create_file_with_runtime_dependencies(/home/luke/Projects/robots/ros-meal-prep/src/install/serial_comm_pkg/share/colcon-core/packages/serial_comm_pkg)
[0.890s] DEBUG:colcon.colcon_parallel_executor.executor.parallel:closing loop
[0.890s] DEBUG:colcon.colcon_parallel_executor.executor.parallel:loop closed
[0.890s] DEBUG:colcon.colcon_parallel_executor.executor.parallel:run_until_complete finished with '0'
[0.890s] DEBUG:colcon.colcon_core.event_reactor:joining thread
[0.895s] INFO:colcon.colcon_core.plugin_system:Skipping extension 'colcon_notification.desktop_notification.terminal_notifier': Not used on non-Darwin systems
[0.895s] INFO:colcon.colcon_core.plugin_system:Skipping extension 'colcon_notification.desktop_notification.win32': Not used on non-Windows systems
[0.895s] INFO:colcon.colcon_notification.desktop_notification:Sending desktop notification using 'notify2'
[0.898s] DEBUG:colcon.colcon_notification.desktop_notification.notify2:Failed to initialize notify2: org.freedesktop.DBus.Error.Spawn.ExecFailed: /usr/bin/dbus-launch terminated abnormally without any error message
[0.898s] DEBUG:colcon.colcon_core.event_reactor:joined thread
[0.898s] INFO:colcon.colcon_core.shell:Creating prefix script '/home/luke/Projects/robots/ros-meal-prep/src/install/local_setup.ps1'
[0.899s] INFO:colcon.colcon_core.shell:Creating prefix util module '/home/luke/Projects/robots/ros-meal-prep/src/install/_local_setup_util_ps1.py'
[0.900s] INFO:colcon.colcon_core.shell:Creating prefix chain script '/home/luke/Projects/robots/ros-meal-prep/src/install/setup.ps1'
[0.901s] INFO:colcon.colcon_core.shell:Creating prefix script '/home/luke/Projects/robots/ros-meal-prep/src/install/local_setup.sh'
[0.901s] INFO:colcon.colcon_core.shell:Creating prefix util module '/home/luke/Projects/robots/ros-meal-prep/src/install/_local_setup_util_sh.py'
[0.901s] INFO:colcon.colcon_core.shell:Creating prefix chain script '/home/luke/Projects/robots/ros-meal-prep/src/install/setup.sh'
[0.902s] INFO:colcon.colcon_core.shell:Creating prefix script '/home/luke/Projects/robots/ros-meal-prep/src/install/local_setup.bash'
[0.902s] INFO:colcon.colcon_core.shell:Creating prefix chain script '/home/luke/Projects/robots/ros-meal-prep/src/install/setup.bash'
[0.916s] INFO:colcon.colcon_core.shell:Creating prefix script '/home/luke/Projects/robots/ros-meal-prep/src/install/local_setup.zsh'
[0.916s] INFO:colcon.colcon_core.shell:Creating prefix chain script '/home/luke/Projects/robots/ros-meal-prep/src/install/setup.zsh'
